--------------- Build Started: 06/09/2017 11:51:54 Project: RTD Design, Configuration: ARM GCC 4.9-2015-q1-update Debug ---------------
cydsfit.exe -.appdatapath "C:\Users\greg.phillips\AppData\Local\Cypress Semiconductor\PSoC Creator\4.0" -.fdsnotice -.fdswarpdepfile=warp_dependencies.txt -.fdselabdepfile=elab_dependencies.txt -.fdsbldfile=generated_files.txt -.fdsreffile=referenced_files.txt -p "D:\Dropbox\IoT Development\Cypress PSoC Development\RTD Design.cydsn\RTD Design.cyprj" -d CY8C4248BZI-L489 -s "D:\Dropbox\IoT Development\Cypress PSoC Development\RTD Design.cydsn\Generated_Source\PSoC4" -- -yv2 -q10 -ygs -o2 -v3 -.fftcfgtype=LE
Elaborating Design...
ADD: sdb.M0061: information: Info from component: ADC_SAR_SEQ. The actual sample rate (25641 SPS) differs from the desired sample rate (25000 SPS) due to the clock configuration in the DWR.
 * D:\Dropbox\IoT Development\Cypress PSoC Development\RTD Design.cydsn\TopDesign\TopDesign.cysch (Instance:ADC_SAR_SEQ)
HDL Generation...
Synthesis...
Tech Mapping...
Info: mpr.M0053: Information from the design wide resources Pin Editor has overridden the control file entry for "LED_BLUE(0)". (App=cydsfit)
Info: mpr.M0053: Information from the design wide resources Pin Editor has overridden the control file entry for "\SPIS:miso_s(0)\". (App=cydsfit)
Info: mpr.M0053: Information from the design wide resources Pin Editor has overridden the control file entry for "\SPIS:sclk_s(0)\". (App=cydsfit)
Info: mpr.M0053: Information from the design wide resources Pin Editor has overridden the control file entry for "\SPIS:mosi_s(0)\". (App=cydsfit)
Info: mpr.M0053: Information from the design wide resources Pin Editor has overridden the control file entry for "LED_GREEN(0)". (App=cydsfit)
Info: mpr.M0053: Information from the design wide resources Pin Editor has overridden the control file entry for "LED_RED(0)". (App=cydsfit)
Analog Placement...
Info: plm.M0038: The pin named LED_GREEN(0) at location [IOP=(5)][IoId=(3)] prevents usage of special purposes: F(OA,3). (App=cydsfit)
Info: plm.M0038: The pin named LED_RED(0) at location [IOP=(5)][IoId=(2)] prevents usage of special purposes: F(OA,2). (App=cydsfit)
Analog Routing...
Analog Code Generation...
Digital Placement...
Digital Routing...
Bitstream Generation...
Bitstream Verification...
Static timing analysis...
API Generation...
Dependency Generation...
Cleanup...
arm-none-eabi-gcc.exe -mcpu=cortex-m0 -mthumb -I. -IGenerated_Source\PSoC4 -Wa,-alh=.\CortexM0\ARM_GCC_493\Debug/main.lst -g -D DEBUG -Wall -ffunction-sections -O0 -ffat-lto-objects -c main.c -o .\CortexM0\ARM_GCC_493\Debug\main.o
arm-none-eabi-gcc.exe -mcpu=cortex-m0 -mthumb -I. -IGenerated_Source\PSoC4 -Wa,-alh=.\CortexM0\ARM_GCC_493\Debug/cypress_slave_spi.lst -g -D DEBUG -Wall -ffunction-sections -O0 -ffat-lto-objects -c cypress_slave_spi.c -o .\CortexM0\ARM_GCC_493\Debug\cypress_slave_spi.o
arm-none-eabi-gcc.exe -mcpu=cortex-m0 -mthumb -I. -IGenerated_Source\PSoC4 -Wa,-alh=.\CortexM0\ARM_GCC_493\Debug/cypress_arduino.lst -g -D DEBUG -Wall -ffunction-sections -O0 -ffat-lto-objects -c cypress_arduino.c -o .\CortexM0\ARM_GCC_493\Debug\cypress_arduino.o
arm-none-eabi-gcc.exe -mcpu=cortex-m0 -mthumb -I. -IGenerated_Source\PSoC4 -Wa,-alh=.\CortexM0\ARM_GCC_493\Debug/sensors.lst -g -D DEBUG -Wall -ffunction-sections -O0 -ffat-lto-objects -c sensors.c -o .\CortexM0\ARM_GCC_493\Debug\sensors.o
arm-none-eabi-gcc.exe -mcpu=cortex-m0 -mthumb -I. -IGenerated_Source\PSoC4 -Wa,-alh=.\CortexM0\ARM_GCC_493\Debug/controls.lst -g -D DEBUG -Wall -ffunction-sections -O0 -ffat-lto-objects -c controls.c -o .\CortexM0\ARM_GCC_493\Debug\controls.o
arm-none-eabi-gcc.exe -mcpu=cortex-m0 -mthumb -I. -IGenerated_Source\PSoC4 -Wa,-alh=.\CortexM0\ARM_GCC_493\Debug/RTD_sensor.lst -g -D DEBUG -Wall -ffunction-sections -O0 -ffat-lto-objects -c RTD_sensor.c -o .\CortexM0\ARM_GCC_493\Debug\RTD_sensor.o
arm-none-eabi-gcc.exe -mcpu=cortex-m0 -mthumb -I. -IGenerated_Source\PSoC4 -Wa,-alh=.\CortexM0\ARM_GCC_493\Debug/switch_sensor.lst -g -D DEBUG -Wall -ffunction-sections -O0 -ffat-lto-objects -c switch_sensor.c -o .\CortexM0\ARM_GCC_493\Debug\switch_sensor.o
arm-none-eabi-gcc.exe -mcpu=cortex-m0 -mthumb -I. -IGenerated_Source\PSoC4 -Wa,-alh=.\CortexM0\ARM_GCC_493\Debug/cyfitter_cfg.lst -g -D DEBUG -Wall -ffunction-sections -O0 -ffat-lto-objects -c Generated_Source\PSoC4\cyfitter_cfg.c -o .\CortexM0\ARM_GCC_493\Debug\cyfitter_cfg.o
arm-none-eabi-gcc.exe -mcpu=cortex-m0 -mthumb -I. -IGenerated_Source\PSoC4 -Wa,-alh=.\CortexM0\ARM_GCC_493\Debug/cymetadata.lst -g -D DEBUG -Wall -ffunction-sections -O0 -ffat-lto-objects -c Generated_Source\PSoC4\cymetadata.c -o .\CortexM0\ARM_GCC_493\Debug\cymetadata.o
arm-none-eabi-gcc.exe -mcpu=cortex-m0 -mthumb -I. -IGenerated_Source\PSoC4 -Wa,-alh=.\CortexM0\ARM_GCC_493\Debug/LED_GREEN.lst -g -D DEBUG -Wall -ffunction-sections -O0 -ffat-lto-objects -c Generated_Source\PSoC4\LED_GREEN.c -o .\CortexM0\ARM_GCC_493\Debug\LED_GREEN.o
arm-none-eabi-gcc.exe -mcpu=cortex-m0 -mthumb -I. -IGenerated_Source\PSoC4 -Wa,-alh=.\CortexM0\ARM_GCC_493\Debug/LED_GREEN_PM.lst -g -D DEBUG -Wall -ffunction-sections -O0 -ffat-lto-objects -c Generated_Source\PSoC4\LED_GREEN_PM.c -o .\CortexM0\ARM_GCC_493\Debug\LED_GREEN_PM.o
arm-none-eabi-gcc.exe -mcpu=cortex-m0 -mthumb -I. -IGenerated_Source\PSoC4 -Wa,-alh=.\CortexM0\ARM_GCC_493\Debug/LED_RED.lst -g -D DEBUG -Wall -ffunction-sections -O0 -ffat-lto-objects -c Generated_Source\PSoC4\LED_RED.c -o .\CortexM0\ARM_GCC_493\Debug\LED_RED.o
arm-none-eabi-gcc.exe -mcpu=cortex-m0 -mthumb -I. -IGenerated_Source\PSoC4 -Wa,-alh=.\CortexM0\ARM_GCC_493\Debug/LED_RED_PM.lst -g -D DEBUG -Wall -ffunction-sections -O0 -ffat-lto-objects -c Generated_Source\PSoC4\LED_RED_PM.c -o .\CortexM0\ARM_GCC_493\Debug\LED_RED_PM.o
arm-none-eabi-gcc.exe -mcpu=cortex-m0 -mthumb -I. -IGenerated_Source\PSoC4 -Wa,-alh=.\CortexM0\ARM_GCC_493\Debug/LED_BLUE.lst -g -D DEBUG -Wall -ffunction-sections -O0 -ffat-lto-objects -c Generated_Source\PSoC4\LED_BLUE.c -o .\CortexM0\ARM_GCC_493\Debug\LED_BLUE.o
arm-none-eabi-gcc.exe -mcpu=cortex-m0 -mthumb -I. -IGenerated_Source\PSoC4 -Wa,-alh=.\CortexM0\ARM_GCC_493\Debug/LED_BLUE_PM.lst -g -D DEBUG -Wall -ffunction-sections -O0 -ffat-lto-objects -c Generated_Source\PSoC4\LED_BLUE_PM.c -o .\CortexM0\ARM_GCC_493\Debug\LED_BLUE_PM.o
arm-none-eabi-gcc.exe -mcpu=cortex-m0 -mthumb -I. -IGenerated_Source\PSoC4 -Wa,-alh=.\CortexM0\ARM_GCC_493\Debug/SPIS.lst -g -D DEBUG -Wall -ffunction-sections -O0 -ffat-lto-objects -c Generated_Source\PSoC4\SPIS.c -o .\CortexM0\ARM_GCC_493\Debug\SPIS.o
arm-none-eabi-gcc.exe -mcpu=cortex-m0 -mthumb -I. -IGenerated_Source\PSoC4 -Wa,-alh=.\CortexM0\ARM_GCC_493\Debug/SPIS_SPI_UART.lst -g -D DEBUG -Wall -ffunction-sections -O0 -ffat-lto-objects -c Generated_Source\PSoC4\SPIS_SPI_UART.c -o .\CortexM0\ARM_GCC_493\Debug\SPIS_SPI_UART.o
arm-none-eabi-gcc.exe -mcpu=cortex-m0 -mthumb -I. -IGenerated_Source\PSoC4 -Wa,-alh=.\CortexM0\ARM_GCC_493\Debug/SPIS_PM.lst -g -D DEBUG -Wall -ffunction-sections -O0 -ffat-lto-objects -c Generated_Source\PSoC4\SPIS_PM.c -o .\CortexM0\ARM_GCC_493\Debug\SPIS_PM.o
arm-none-eabi-gcc.exe -mcpu=cortex-m0 -mthumb -I. -IGenerated_Source\PSoC4 -Wa,-alh=.\CortexM0\ARM_GCC_493\Debug/SPIS_SPI.lst -g -D DEBUG -Wall -ffunction-sections -O0 -ffat-lto-objects -c Generated_Source\PSoC4\SPIS_SPI.c -o .\CortexM0\ARM_GCC_493\Debug\SPIS_SPI.o
arm-none-eabi-gcc.exe -mcpu=cortex-m0 -mthumb -I. -IGenerated_Source\PSoC4 -Wa,-alh=.\CortexM0\ARM_GCC_493\Debug/SPIS_BOOT.lst -g -D DEBUG -Wall -ffunction-sections -O0 -ffat-lto-objects -c Generated_Source\PSoC4\SPIS_BOOT.c -o .\CortexM0\ARM_GCC_493\Debug\SPIS_BOOT.o
arm-none-eabi-gcc.exe -mcpu=cortex-m0 -mthumb -I. -IGenerated_Source\PSoC4 -Wa,-alh=.\CortexM0\ARM_GCC_493\Debug/SPIS_SPI_BOOT.lst -g -D DEBUG -Wall -ffunction-sections -O0 -ffat-lto-objects -c Generated_Source\PSoC4\SPIS_SPI_BOOT.c -o .\CortexM0\ARM_GCC_493\Debug\SPIS_SPI_BOOT.o
arm-none-eabi-gcc.exe -mcpu=cortex-m0 -mthumb -I. -IGenerated_Source\PSoC4 -Wa,-alh=.\CortexM0\ARM_GCC_493\Debug/SPIS_SPI_UART_INT.lst -g -D DEBUG -Wall -ffunction-sections -O0 -ffat-lto-objects -c Generated_Source\PSoC4\SPIS_SPI_UART_INT.c -o .\CortexM0\ARM_GCC_493\Debug\SPIS_SPI_UART_INT.o
arm-none-eabi-gcc.exe -mcpu=cortex-m0 -mthumb -I. -IGenerated_Source\PSoC4 -Wa,-alh=.\CortexM0\ARM_GCC_493\Debug/SPIS_SCBCLK.lst -g -D DEBUG -Wall -ffunction-sections -O0 -ffat-lto-objects -c Generated_Source\PSoC4\SPIS_SCBCLK.c -o .\CortexM0\ARM_GCC_493\Debug\SPIS_SCBCLK.o
arm-none-eabi-gcc.exe -mcpu=cortex-m0 -mthumb -I. -IGenerated_Source\PSoC4 -Wa,-alh=.\CortexM0\ARM_GCC_493\Debug/SPIS_ss_s.lst -g -D DEBUG -Wall -ffunction-sections -O0 -ffat-lto-objects -c Generated_Source\PSoC4\SPIS_ss_s.c -o .\CortexM0\ARM_GCC_493\Debug\SPIS_ss_s.o
arm-none-eabi-gcc.exe -mcpu=cortex-m0 -mthumb -I. -IGenerated_Source\PSoC4 -Wa,-alh=.\CortexM0\ARM_GCC_493\Debug/SPIS_ss_s_PM.lst -g -D DEBUG -Wall -ffunction-sections -O0 -ffat-lto-objects -c Generated_Source\PSoC4\SPIS_ss_s_PM.c -o .\CortexM0\ARM_GCC_493\Debug\SPIS_ss_s_PM.o
arm-none-eabi-gcc.exe -mcpu=cortex-m0 -mthumb -I. -IGenerated_Source\PSoC4 -Wa,-alh=.\CortexM0\ARM_GCC_493\Debug/SPIS_miso_s.lst -g -D DEBUG -Wall -ffunction-sections -O0 -ffat-lto-objects -c Generated_Source\PSoC4\SPIS_miso_s.c -o .\CortexM0\ARM_GCC_493\Debug\SPIS_miso_s.o
arm-none-eabi-gcc.exe -mcpu=cortex-m0 -mthumb -I. -IGenerated_Source\PSoC4 -Wa,-alh=.\CortexM0\ARM_GCC_493\Debug/SPIS_miso_s_PM.lst -g -D DEBUG -Wall -ffunction-sections -O0 -ffat-lto-objects -c Generated_Source\PSoC4\SPIS_miso_s_PM.c -o .\CortexM0\ARM_GCC_493\Debug\SPIS_miso_s_PM.o
arm-none-eabi-gcc.exe -mcpu=cortex-m0 -mthumb -I. -IGenerated_Source\PSoC4 -Wa,-alh=.\CortexM0\ARM_GCC_493\Debug/SPIS_sclk_s.lst -g -D DEBUG -Wall -ffunction-sections -O0 -ffat-lto-objects -c Generated_Source\PSoC4\SPIS_sclk_s.c -o .\CortexM0\ARM_GCC_493\Debug\SPIS_sclk_s.o
arm-none-eabi-gcc.exe -mcpu=cortex-m0 -mthumb -I. -IGenerated_Source\PSoC4 -Wa,-alh=.\CortexM0\ARM_GCC_493\Debug/SPIS_sclk_s_PM.lst -g -D DEBUG -Wall -ffunction-sections -O0 -ffat-lto-objects -c Generated_Source\PSoC4\SPIS_sclk_s_PM.c -o .\CortexM0\ARM_GCC_493\Debug\SPIS_sclk_s_PM.o
arm-none-eabi-gcc.exe -mcpu=cortex-m0 -mthumb -I. -IGenerated_Source\PSoC4 -Wa,-alh=.\CortexM0\ARM_GCC_493\Debug/SPIS_mosi_s.lst -g -D DEBUG -Wall -ffunction-sections -O0 -ffat-lto-objects -c Generated_Source\PSoC4\SPIS_mosi_s.c -o .\CortexM0\ARM_GCC_493\Debug\SPIS_mosi_s.o
arm-none-eabi-gcc.exe -mcpu=cortex-m0 -mthumb -I. -IGenerated_Source\PSoC4 -Wa,-alh=.\CortexM0\ARM_GCC_493\Debug/SPIS_mosi_s_PM.lst -g -D DEBUG -Wall -ffunction-sections -O0 -ffat-lto-objects -c Generated_Source\PSoC4\SPIS_mosi_s_PM.c -o .\CortexM0\ARM_GCC_493\Debug\SPIS_mosi_s_PM.o
arm-none-eabi-gcc.exe -mcpu=cortex-m0 -mthumb -I. -IGenerated_Source\PSoC4 -Wa,-alh=.\CortexM0\ARM_GCC_493\Debug/Cm0Start.lst -g -D DEBUG -Wall -ffunction-sections -O0 -ffat-lto-objects -c Generated_Source\PSoC4\Cm0Start.c -o .\CortexM0\ARM_GCC_493\Debug\Cm0Start.o
arm-none-eabi-gcc.exe -mcpu=cortex-m0 -mthumb -I. -IGenerated_Source\PSoC4 -Wa,-alh=.\CortexM0\ARM_GCC_493\Debug/CyFlash.lst -g -D DEBUG -Wall -ffunction-sections -O0 -ffat-lto-objects -c Generated_Source\PSoC4\CyFlash.c -o .\CortexM0\ARM_GCC_493\Debug\CyFlash.o
arm-none-eabi-gcc.exe -mcpu=cortex-m0 -mthumb -I. -IGenerated_Source\PSoC4 -Wa,-alh=.\CortexM0\ARM_GCC_493\Debug/CyLib.lst -g -D DEBUG -Wall -ffunction-sections -O0 -ffat-lto-objects -c Generated_Source\PSoC4\CyLib.c -o .\CortexM0\ARM_GCC_493\Debug\CyLib.o
arm-none-eabi-gcc.exe -mcpu=cortex-m0 -mthumb -I. -IGenerated_Source\PSoC4 -Wa,-alh=.\CortexM0\ARM_GCC_493\Debug/cyPm.lst -g -D DEBUG -Wall -ffunction-sections -O0 -ffat-lto-objects -c Generated_Source\PSoC4\cyPm.c -o .\CortexM0\ARM_GCC_493\Debug\cyPm.o
arm-none-eabi-gcc.exe -mcpu=cortex-m0 -mthumb -I. -IGenerated_Source\PSoC4 -Wa,-alh=.\CortexM0\ARM_GCC_493\Debug/cyutils.lst -g -D DEBUG -Wall -ffunction-sections -O0 -ffat-lto-objects -c Generated_Source\PSoC4\cyutils.c -o .\CortexM0\ARM_GCC_493\Debug\cyutils.o
arm-none-eabi-gcc.exe -mcpu=cortex-m0 -mthumb -I. -IGenerated_Source\PSoC4 -Wa,-alh=.\CortexM0\ARM_GCC_493\Debug/CyLFClk.lst -g -D DEBUG -Wall -ffunction-sections -O0 -ffat-lto-objects -c Generated_Source\PSoC4\CyLFClk.c -o .\CortexM0\ARM_GCC_493\Debug\CyLFClk.o
arm-none-eabi-gcc.exe -mcpu=cortex-m0 -mthumb -I. -IGenerated_Source\PSoC4 -Wa,-alh=.\CortexM0\ARM_GCC_493\Debug/CyDMA.lst -g -D DEBUG -Wall -ffunction-sections -O0 -ffat-lto-objects -c Generated_Source\PSoC4\CyDMA.c -o .\CortexM0\ARM_GCC_493\Debug\CyDMA.o
arm-none-eabi-gcc.exe -mcpu=cortex-m0 -mthumb -I. -IGenerated_Source\PSoC4 -Wa,-alh=.\CortexM0\ARM_GCC_493\Debug/SPIS_SCB_IRQ.lst -g -D DEBUG -Wall -ffunction-sections -O0 -ffat-lto-objects -c Generated_Source\PSoC4\SPIS_SCB_IRQ.c -o .\CortexM0\ARM_GCC_493\Debug\SPIS_SCB_IRQ.o
arm-none-eabi-gcc.exe -mcpu=cortex-m0 -mthumb -I. -IGenerated_Source\PSoC4 -Wa,-alh=.\CortexM0\ARM_GCC_493\Debug/RTD.lst -g -D DEBUG -Wall -ffunction-sections -O0 -ffat-lto-objects -c Generated_Source\PSoC4\RTD.c -o .\CortexM0\ARM_GCC_493\Debug\RTD.o
arm-none-eabi-gcc.exe -mcpu=cortex-m0 -mthumb -I. -IGenerated_Source\PSoC4 -Wa,-alh=.\CortexM0\ARM_GCC_493\Debug/ADC_SAR_SEQ.lst -g -D DEBUG -Wall -ffunction-sections -O0 -ffat-lto-objects -c Generated_Source\PSoC4\ADC_SAR_SEQ.c -o .\CortexM0\ARM_GCC_493\Debug\ADC_SAR_SEQ.o
arm-none-eabi-gcc.exe -mcpu=cortex-m0 -mthumb -I. -IGenerated_Source\PSoC4 -Wa,-alh=.\CortexM0\ARM_GCC_493\Debug/ADC_SAR_SEQ_PM.lst -g -D DEBUG -Wall -ffunction-sections -O0 -ffat-lto-objects -c Generated_Source\PSoC4\ADC_SAR_SEQ_PM.c -o .\CortexM0\ARM_GCC_493\Debug\ADC_SAR_SEQ_PM.o
arm-none-eabi-gcc.exe -mcpu=cortex-m0 -mthumb -I. -IGenerated_Source\PSoC4 -Wa,-alh=.\CortexM0\ARM_GCC_493\Debug/ADC_SAR_SEQ_INT.lst -g -D DEBUG -Wall -ffunction-sections -O0 -ffat-lto-objects -c Generated_Source\PSoC4\ADC_SAR_SEQ_INT.c -o .\CortexM0\ARM_GCC_493\Debug\ADC_SAR_SEQ_INT.o
arm-none-eabi-gcc.exe -mcpu=cortex-m0 -mthumb -I. -IGenerated_Source\PSoC4 -Wa,-alh=.\CortexM0\ARM_GCC_493\Debug/ADC_SAR_SEQ_IRQ.lst -g -D DEBUG -Wall -ffunction-sections -O0 -ffat-lto-objects -c Generated_Source\PSoC4\ADC_SAR_SEQ_IRQ.c -o .\CortexM0\ARM_GCC_493\Debug\ADC_SAR_SEQ_IRQ.o
arm-none-eabi-gcc.exe -mcpu=cortex-m0 -mthumb -I. -IGenerated_Source\PSoC4 -Wa,-alh=.\CortexM0\ARM_GCC_493\Debug/ADC_SAR_SEQ_intClock.lst -g -D DEBUG -Wall -ffunction-sections -O0 -ffat-lto-objects -c Generated_Source\PSoC4\ADC_SAR_SEQ_intClock.c -o .\CortexM0\ARM_GCC_493\Debug\ADC_SAR_SEQ_intClock.o
arm-none-eabi-gcc.exe -mcpu=cortex-m0 -mthumb -I. -IGenerated_Source\PSoC4 -Wa,-alh=.\CortexM0\ARM_GCC_493\Debug/IDAC.lst -g -D DEBUG -Wall -ffunction-sections -O0 -ffat-lto-objects -c Generated_Source\PSoC4\IDAC.c -o .\CortexM0\ARM_GCC_493\Debug\IDAC.o
arm-none-eabi-gcc.exe -mcpu=cortex-m0 -mthumb -I. -IGenerated_Source\PSoC4 -Wa,-alh=.\CortexM0\ARM_GCC_493\Debug/IDAC_PM.lst -g -D DEBUG -Wall -ffunction-sections -O0 -ffat-lto-objects -c Generated_Source\PSoC4\IDAC_PM.c -o .\CortexM0\ARM_GCC_493\Debug\IDAC_PM.o
arm-none-eabi-gcc.exe -mcpu=cortex-m0 -mthumb -I. -IGenerated_Source\PSoC4 -Wa,-alh=.\CortexM0\ARM_GCC_493\Debug/RTD_BLUE.lst -g -D DEBUG -Wall -ffunction-sections -O0 -ffat-lto-objects -c Generated_Source\PSoC4\RTD_BLUE.c -o .\CortexM0\ARM_GCC_493\Debug\RTD_BLUE.o
arm-none-eabi-gcc.exe -mcpu=cortex-m0 -mthumb -I. -IGenerated_Source\PSoC4 -Wa,-alh=.\CortexM0\ARM_GCC_493\Debug/RTD_BLUE_PM.lst -g -D DEBUG -Wall -ffunction-sections -O0 -ffat-lto-objects -c Generated_Source\PSoC4\RTD_BLUE_PM.c -o .\CortexM0\ARM_GCC_493\Debug\RTD_BLUE_PM.o
arm-none-eabi-gcc.exe -mcpu=cortex-m0 -mthumb -I. -IGenerated_Source\PSoC4 -Wa,-alh=.\CortexM0\ARM_GCC_493\Debug/RTD_RED_1.lst -g -D DEBUG -Wall -ffunction-sections -O0 -ffat-lto-objects -c Generated_Source\PSoC4\RTD_RED_1.c -o .\CortexM0\ARM_GCC_493\Debug\RTD_RED_1.o
arm-none-eabi-gcc.exe -mcpu=cortex-m0 -mthumb -I. -IGenerated_Source\PSoC4 -Wa,-alh=.\CortexM0\ARM_GCC_493\Debug/RTD_RED_1_PM.lst -g -D DEBUG -Wall -ffunction-sections -O0 -ffat-lto-objects -c Generated_Source\PSoC4\RTD_RED_1_PM.c -o .\CortexM0\ARM_GCC_493\Debug\RTD_RED_1_PM.o
arm-none-eabi-gcc.exe -mcpu=cortex-m0 -mthumb -I. -IGenerated_Source\PSoC4 -Wa,-alh=.\CortexM0\ARM_GCC_493\Debug/Opamp_1.lst -g -D DEBUG -Wall -ffunction-sections -O0 -ffat-lto-objects -c Generated_Source\PSoC4\Opamp_1.c -o .\CortexM0\ARM_GCC_493\Debug\Opamp_1.o
arm-none-eabi-gcc.exe -mcpu=cortex-m0 -mthumb -I. -IGenerated_Source\PSoC4 -Wa,-alh=.\CortexM0\ARM_GCC_493\Debug/Opamp_1_PM.lst -g -D DEBUG -Wall -ffunction-sections -O0 -ffat-lto-objects -c Generated_Source\PSoC4\Opamp_1_PM.c -o .\CortexM0\ARM_GCC_493\Debug\Opamp_1_PM.o
arm-none-eabi-gcc.exe -mcpu=cortex-m0 -mthumb -I. -IGenerated_Source\PSoC4 -Wa,-alh=.\CortexM0\ARM_GCC_493\Debug/OpAmp_In.lst -g -D DEBUG -Wall -ffunction-sections -O0 -ffat-lto-objects -c Generated_Source\PSoC4\OpAmp_In.c -o .\CortexM0\ARM_GCC_493\Debug\OpAmp_In.o
arm-none-eabi-gcc.exe -mcpu=cortex-m0 -mthumb -I. -IGenerated_Source\PSoC4 -Wa,-alh=.\CortexM0\ARM_GCC_493\Debug/OpAmp_In_PM.lst -g -D DEBUG -Wall -ffunction-sections -O0 -ffat-lto-objects -c Generated_Source\PSoC4\OpAmp_In_PM.c -o .\CortexM0\ARM_GCC_493\Debug\OpAmp_In_PM.o
arm-none-eabi-gcc.exe -mcpu=cortex-m0 -mthumb -I. -IGenerated_Source\PSoC4 -Wa,-alh=.\CortexM0\ARM_GCC_493\Debug/OpAmp_Out.lst -g -D DEBUG -Wall -ffunction-sections -O0 -ffat-lto-objects -c Generated_Source\PSoC4\OpAmp_Out.c -o .\CortexM0\ARM_GCC_493\Debug\OpAmp_Out.o
arm-none-eabi-gcc.exe -mcpu=cortex-m0 -mthumb -I. -IGenerated_Source\PSoC4 -Wa,-alh=.\CortexM0\ARM_GCC_493\Debug/OpAmp_Out_PM.lst -g -D DEBUG -Wall -ffunction-sections -O0 -ffat-lto-objects -c Generated_Source\PSoC4\OpAmp_Out_PM.c -o .\CortexM0\ARM_GCC_493\Debug\OpAmp_Out_PM.o
arm-none-eabi-gcc.exe -mcpu=cortex-m0 -mthumb -I. -IGenerated_Source\PSoC4 -Wa,-alh=.\CortexM0\ARM_GCC_493\Debug/RTD_RED.lst -g -D DEBUG -Wall -ffunction-sections -O0 -ffat-lto-objects -c Generated_Source\PSoC4\RTD_RED.c -o .\CortexM0\ARM_GCC_493\Debug\RTD_RED.o
arm-none-eabi-gcc.exe -mcpu=cortex-m0 -mthumb -I. -IGenerated_Source\PSoC4 -Wa,-alh=.\CortexM0\ARM_GCC_493\Debug/RTD_RED_PM.lst -g -D DEBUG -Wall -ffunction-sections -O0 -ffat-lto-objects -c Generated_Source\PSoC4\RTD_RED_PM.c -o .\CortexM0\ARM_GCC_493\Debug\RTD_RED_PM.o
arm-none-eabi-gcc.exe -mcpu=cortex-m0 -mthumb -I. -IGenerated_Source\PSoC4 -Wa,-alh=.\CortexM0\ARM_GCC_493\Debug/CAL_100B.lst -g -D DEBUG -Wall -ffunction-sections -O0 -ffat-lto-objects -c Generated_Source\PSoC4\CAL_100B.c -o .\CortexM0\ARM_GCC_493\Debug\CAL_100B.o
arm-none-eabi-gcc.exe -mcpu=cortex-m0 -mthumb -I. -IGenerated_Source\PSoC4 -Wa,-alh=.\CortexM0\ARM_GCC_493\Debug/CAL_100B_PM.lst -g -D DEBUG -Wall -ffunction-sections -O0 -ffat-lto-objects -c Generated_Source\PSoC4\CAL_100B_PM.c -o .\CortexM0\ARM_GCC_493\Debug\CAL_100B_PM.o
arm-none-eabi-gcc.exe -mcpu=cortex-m0 -mthumb -I. -IGenerated_Source\PSoC4 -Wa,-alh=.\CortexM0\ARM_GCC_493\Debug/CAL_100A.lst -g -D DEBUG -Wall -ffunction-sections -O0 -ffat-lto-objects -c Generated_Source\PSoC4\CAL_100A.c -o .\CortexM0\ARM_GCC_493\Debug\CAL_100A.o
arm-none-eabi-gcc.exe -mcpu=cortex-m0 -mthumb -I. -IGenerated_Source\PSoC4 -Wa,-alh=.\CortexM0\ARM_GCC_493\Debug/CAL_100A_PM.lst -g -D DEBUG -Wall -ffunction-sections -O0 -ffat-lto-objects -c Generated_Source\PSoC4\CAL_100A_PM.c -o .\CortexM0\ARM_GCC_493\Debug\CAL_100A_PM.o
arm-none-eabi-gcc.exe -mcpu=cortex-m0 -mthumb -I. -IGenerated_Source\PSoC4 -Wa,-alh=.\CortexM0\ARM_GCC_493\Debug/switch_1.lst -g -D DEBUG -Wall -ffunction-sections -O0 -ffat-lto-objects -c Generated_Source\PSoC4\switch_1.c -o .\CortexM0\ARM_GCC_493\Debug\switch_1.o
arm-none-eabi-gcc.exe -mcpu=cortex-m0 -mthumb -I. -IGenerated_Source\PSoC4 -Wa,-alh=.\CortexM0\ARM_GCC_493\Debug/switch_1_PM.lst -g -D DEBUG -Wall -ffunction-sections -O0 -ffat-lto-objects -c Generated_Source\PSoC4\switch_1_PM.c -o .\CortexM0\ARM_GCC_493\Debug\switch_1_PM.o
arm-none-eabi-gcc.exe -mcpu=cortex-m0 -mthumb -I. -IGenerated_Source\PSoC4 -Wa,-alh=.\CortexM0\ARM_GCC_493\Debug/CAL_100A_1.lst -g -D DEBUG -Wall -ffunction-sections -O0 -ffat-lto-objects -c Generated_Source\PSoC4\CAL_100A_1.c -o .\CortexM0\ARM_GCC_493\Debug\CAL_100A_1.o
arm-none-eabi-gcc.exe -mcpu=cortex-m0 -mthumb -I. -IGenerated_Source\PSoC4 -Wa,-alh=.\CortexM0\ARM_GCC_493\Debug/CAL_100A_1_PM.lst -g -D DEBUG -Wall -ffunction-sections -O0 -ffat-lto-objects -c Generated_Source\PSoC4\CAL_100A_1_PM.c -o .\CortexM0\ARM_GCC_493\Debug\CAL_100A_1_PM.o
arm-none-eabi-gcc.exe -mcpu=cortex-m0 -mthumb -I. -IGenerated_Source\PSoC4 -Wa,-alh=.\CortexM0\ARM_GCC_493\Debug/IDC_Out.lst -g -D DEBUG -Wall -ffunction-sections -O0 -ffat-lto-objects -c Generated_Source\PSoC4\IDC_Out.c -o .\CortexM0\ARM_GCC_493\Debug\IDC_Out.o
arm-none-eabi-gcc.exe -mcpu=cortex-m0 -mthumb -I. -IGenerated_Source\PSoC4 -Wa,-alh=.\CortexM0\ARM_GCC_493\Debug/IDC_Out_PM.lst -g -D DEBUG -Wall -ffunction-sections -O0 -ffat-lto-objects -c Generated_Source\PSoC4\IDC_Out_PM.c -o .\CortexM0\ARM_GCC_493\Debug\IDC_Out_PM.o
arm-none-eabi-gcc.exe -mcpu=cortex-m0 -mthumb -I. -IGenerated_Source\PSoC4 -Wa,-alh=.\CortexM0\ARM_GCC_493\Debug/FULL_RANGE_2.lst -g -D DEBUG -Wall -ffunction-sections -O0 -ffat-lto-objects -c Generated_Source\PSoC4\FULL_RANGE_2.c -o .\CortexM0\ARM_GCC_493\Debug\FULL_RANGE_2.o
arm-none-eabi-gcc.exe -mcpu=cortex-m0 -mthumb -I. -IGenerated_Source\PSoC4 -Wa,-alh=.\CortexM0\ARM_GCC_493\Debug/FULL_RANGE_2_PM.lst -g -D DEBUG -Wall -ffunction-sections -O0 -ffat-lto-objects -c Generated_Source\PSoC4\FULL_RANGE_2_PM.c -o .\CortexM0\ARM_GCC_493\Debug\FULL_RANGE_2_PM.o
arm-none-eabi-gcc.exe -mcpu=cortex-m0 -mthumb -I. -IGenerated_Source\PSoC4 -Wa,-alh=.\CortexM0\ARM_GCC_493\Debug/FULL_RANGE_1.lst -g -D DEBUG -Wall -ffunction-sections -O0 -ffat-lto-objects -c Generated_Source\PSoC4\FULL_RANGE_1.c -o .\CortexM0\ARM_GCC_493\Debug\FULL_RANGE_1.o
arm-none-eabi-gcc.exe -mcpu=cortex-m0 -mthumb -I. -IGenerated_Source\PSoC4 -Wa,-alh=.\CortexM0\ARM_GCC_493\Debug/FULL_RANGE_1_PM.lst -g -D DEBUG -Wall -ffunction-sections -O0 -ffat-lto-objects -c Generated_Source\PSoC4\FULL_RANGE_1_PM.c -o .\CortexM0\ARM_GCC_493\Debug\FULL_RANGE_1_PM.o
arm-none-eabi-as.exe -mcpu=cortex-m0 -mthumb -I. -IGenerated_Source\PSoC4 -alh=.\CortexM0\ARM_GCC_493\Debug/CyBootAsmGnu.lst -g -o .\CortexM0\ARM_GCC_493\Debug\CyBootAsmGnu.o Generated_Source\PSoC4\CyBootAsmGnu.s
arm-none-eabi-ar.exe -rs ".\CortexM0\ARM_GCC_493\Debug\RTD Design.a" .\CortexM0\ARM_GCC_493\Debug\cyfitter_cfg.o .\CortexM0\ARM_GCC_493\Debug\LED_GREEN.o .\CortexM0\ARM_GCC_493\Debug\LED_GREEN_PM.o .\CortexM0\ARM_GCC_493\Debug\LED_RED.o .\CortexM0\ARM_GCC_493\Debug\LED_RED_PM.o .\CortexM0\ARM_GCC_493\Debug\LED_BLUE.o .\CortexM0\ARM_GCC_493\Debug\LED_BLUE_PM.o .\CortexM0\ARM_GCC_493\Debug\SPIS.o .\CortexM0\ARM_GCC_493\Debug\SPIS_SPI_UART.o .\CortexM0\ARM_GCC_493\Debug\SPIS_PM.o .\CortexM0\ARM_GCC_493\Debug\SPIS_SPI.o .\CortexM0\ARM_GCC_493\Debug\SPIS_BOOT.o .\CortexM0\ARM_GCC_493\Debug\SPIS_SPI_BOOT.o .\CortexM0\ARM_GCC_493\Debug\SPIS_SPI_UART_INT.o .\CortexM0\ARM_GCC_493\Debug\SPIS_SCBCLK.o .\CortexM0\ARM_GCC_493\Debug\SPIS_ss_s.o .\CortexM0\ARM_GCC_493\Debug\SPIS_ss_s_PM.o .\CortexM0\ARM_GCC_493\Debug\SPIS_miso_s.o .\CortexM0\ARM_GCC_493\Debug\SPIS_miso_s_PM.o .\CortexM0\ARM_GCC_493\Debug\SPIS_sclk_s.o .\CortexM0\ARM_GCC_493\Debug\SPIS_sclk_s_PM.o .\CortexM0\ARM_GCC_493\Debug\SPIS_mosi_s.o .\CortexM0\ARM_GCC_493\Debug\SPIS_mosi_s_PM.o .\CortexM0\ARM_GCC_493\Debug\CyFlash.o .\CortexM0\ARM_GCC_493\Debug\CyLib.o .\CortexM0\ARM_GCC_493\Debug\cyPm.o .\CortexM0\ARM_GCC_493\Debug\cyutils.o .\CortexM0\ARM_GCC_493\Debug\CyLFClk.o .\CortexM0\ARM_GCC_493\Debug\CyDMA.o .\CortexM0\ARM_GCC_493\Debug\SPIS_SCB_IRQ.o .\CortexM0\ARM_GCC_493\Debug\RTD.o .\CortexM0\ARM_GCC_493\Debug\ADC_SAR_SEQ.o .\CortexM0\ARM_GCC_493\Debug\ADC_SAR_SEQ_PM.o .\CortexM0\ARM_GCC_493\Debug\ADC_SAR_SEQ_INT.o .\CortexM0\ARM_GCC_493\Debug\ADC_SAR_SEQ_IRQ.o .\CortexM0\ARM_GCC_493\Debug\ADC_SAR_SEQ_intClock.o .\CortexM0\ARM_GCC_493\Debug\IDAC.o .\CortexM0\ARM_GCC_493\Debug\IDAC_PM.o .\CortexM0\ARM_GCC_493\Debug\RTD_BLUE.o .\CortexM0\ARM_GCC_493\Debug\RTD_BLUE_PM.o .\CortexM0\ARM_GCC_493\Debug\RTD_RED_1.o .\CortexM0\ARM_GCC_493\Debug\RTD_RED_1_PM.o .\CortexM0\ARM_GCC_493\Debug\Opamp_1.o .\CortexM0\ARM_GCC_493\Debug\Opamp_1_PM.o .\CortexM0\ARM_GCC_493\Debug\OpAmp_In.o .\CortexM0\ARM_GCC_493\Debug\OpAmp_In_PM.o .\CortexM0\ARM_GCC_493\Debug\OpAmp_Out.o .\CortexM0\ARM_GCC_493\Debug\OpAmp_Out_PM.o .\CortexM0\ARM_GCC_493\Debug\RTD_RED.o .\CortexM0\ARM_GCC_493\Debug\RTD_RED_PM.o .\CortexM0\ARM_GCC_493\Debug\CAL_100B.o .\CortexM0\ARM_GCC_493\Debug\CAL_100B_PM.o .\CortexM0\ARM_GCC_493\Debug\CAL_100A.o .\CortexM0\ARM_GCC_493\Debug\CAL_100A_PM.o .\CortexM0\ARM_GCC_493\Debug\switch_1.o .\CortexM0\ARM_GCC_493\Debug\switch_1_PM.o .\CortexM0\ARM_GCC_493\Debug\CAL_100A_1.o .\CortexM0\ARM_GCC_493\Debug\CAL_100A_1_PM.o .\CortexM0\ARM_GCC_493\Debug\IDC_Out.o .\CortexM0\ARM_GCC_493\Debug\IDC_Out_PM.o .\CortexM0\ARM_GCC_493\Debug\FULL_RANGE_2.o .\CortexM0\ARM_GCC_493\Debug\FULL_RANGE_2_PM.o .\CortexM0\ARM_GCC_493\Debug\FULL_RANGE_1.o .\CortexM0\ARM_GCC_493\Debug\FULL_RANGE_1_PM.o .\CortexM0\ARM_GCC_493\Debug\CyBootAsmGnu.o
arm-none-eabi-ar.exe: creating .\CortexM0\ARM_GCC_493\Debug\RTD Design.a
arm-none-eabi-gcc.exe -Wl,--start-group -o ".\CortexM0\ARM_GCC_493\Debug\RTD Design.elf" .\CortexM0\ARM_GCC_493\Debug\main.o .\CortexM0\ARM_GCC_493\Debug\cypress_slave_spi.o .\CortexM0\ARM_GCC_493\Debug\cypress_arduino.o .\CortexM0\ARM_GCC_493\Debug\sensors.o .\CortexM0\ARM_GCC_493\Debug\controls.o .\CortexM0\ARM_GCC_493\Debug\RTD_sensor.o .\CortexM0\ARM_GCC_493\Debug\switch_sensor.o .\CortexM0\ARM_GCC_493\Debug\cymetadata.o .\CortexM0\ARM_GCC_493\Debug\Cm0Start.o ".\CortexM0\ARM_GCC_493\Debug\RTD Design.a" "C:\Program Files (x86)\Cypress\PSoC Creator\4.0\PSoC Creator\psoc\content\cycomponentlibrary\CyComponentLibrary.cylib\CortexM0\ARM_GCC_493\Debug\CyComponentLibrary.a" -mcpu=cortex-m0 -mthumb -g -ffunction-sections -O0 -ffat-lto-objects -L Generated_Source\PSoC4 "-Wl,-Map,.\CortexM0\ARM_GCC_493\Debug/RTD Design.map" -T "D:\Dropbox\IoT Development\Cypress PSoC Development\RTD Design.cydsn\Generated_Source\PSoC4\cm0gcc.ld" -specs=nano.specs -Wl,--gc-sections -Wl,--end-group
cyelftool.exe -C "D:\Dropbox\IoT Development\Cypress PSoC Development\RTD Design.cydsn\CortexM0\ARM_GCC_493\Debug\RTD Design.elf" --flash_row_size 256 --flash_size 262144
cyelftool.exe -S "D:\Dropbox\IoT Development\Cypress PSoC Development\RTD Design.cydsn\CortexM0\ARM_GCC_493\Debug\RTD Design.elf"
Flash used: 17030 of 262144 bytes (6.5 %).
SRAM used: 2060 of 32768 bytes (6.3 %). Stack: 1024 bytes. Heap: 256 bytes.
--------------- Build Succeeded: 06/09/2017 11:52:11 ---------------
