--------------- Clean Started: 05/01/2017 08:41:27 Project: SCB_SpiCommSlave01, Configuration: ARM GCC 4.9-2015-q1-update Debug ---------------
Deleting file ".\CortexM0\ARM_GCC_493\Debug\main.o"
Deleting file ".\CortexM0\ARM_GCC_493\Debug\cypress_slave_spi.o"
Deleting file ".\CortexM0\ARM_GCC_493\Debug\cypress_arduino.o"
Deleting file ".\CortexM0\ARM_GCC_493\Debug\sensors.o"
Deleting file ".\CortexM0\ARM_GCC_493\Debug\cyfitter_cfg.o"
Deleting file ".\CortexM0\ARM_GCC_493\Debug\cymetadata.o"
Deleting file ".\CortexM0\ARM_GCC_493\Debug\LED_GREEN.o"
Deleting file ".\CortexM0\ARM_GCC_493\Debug\LED_GREEN_PM.o"
Deleting file ".\CortexM0\ARM_GCC_493\Debug\LED_RED.o"
Deleting file ".\CortexM0\ARM_GCC_493\Debug\LED_RED_PM.o"
Deleting file ".\CortexM0\ARM_GCC_493\Debug\LED_BLUE.o"
Deleting file ".\CortexM0\ARM_GCC_493\Debug\LED_BLUE_PM.o"
Deleting file ".\CortexM0\ARM_GCC_493\Debug\Cm0Start.o"
Deleting file ".\CortexM0\ARM_GCC_493\Debug\CyBootAsmGnu.o"
Deleting file ".\CortexM0\ARM_GCC_493\Debug\CyFlash.o"
Deleting file ".\CortexM0\ARM_GCC_493\Debug\CyLib.o"
Deleting file ".\CortexM0\ARM_GCC_493\Debug\cyPm.o"
Deleting file ".\CortexM0\ARM_GCC_493\Debug\cyutils.o"
Deleting file ".\CortexM0\ARM_GCC_493\Debug\CyLFClk.o"
Deleting file ".\CortexM0\ARM_GCC_493\Debug\CyDMA.o"
Deleting file ".\CortexM0\ARM_GCC_493\Debug\UART_1.o"
Deleting file ".\CortexM0\ARM_GCC_493\Debug\UART_1_SPI_UART.o"
Deleting file ".\CortexM0\ARM_GCC_493\Debug\UART_1_SPI_UART_INT.o"
Deleting file ".\CortexM0\ARM_GCC_493\Debug\UART_1_PM.o"
Deleting file ".\CortexM0\ARM_GCC_493\Debug\UART_1_UART.o"
Deleting file ".\CortexM0\ARM_GCC_493\Debug\UART_1_BOOT.o"
Deleting file ".\CortexM0\ARM_GCC_493\Debug\UART_1_UART_BOOT.o"
Deleting file ".\CortexM0\ARM_GCC_493\Debug\UART_1_SCBCLK.o"
Deleting file ".\CortexM0\ARM_GCC_493\Debug\UART_1_tx.o"
Deleting file ".\CortexM0\ARM_GCC_493\Debug\UART_1_tx_PM.o"
Deleting file ".\CortexM0\ARM_GCC_493\Debug\UART_1_rx.o"
Deleting file ".\CortexM0\ARM_GCC_493\Debug\UART_1_rx_PM.o"
Deleting file ".\CortexM0\ARM_GCC_493\Debug\SCB_SpiCommSlave01.map"
Deleting file ".\SCB_SpiCommSlave01.cycdx"
Deleting file ".\SCB_SpiCommSlave01.svd"
Deleting file ".\SCB_SpiCommSlave01.rpt"
Deleting file ".\SCB_SpiCommSlave01_timing.html"
Deleting file ".\CortexM0\ARM_GCC_493\Debug\.deps\SOURCE_C__ARM_GCC_GENERIC.P"
Deleting file ".\CortexM0\ARM_GCC_493\Debug\.deps\SOURCE_ASM__ARM_GCC_GENERIC.P"
--------------- Clean Succeeded: 05/01/2017 08:41:27 ---------------
