ARM GAS  C:\Users\GREG~1.PHI\AppData\Local\Temp\cck56n0W.s 			page 1


   1              		.cpu cortex-m0
   2              		.fpu softvfp
   3              		.eabi_attribute 20, 1
   4              		.eabi_attribute 21, 1
   5              		.eabi_attribute 23, 3
   6              		.eabi_attribute 24, 1
   7              		.eabi_attribute 25, 1
   8              		.eabi_attribute 26, 1
   9              		.eabi_attribute 30, 6
  10              		.eabi_attribute 34, 0
  11              		.eabi_attribute 18, 4
  12              		.code	16
  13              		.file	"cypress_arduino.c"
  14              		.text
  15              	.Ltext0:
  16              		.cfi_sections	.debug_frame
  17              		.global	acb
  18              		.data
  19              		.align	2
  20              		.type	acb, %object
  21              		.size	acb, 84
  22              	acb:
  23 0000 00       		.space	1
  24 0001 02       		.byte	2
  25 0002 00       		.byte	0
  26 0003 53       		.byte	83
  27 0004 00000000 		.space	80
  27      00000000 
  27      00000000 
  27      00000000 
  27      00000000 
  28              		.section	.text.init_arduino,"ax",%progbits
  29              		.align	2
  30              		.global	init_arduino
  31              		.code	16
  32              		.thumb_func
  33              		.type	init_arduino, %function
  34              	init_arduino:
  35              	.LFB0:
  36              		.file 1 "cypress_arduino.c"
   1:cypress_arduino.c **** /*
   2:cypress_arduino.c ****  * Copyright 2017, Sierra Telecom. All Rights Reserved.
   3:cypress_arduino.c ****  *
   4:cypress_arduino.c ****  * This software, associated documentation and materials ("Software"),
   5:cypress_arduino.c ****  * is owned by Sierra Telecom ("Sierra") and is protected by and subject to
   6:cypress_arduino.c ****  * worldwide patent protection (United States and foreign),
   7:cypress_arduino.c ****  * United States copyright laws and international treaty provisions.
   8:cypress_arduino.c ****  * Therefore, you may use this Software only as provided in the license
   9:cypress_arduino.c ****  * agreement accompanying the software package from which you
  10:cypress_arduino.c ****  * obtained this Software ("EULA").
  11:cypress_arduino.c ****  * If no EULA applies, Sierra hereby grants you a personal, non-exclusive,
  12:cypress_arduino.c ****  * non-transferable license to copy, modify, and compile the Software
  13:cypress_arduino.c ****  * source code solely for use in connection with Sierra's
  14:cypress_arduino.c ****  * integrated circuit products. Any reproduction, modification, translation,
  15:cypress_arduino.c ****  * compilation, or representation of this Software except as specified
  16:cypress_arduino.c ****  * above is prohibited without the express written permission of Sierra.
  17:cypress_arduino.c ****  *
ARM GAS  C:\Users\GREG~1.PHI\AppData\Local\Temp\cck56n0W.s 			page 2


  18:cypress_arduino.c ****  * Disclaimer: THIS SOFTWARE IS PROVIDED AS-IS, WITH NO WARRANTY OF ANY KIND,
  19:cypress_arduino.c ****  * EXPRESS OR IMPLIED, INCLUDING, BUT NOT LIMITED TO, NONINFRINGEMENT, IMPLIED
  20:cypress_arduino.c ****  * WARRANTIES OF MERCHANTABILITY AND FITNESS FOR A PARTICULAR PURPOSE. Sierra
  21:cypress_arduino.c ****  * reserves the right to make changes to the Software without notice. Sierra
  22:cypress_arduino.c ****  * does not assume any liability arising out of the application or use of the
  23:cypress_arduino.c ****  * Software or any product or circuit described in the Software. Sierra does
  24:cypress_arduino.c ****  * not authorize its products for use in any products where a malfunction or
  25:cypress_arduino.c ****  * failure of the Sierra product may reasonably be expected to result in
  26:cypress_arduino.c ****  * significant property damage, injury or death ("High Risk Product"). By
  27:cypress_arduino.c ****  * including Sierra's product in a High Risk Product, the manufacturer
  28:cypress_arduino.c ****  * of such system or application assumes all risk of such use and in doing
  29:cypress_arduino.c ****  * so agrees to indemnify Sierra against all liability.
  30:cypress_arduino.c ****  */
  31:cypress_arduino.c **** 
  32:cypress_arduino.c **** /** @file cypress_ardunio.c
  33:cypress_arduino.c ****  *
  34:cypress_arduino.c ****  *  Created on: Feb 18, 2017
  35:cypress_arduino.c ****  *      Author: greg.phillips
  36:cypress_arduino.c ****  */
  37:cypress_arduino.c **** 
  38:cypress_arduino.c **** 
  39:cypress_arduino.c **** 
  40:cypress_arduino.c **** 
  41:cypress_arduino.c **** #include <stdint.h>
  42:cypress_arduino.c **** #include <stdio.h>
  43:cypress_arduino.c **** #include <stdbool.h>
  44:cypress_arduino.c **** #include <string.h>
  45:cypress_arduino.c **** #include "arduino.h"
  46:cypress_arduino.c **** #include "cypress_arduino.h"
  47:cypress_arduino.c **** 
  48:cypress_arduino.c **** /******************************************************
  49:cypress_arduino.c ****  *                      Macros
  50:cypress_arduino.c ****  ******************************************************/
  51:cypress_arduino.c **** 
  52:cypress_arduino.c **** /******************************************************
  53:cypress_arduino.c ****  *                    Constants
  54:cypress_arduino.c ****  ******************************************************/
  55:cypress_arduino.c **** 
  56:cypress_arduino.c **** /******************************************************
  57:cypress_arduino.c ****  *                   Enumerations
  58:cypress_arduino.c ****  ******************************************************/
  59:cypress_arduino.c **** 
  60:cypress_arduino.c **** /******************************************************
  61:cypress_arduino.c ****  *                 Type Definitions
  62:cypress_arduino.c ****  ******************************************************/
  63:cypress_arduino.c **** 
  64:cypress_arduino.c **** /******************************************************
  65:cypress_arduino.c ****  *                    Structures
  66:cypress_arduino.c ****  ******************************************************/
  67:cypress_arduino.c **** 
  68:cypress_arduino.c **** /******************************************************
  69:cypress_arduino.c ****  *               Function Declarations
  70:cypress_arduino.c ****  ******************************************************/
  71:cypress_arduino.c **** 
  72:cypress_arduino.c **** /******************************************************
  73:cypress_arduino.c ****  *               Variable Definitions
  74:cypress_arduino.c ****  ******************************************************/
ARM GAS  C:\Users\GREG~1.PHI\AppData\Local\Temp\cck56n0W.s 			page 3


  75:cypress_arduino.c **** arduino_config_t acb = {
  76:cypress_arduino.c ****       .config =
  77:cypress_arduino.c ****          {
  78:cypress_arduino.c ****             .arduino_code = IMATRIX_ARDUINO_CODE,
  79:cypress_arduino.c ****             .no_controls = NO_ARDUINO_CONTROLS,
  80:cypress_arduino.c ****             .no_sensors = NO_ARDUINO_SENSORS,
  81:cypress_arduino.c ****          },
  82:cypress_arduino.c **** };
  83:cypress_arduino.c **** 
  84:cypress_arduino.c **** /******************************************************
  85:cypress_arduino.c ****  *               Function Definitions
  86:cypress_arduino.c ****  ******************************************************/
  87:cypress_arduino.c **** /**
  88:cypress_arduino.c ****   * @brief  Initialize the Arduino sub system
  89:cypress_arduino.c ****   * @param  None
  90:cypress_arduino.c ****   * @retval : None
  91:cypress_arduino.c ****   */
  92:cypress_arduino.c **** void init_arduino(void)
  93:cypress_arduino.c **** {
  37              		.loc 1 93 0
  38              		.cfi_startproc
  39 0000 80B5     		push	{r7, lr}
  40              		.cfi_def_cfa_offset 8
  41              		.cfi_offset 7, -8
  42              		.cfi_offset 14, -4
  43 0002 00AF     		add	r7, sp, #0
  44              		.cfi_def_cfa_register 7
  94:cypress_arduino.c ****     
  95:cypress_arduino.c **** }
  45              		.loc 1 95 0
  46 0004 BD46     		mov	sp, r7
  47              		@ sp needed
  48 0006 80BD     		pop	{r7, pc}
  49              		.cfi_endproc
  50              	.LFE0:
  51              		.size	init_arduino, .-init_arduino
  52              		.section	.text.set_uint32_sensor_data,"ax",%progbits
  53              		.align	2
  54              		.global	set_uint32_sensor_data
  55              		.code	16
  56              		.thumb_func
  57              		.type	set_uint32_sensor_data, %function
  58              	set_uint32_sensor_data:
  59              	.LFB1:
  96:cypress_arduino.c **** void set_uint32_sensor_data( uint16_t sensor_no, uint32_t value )
  97:cypress_arduino.c **** {
  60              		.loc 1 97 0
  61              		.cfi_startproc
  62 0000 80B5     		push	{r7, lr}
  63              		.cfi_def_cfa_offset 8
  64              		.cfi_offset 7, -8
  65              		.cfi_offset 14, -4
  66 0002 82B0     		sub	sp, sp, #8
  67              		.cfi_def_cfa_offset 16
  68 0004 00AF     		add	r7, sp, #0
  69              		.cfi_def_cfa_register 7
  70 0006 021C     		mov	r2, r0
ARM GAS  C:\Users\GREG~1.PHI\AppData\Local\Temp\cck56n0W.s 			page 4


  71 0008 3960     		str	r1, [r7]
  72 000a BB1D     		add	r3, r7, #6
  73 000c 1A80     		strh	r2, [r3]
  98:cypress_arduino.c ****    if( sensor_no < acb.config.no_sensors ) {
  74              		.loc 1 98 0
  75 000e BB1D     		add	r3, r7, #6
  76 0010 1B88     		ldrh	r3, [r3]
  77 0012 0E4A     		ldr	r2, .L4
  78 0014 D278     		ldrb	r2, [r2, #3]
  79 0016 1206     		lsl	r2, r2, #24
  80 0018 120F     		lsr	r2, r2, #28
  81 001a D2B2     		uxtb	r2, r2
  82 001c 9342     		cmp	r3, r2
  83 001e 12DA     		bge	.L2
  99:cypress_arduino.c ****         /*
 100:cypress_arduino.c ****          * Save the value and set the bit to indicate new value to upload
 101:cypress_arduino.c ****          */
 102:cypress_arduino.c ****         acb.data_sensors[ sensor_no ].uint_32bit = value;
  84              		.loc 1 102 0
  85 0020 BB1D     		add	r3, r7, #6
  86 0022 1B88     		ldrh	r3, [r3]
  87 0024 094A     		ldr	r2, .L4
  88 0026 0C33     		add	r3, r3, #12
  89 0028 9B00     		lsl	r3, r3, #2
  90 002a D318     		add	r3, r2, r3
  91 002c 3A68     		ldr	r2, [r7]
  92 002e 5A60     		str	r2, [r3, #4]
 103:cypress_arduino.c ****         acb.slave.status |= ARDUINO_NEW_VALUE << ( sensor_no * 2);
  93              		.loc 1 103 0
  94 0030 064B     		ldr	r3, .L4
  95 0032 1B69     		ldr	r3, [r3, #16]
  96 0034 BA1D     		add	r2, r7, #6
  97 0036 1288     		ldrh	r2, [r2]
  98 0038 5200     		lsl	r2, r2, #1
  99 003a 0121     		mov	r1, #1
 100 003c 9140     		lsl	r1, r1, r2
 101 003e 0A1C     		mov	r2, r1
 102 0040 1A43     		orr	r2, r3
 103 0042 024B     		ldr	r3, .L4
 104 0044 1A61     		str	r2, [r3, #16]
 105              	.L2:
 104:cypress_arduino.c ****         
 105:cypress_arduino.c **** //      printf( "Saving sensor: %u, value: %f\r\n", sensor_no, value );
 106:cypress_arduino.c ****    }
 107:cypress_arduino.c **** }
 106              		.loc 1 107 0
 107 0046 BD46     		mov	sp, r7
 108 0048 02B0     		add	sp, sp, #8
 109              		@ sp needed
 110 004a 80BD     		pop	{r7, pc}
 111              	.L5:
 112              		.align	2
 113              	.L4:
 114 004c 00000000 		.word	acb
 115              		.cfi_endproc
 116              	.LFE1:
 117              		.size	set_uint32_sensor_data, .-set_uint32_sensor_data
ARM GAS  C:\Users\GREG~1.PHI\AppData\Local\Temp\cck56n0W.s 			page 5


 118              		.section	.text.set_int32_sensor_data,"ax",%progbits
 119              		.align	2
 120              		.global	set_int32_sensor_data
 121              		.code	16
 122              		.thumb_func
 123              		.type	set_int32_sensor_data, %function
 124              	set_int32_sensor_data:
 125              	.LFB2:
 108:cypress_arduino.c **** void set_int32_sensor_data( uint16_t sensor_no, int32_t value )
 109:cypress_arduino.c **** {
 126              		.loc 1 109 0
 127              		.cfi_startproc
 128 0000 80B5     		push	{r7, lr}
 129              		.cfi_def_cfa_offset 8
 130              		.cfi_offset 7, -8
 131              		.cfi_offset 14, -4
 132 0002 82B0     		sub	sp, sp, #8
 133              		.cfi_def_cfa_offset 16
 134 0004 00AF     		add	r7, sp, #0
 135              		.cfi_def_cfa_register 7
 136 0006 021C     		mov	r2, r0
 137 0008 3960     		str	r1, [r7]
 138 000a BB1D     		add	r3, r7, #6
 139 000c 1A80     		strh	r2, [r3]
 110:cypress_arduino.c ****    if( sensor_no < acb.config.no_sensors ) {
 140              		.loc 1 110 0
 141 000e BB1D     		add	r3, r7, #6
 142 0010 1B88     		ldrh	r3, [r3]
 143 0012 0E4A     		ldr	r2, .L8
 144 0014 D278     		ldrb	r2, [r2, #3]
 145 0016 1206     		lsl	r2, r2, #24
 146 0018 120F     		lsr	r2, r2, #28
 147 001a D2B2     		uxtb	r2, r2
 148 001c 9342     		cmp	r3, r2
 149 001e 12DA     		bge	.L6
 111:cypress_arduino.c ****         /*
 112:cypress_arduino.c ****          * Save the value and set the bit to indicate new value to upload
 113:cypress_arduino.c ****          */
 114:cypress_arduino.c ****         acb.data_sensors[ sensor_no ].int_32bit = value;
 150              		.loc 1 114 0
 151 0020 BB1D     		add	r3, r7, #6
 152 0022 1B88     		ldrh	r3, [r3]
 153 0024 094A     		ldr	r2, .L8
 154 0026 0C33     		add	r3, r3, #12
 155 0028 9B00     		lsl	r3, r3, #2
 156 002a D318     		add	r3, r2, r3
 157 002c 3A68     		ldr	r2, [r7]
 158 002e 5A60     		str	r2, [r3, #4]
 115:cypress_arduino.c ****         acb.slave.status |= ARDUINO_NEW_VALUE << ( sensor_no * 2);
 159              		.loc 1 115 0
 160 0030 064B     		ldr	r3, .L8
 161 0032 1B69     		ldr	r3, [r3, #16]
 162 0034 BA1D     		add	r2, r7, #6
 163 0036 1288     		ldrh	r2, [r2]
 164 0038 5200     		lsl	r2, r2, #1
 165 003a 0121     		mov	r1, #1
 166 003c 9140     		lsl	r1, r1, r2
ARM GAS  C:\Users\GREG~1.PHI\AppData\Local\Temp\cck56n0W.s 			page 6


 167 003e 0A1C     		mov	r2, r1
 168 0040 1A43     		orr	r2, r3
 169 0042 024B     		ldr	r3, .L8
 170 0044 1A61     		str	r2, [r3, #16]
 171              	.L6:
 116:cypress_arduino.c ****         
 117:cypress_arduino.c **** //      printf( "Saving sensor: %u, value: %f\r\n", sensor_no, value );
 118:cypress_arduino.c ****    }
 119:cypress_arduino.c **** }
 172              		.loc 1 119 0
 173 0046 BD46     		mov	sp, r7
 174 0048 02B0     		add	sp, sp, #8
 175              		@ sp needed
 176 004a 80BD     		pop	{r7, pc}
 177              	.L9:
 178              		.align	2
 179              	.L8:
 180 004c 00000000 		.word	acb
 181              		.cfi_endproc
 182              	.LFE2:
 183              		.size	set_int32_sensor_data, .-set_int32_sensor_data
 184              		.section	.text.set_float_sensor_data,"ax",%progbits
 185              		.align	2
 186              		.global	set_float_sensor_data
 187              		.code	16
 188              		.thumb_func
 189              		.type	set_float_sensor_data, %function
 190              	set_float_sensor_data:
 191              	.LFB3:
 120:cypress_arduino.c **** 
 121:cypress_arduino.c **** void set_float_sensor_data( uint16_t sensor_no, float value )
 122:cypress_arduino.c **** {
 192              		.loc 1 122 0
 193              		.cfi_startproc
 194 0000 80B5     		push	{r7, lr}
 195              		.cfi_def_cfa_offset 8
 196              		.cfi_offset 7, -8
 197              		.cfi_offset 14, -4
 198 0002 82B0     		sub	sp, sp, #8
 199              		.cfi_def_cfa_offset 16
 200 0004 00AF     		add	r7, sp, #0
 201              		.cfi_def_cfa_register 7
 202 0006 021C     		mov	r2, r0
 203 0008 3960     		str	r1, [r7]
 204 000a BB1D     		add	r3, r7, #6
 205 000c 1A80     		strh	r2, [r3]
 123:cypress_arduino.c ****    if( sensor_no < acb.config.no_sensors ) {
 206              		.loc 1 123 0
 207 000e BB1D     		add	r3, r7, #6
 208 0010 1B88     		ldrh	r3, [r3]
 209 0012 0E4A     		ldr	r2, .L12
 210 0014 D278     		ldrb	r2, [r2, #3]
 211 0016 1206     		lsl	r2, r2, #24
 212 0018 120F     		lsr	r2, r2, #28
 213 001a D2B2     		uxtb	r2, r2
 214 001c 9342     		cmp	r3, r2
 215 001e 12DA     		bge	.L10
ARM GAS  C:\Users\GREG~1.PHI\AppData\Local\Temp\cck56n0W.s 			page 7


 124:cypress_arduino.c ****         /*
 125:cypress_arduino.c ****          * Save the value and set the bit to indicate new value to upload
 126:cypress_arduino.c ****          */
 127:cypress_arduino.c ****         acb.data_sensors[ sensor_no ].float_32bit = value;
 216              		.loc 1 127 0
 217 0020 BB1D     		add	r3, r7, #6
 218 0022 1B88     		ldrh	r3, [r3]
 219 0024 094A     		ldr	r2, .L12
 220 0026 0C33     		add	r3, r3, #12
 221 0028 9B00     		lsl	r3, r3, #2
 222 002a D318     		add	r3, r2, r3
 223 002c 3A68     		ldr	r2, [r7]
 224 002e 5A60     		str	r2, [r3, #4]
 128:cypress_arduino.c ****         acb.slave.status |= ARDUINO_NEW_VALUE << ( sensor_no * 2);
 225              		.loc 1 128 0
 226 0030 064B     		ldr	r3, .L12
 227 0032 1B69     		ldr	r3, [r3, #16]
 228 0034 BA1D     		add	r2, r7, #6
 229 0036 1288     		ldrh	r2, [r2]
 230 0038 5200     		lsl	r2, r2, #1
 231 003a 0121     		mov	r1, #1
 232 003c 9140     		lsl	r1, r1, r2
 233 003e 0A1C     		mov	r2, r1
 234 0040 1A43     		orr	r2, r3
 235 0042 024B     		ldr	r3, .L12
 236 0044 1A61     		str	r2, [r3, #16]
 237              	.L10:
 129:cypress_arduino.c ****         
 130:cypress_arduino.c **** //      printf( "Saving sensor: %u, value: %f\r\n", sensor_no, value );
 131:cypress_arduino.c ****    }
 132:cypress_arduino.c **** }
 238              		.loc 1 132 0
 239 0046 BD46     		mov	sp, r7
 240 0048 02B0     		add	sp, sp, #8
 241              		@ sp needed
 242 004a 80BD     		pop	{r7, pc}
 243              	.L13:
 244              		.align	2
 245              	.L12:
 246 004c 00000000 		.word	acb
 247              		.cfi_endproc
 248              	.LFE3:
 249              		.size	set_float_sensor_data, .-set_float_sensor_data
 250              		.text
 251              	.Letext0:
 252              		.file 2 "c:\\program files (x86)\\cypress\\psoc creator\\4.0\\psoc creator\\import\\gnu\\arm\\4.9.
 253              		.file 3 "c:\\program files (x86)\\cypress\\psoc creator\\4.0\\psoc creator\\import\\gnu\\arm\\4.9.
 254              		.file 4 "arduino.h"
 255              		.section	.debug_info,"",%progbits
 256              	.Ldebug_info0:
 257 0000 C5030000 		.4byte	0x3c5
 258 0004 0400     		.2byte	0x4
 259 0006 00000000 		.4byte	.Ldebug_abbrev0
 260 000a 04       		.byte	0x4
 261 000b 01       		.uleb128 0x1
 262 000c 59020000 		.4byte	.LASF43
 263 0010 01       		.byte	0x1
ARM GAS  C:\Users\GREG~1.PHI\AppData\Local\Temp\cck56n0W.s 			page 8


 264 0011 34020000 		.4byte	.LASF44
 265 0015 E5010000 		.4byte	.LASF45
 266 0019 00000000 		.4byte	.Ldebug_ranges0+0
 267 001d 00000000 		.4byte	0
 268 0021 00000000 		.4byte	.Ldebug_line0
 269 0025 02       		.uleb128 0x2
 270 0026 01       		.byte	0x1
 271 0027 06       		.byte	0x6
 272 0028 3E000000 		.4byte	.LASF0
 273 002c 02       		.uleb128 0x2
 274 002d 01       		.byte	0x1
 275 002e 08       		.byte	0x8
 276 002f 67010000 		.4byte	.LASF1
 277 0033 02       		.uleb128 0x2
 278 0034 02       		.byte	0x2
 279 0035 05       		.byte	0x5
 280 0036 88010000 		.4byte	.LASF2
 281 003a 03       		.uleb128 0x3
 282 003b DA010000 		.4byte	.LASF4
 283 003f 02       		.byte	0x2
 284 0040 2B       		.byte	0x2b
 285 0041 45000000 		.4byte	0x45
 286 0045 02       		.uleb128 0x2
 287 0046 02       		.byte	0x2
 288 0047 07       		.byte	0x7
 289 0048 E6000000 		.4byte	.LASF3
 290 004c 03       		.uleb128 0x3
 291 004d 2A020000 		.4byte	.LASF5
 292 0051 02       		.byte	0x2
 293 0052 3F       		.byte	0x3f
 294 0053 57000000 		.4byte	0x57
 295 0057 02       		.uleb128 0x2
 296 0058 04       		.byte	0x4
 297 0059 05       		.byte	0x5
 298 005a 4F000000 		.4byte	.LASF6
 299 005e 03       		.uleb128 0x3
 300 005f 7C000000 		.4byte	.LASF7
 301 0063 02       		.byte	0x2
 302 0064 41       		.byte	0x41
 303 0065 69000000 		.4byte	0x69
 304 0069 02       		.uleb128 0x2
 305 006a 04       		.byte	0x4
 306 006b 07       		.byte	0x7
 307 006c C7000000 		.4byte	.LASF8
 308 0070 02       		.uleb128 0x2
 309 0071 08       		.byte	0x8
 310 0072 05       		.byte	0x5
 311 0073 30000000 		.4byte	.LASF9
 312 0077 02       		.uleb128 0x2
 313 0078 08       		.byte	0x8
 314 0079 07       		.byte	0x7
 315 007a 19000000 		.4byte	.LASF10
 316 007e 04       		.uleb128 0x4
 317 007f 04       		.byte	0x4
 318 0080 05       		.byte	0x5
 319 0081 696E7400 		.ascii	"int\000"
 320 0085 02       		.uleb128 0x2
ARM GAS  C:\Users\GREG~1.PHI\AppData\Local\Temp\cck56n0W.s 			page 9


 321 0086 04       		.byte	0x4
 322 0087 07       		.byte	0x7
 323 0088 B4000000 		.4byte	.LASF11
 324 008c 03       		.uleb128 0x3
 325 008d 58000000 		.4byte	.LASF12
 326 0091 03       		.byte	0x3
 327 0092 21       		.byte	0x21
 328 0093 3A000000 		.4byte	0x3a
 329 0097 03       		.uleb128 0x3
 330 0098 5F010000 		.4byte	.LASF13
 331 009c 03       		.byte	0x3
 332 009d 2C       		.byte	0x2c
 333 009e 4C000000 		.4byte	0x4c
 334 00a2 03       		.uleb128 0x3
 335 00a3 AE010000 		.4byte	.LASF14
 336 00a7 03       		.byte	0x3
 337 00a8 2D       		.byte	0x2d
 338 00a9 5E000000 		.4byte	0x5e
 339 00ad 02       		.uleb128 0x2
 340 00ae 04       		.byte	0x4
 341 00af 07       		.byte	0x7
 342 00b0 F9000000 		.4byte	.LASF15
 343 00b4 02       		.uleb128 0x2
 344 00b5 01       		.byte	0x1
 345 00b6 08       		.byte	0x8
 346 00b7 CE010000 		.4byte	.LASF16
 347 00bb 05       		.uleb128 0x5
 348 00bc 04       		.byte	0x4
 349 00bd 04       		.byte	0x4
 350 00be 7B       		.byte	0x7b
 351 00bf 0F010000 		.4byte	0x10f
 352 00c3 06       		.uleb128 0x6
 353 00c4 63666700 		.ascii	"cfg\000"
 354 00c8 04       		.byte	0x4
 355 00c9 7C       		.byte	0x7c
 356 00ca 85000000 		.4byte	0x85
 357 00ce 04       		.byte	0x4
 358 00cf 01       		.byte	0x1
 359 00d0 1F       		.byte	0x1f
 360 00d1 00       		.byte	0
 361 00d2 07       		.uleb128 0x7
 362 00d3 9E000000 		.4byte	.LASF17
 363 00d7 04       		.byte	0x4
 364 00d8 7D       		.byte	0x7d
 365 00d9 85000000 		.4byte	0x85
 366 00dd 04       		.byte	0x4
 367 00de 07       		.byte	0x7
 368 00df 18       		.byte	0x18
 369 00e0 00       		.byte	0
 370 00e1 07       		.uleb128 0x7
 371 00e2 61000000 		.4byte	.LASF18
 372 00e6 04       		.byte	0x4
 373 00e7 7E       		.byte	0x7e
 374 00e8 85000000 		.4byte	0x85
 375 00ec 04       		.byte	0x4
 376 00ed 10       		.byte	0x10
 377 00ee 08       		.byte	0x8
ARM GAS  C:\Users\GREG~1.PHI\AppData\Local\Temp\cck56n0W.s 			page 10


 378 00ef 00       		.byte	0
 379 00f0 07       		.uleb128 0x7
 380 00f1 0D000000 		.4byte	.LASF19
 381 00f5 04       		.byte	0x4
 382 00f6 7F       		.byte	0x7f
 383 00f7 85000000 		.4byte	0x85
 384 00fb 04       		.byte	0x4
 385 00fc 04       		.byte	0x4
 386 00fd 04       		.byte	0x4
 387 00fe 00       		.byte	0
 388 00ff 07       		.uleb128 0x7
 389 0100 92010000 		.4byte	.LASF20
 390 0104 04       		.byte	0x4
 391 0105 80       		.byte	0x80
 392 0106 85000000 		.4byte	0x85
 393 010a 04       		.byte	0x4
 394 010b 04       		.byte	0x4
 395 010c 00       		.byte	0
 396 010d 00       		.byte	0
 397 010e 00       		.byte	0
 398 010f 03       		.uleb128 0x3
 399 0110 B7010000 		.4byte	.LASF21
 400 0114 04       		.byte	0x4
 401 0115 81       		.byte	0x81
 402 0116 BB000000 		.4byte	0xbb
 403 011a 05       		.uleb128 0x5
 404 011b 04       		.byte	0x4
 405 011c 04       		.byte	0x4
 406 011d 83       		.byte	0x83
 407 011e 13020000 		.4byte	0x213
 408 0122 06       		.uleb128 0x6
 409 0123 63733700 		.ascii	"cs7\000"
 410 0127 04       		.byte	0x4
 411 0128 84       		.byte	0x84
 412 0129 85000000 		.4byte	0x85
 413 012d 04       		.byte	0x4
 414 012e 02       		.byte	0x2
 415 012f 1E       		.byte	0x1e
 416 0130 00       		.byte	0
 417 0131 06       		.uleb128 0x6
 418 0132 63733600 		.ascii	"cs6\000"
 419 0136 04       		.byte	0x4
 420 0137 85       		.byte	0x85
 421 0138 85000000 		.4byte	0x85
 422 013c 04       		.byte	0x4
 423 013d 02       		.byte	0x2
 424 013e 1C       		.byte	0x1c
 425 013f 00       		.byte	0
 426 0140 06       		.uleb128 0x6
 427 0141 63733500 		.ascii	"cs5\000"
 428 0145 04       		.byte	0x4
 429 0146 86       		.byte	0x86
 430 0147 85000000 		.4byte	0x85
 431 014b 04       		.byte	0x4
 432 014c 02       		.byte	0x2
 433 014d 1A       		.byte	0x1a
 434 014e 00       		.byte	0
ARM GAS  C:\Users\GREG~1.PHI\AppData\Local\Temp\cck56n0W.s 			page 11


 435 014f 06       		.uleb128 0x6
 436 0150 63733400 		.ascii	"cs4\000"
 437 0154 04       		.byte	0x4
 438 0155 87       		.byte	0x87
 439 0156 85000000 		.4byte	0x85
 440 015a 04       		.byte	0x4
 441 015b 02       		.byte	0x2
 442 015c 18       		.byte	0x18
 443 015d 00       		.byte	0
 444 015e 06       		.uleb128 0x6
 445 015f 63733300 		.ascii	"cs3\000"
 446 0163 04       		.byte	0x4
 447 0164 88       		.byte	0x88
 448 0165 85000000 		.4byte	0x85
 449 0169 04       		.byte	0x4
 450 016a 02       		.byte	0x2
 451 016b 16       		.byte	0x16
 452 016c 00       		.byte	0
 453 016d 06       		.uleb128 0x6
 454 016e 63733200 		.ascii	"cs2\000"
 455 0172 04       		.byte	0x4
 456 0173 89       		.byte	0x89
 457 0174 85000000 		.4byte	0x85
 458 0178 04       		.byte	0x4
 459 0179 02       		.byte	0x2
 460 017a 14       		.byte	0x14
 461 017b 00       		.byte	0
 462 017c 06       		.uleb128 0x6
 463 017d 63733100 		.ascii	"cs1\000"
 464 0181 04       		.byte	0x4
 465 0182 8A       		.byte	0x8a
 466 0183 85000000 		.4byte	0x85
 467 0187 04       		.byte	0x4
 468 0188 02       		.byte	0x2
 469 0189 12       		.byte	0x12
 470 018a 00       		.byte	0
 471 018b 06       		.uleb128 0x6
 472 018c 63733000 		.ascii	"cs0\000"
 473 0190 04       		.byte	0x4
 474 0191 8B       		.byte	0x8b
 475 0192 85000000 		.4byte	0x85
 476 0196 04       		.byte	0x4
 477 0197 02       		.byte	0x2
 478 0198 10       		.byte	0x10
 479 0199 00       		.byte	0
 480 019a 06       		.uleb128 0x6
 481 019b 73733700 		.ascii	"ss7\000"
 482 019f 04       		.byte	0x4
 483 01a0 8C       		.byte	0x8c
 484 01a1 85000000 		.4byte	0x85
 485 01a5 04       		.byte	0x4
 486 01a6 02       		.byte	0x2
 487 01a7 0E       		.byte	0xe
 488 01a8 00       		.byte	0
 489 01a9 06       		.uleb128 0x6
 490 01aa 73733600 		.ascii	"ss6\000"
 491 01ae 04       		.byte	0x4
ARM GAS  C:\Users\GREG~1.PHI\AppData\Local\Temp\cck56n0W.s 			page 12


 492 01af 8D       		.byte	0x8d
 493 01b0 85000000 		.4byte	0x85
 494 01b4 04       		.byte	0x4
 495 01b5 02       		.byte	0x2
 496 01b6 0C       		.byte	0xc
 497 01b7 00       		.byte	0
 498 01b8 06       		.uleb128 0x6
 499 01b9 73733500 		.ascii	"ss5\000"
 500 01bd 04       		.byte	0x4
 501 01be 8E       		.byte	0x8e
 502 01bf 85000000 		.4byte	0x85
 503 01c3 04       		.byte	0x4
 504 01c4 02       		.byte	0x2
 505 01c5 0A       		.byte	0xa
 506 01c6 00       		.byte	0
 507 01c7 06       		.uleb128 0x6
 508 01c8 73733400 		.ascii	"ss4\000"
 509 01cc 04       		.byte	0x4
 510 01cd 8F       		.byte	0x8f
 511 01ce 85000000 		.4byte	0x85
 512 01d2 04       		.byte	0x4
 513 01d3 02       		.byte	0x2
 514 01d4 08       		.byte	0x8
 515 01d5 00       		.byte	0
 516 01d6 06       		.uleb128 0x6
 517 01d7 73733300 		.ascii	"ss3\000"
 518 01db 04       		.byte	0x4
 519 01dc 90       		.byte	0x90
 520 01dd 85000000 		.4byte	0x85
 521 01e1 04       		.byte	0x4
 522 01e2 02       		.byte	0x2
 523 01e3 06       		.byte	0x6
 524 01e4 00       		.byte	0
 525 01e5 06       		.uleb128 0x6
 526 01e6 73733200 		.ascii	"ss2\000"
 527 01ea 04       		.byte	0x4
 528 01eb 91       		.byte	0x91
 529 01ec 85000000 		.4byte	0x85
 530 01f0 04       		.byte	0x4
 531 01f1 02       		.byte	0x2
 532 01f2 04       		.byte	0x4
 533 01f3 00       		.byte	0
 534 01f4 06       		.uleb128 0x6
 535 01f5 73733100 		.ascii	"ss1\000"
 536 01f9 04       		.byte	0x4
 537 01fa 92       		.byte	0x92
 538 01fb 85000000 		.4byte	0x85
 539 01ff 04       		.byte	0x4
 540 0200 02       		.byte	0x2
 541 0201 02       		.byte	0x2
 542 0202 00       		.byte	0
 543 0203 06       		.uleb128 0x6
 544 0204 73733000 		.ascii	"ss0\000"
 545 0208 04       		.byte	0x4
 546 0209 93       		.byte	0x93
 547 020a 85000000 		.4byte	0x85
 548 020e 04       		.byte	0x4
ARM GAS  C:\Users\GREG~1.PHI\AppData\Local\Temp\cck56n0W.s 			page 13


 549 020f 02       		.byte	0x2
 550 0210 00       		.byte	0
 551 0211 00       		.byte	0
 552 0212 00       		.byte	0
 553 0213 03       		.uleb128 0x3
 554 0214 33010000 		.4byte	.LASF22
 555 0218 04       		.byte	0x4
 556 0219 94       		.byte	0x94
 557 021a 1A010000 		.4byte	0x11a
 558 021e 08       		.uleb128 0x8
 559 021f 04       		.byte	0x4
 560 0220 04       		.byte	0x4
 561 0221 96       		.byte	0x96
 562 0222 48020000 		.4byte	0x248
 563 0226 09       		.uleb128 0x9
 564 0227 3A010000 		.4byte	.LASF23
 565 022b 04       		.byte	0x4
 566 022c 97       		.byte	0x97
 567 022d A2000000 		.4byte	0xa2
 568 0231 09       		.uleb128 0x9
 569 0232 29010000 		.4byte	.LASF24
 570 0236 04       		.byte	0x4
 571 0237 98       		.byte	0x98
 572 0238 97000000 		.4byte	0x97
 573 023c 09       		.uleb128 0x9
 574 023d 4D020000 		.4byte	.LASF25
 575 0241 04       		.byte	0x4
 576 0242 99       		.byte	0x99
 577 0243 48020000 		.4byte	0x248
 578 0247 00       		.byte	0
 579 0248 02       		.uleb128 0x2
 580 0249 04       		.byte	0x4
 581 024a 04       		.byte	0x4
 582 024b 45010000 		.4byte	.LASF26
 583 024f 03       		.uleb128 0x3
 584 0250 06000000 		.4byte	.LASF27
 585 0254 04       		.byte	0x4
 586 0255 9A       		.byte	0x9a
 587 0256 1E020000 		.4byte	0x21e
 588 025a 08       		.uleb128 0x8
 589 025b 04       		.byte	0x4
 590 025c 04       		.byte	0x4
 591 025d A0       		.byte	0xa0
 592 025e 79020000 		.4byte	0x279
 593 0262 09       		.uleb128 0x9
 594 0263 4A000000 		.4byte	.LASF28
 595 0267 04       		.byte	0x4
 596 0268 A1       		.byte	0xa1
 597 0269 13020000 		.4byte	0x213
 598 026d 09       		.uleb128 0x9
 599 026e 46020000 		.4byte	.LASF29
 600 0272 04       		.byte	0x4
 601 0273 A2       		.byte	0xa2
 602 0274 A2000000 		.4byte	0xa2
 603 0278 00       		.byte	0
 604 0279 08       		.uleb128 0x8
 605 027a 04       		.byte	0x4
ARM GAS  C:\Users\GREG~1.PHI\AppData\Local\Temp\cck56n0W.s 			page 14


 606 027b 04       		.byte	0x4
 607 027c A4       		.byte	0xa4
 608 027d 98020000 		.4byte	0x298
 609 0281 09       		.uleb128 0x9
 610 0282 4A000000 		.4byte	.LASF28
 611 0286 04       		.byte	0x4
 612 0287 A5       		.byte	0xa5
 613 0288 13020000 		.4byte	0x213
 614 028c 09       		.uleb128 0x9
 615 028d 46020000 		.4byte	.LASF29
 616 0291 04       		.byte	0x4
 617 0292 A6       		.byte	0xa6
 618 0293 A2000000 		.4byte	0xa2
 619 0297 00       		.byte	0
 620 0298 05       		.uleb128 0x5
 621 0299 54       		.byte	0x54
 622 029a 04       		.byte	0x4
 623 029b 9C       		.byte	0x9c
 624 029c F5020000 		.4byte	0x2f5
 625 02a0 0A       		.uleb128 0xa
 626 02a1 D3010000 		.4byte	.LASF30
 627 02a5 04       		.byte	0x4
 628 02a6 9D       		.byte	0x9d
 629 02a7 0F010000 		.4byte	0x10f
 630 02ab 00       		.byte	0
 631 02ac 0A       		.uleb128 0xa
 632 02ad 75010000 		.4byte	.LASF31
 633 02b1 04       		.byte	0x4
 634 02b2 9E       		.byte	0x9e
 635 02b3 A2000000 		.4byte	0xa2
 636 02b7 04       		.byte	0x4
 637 02b8 0A       		.uleb128 0xa
 638 02b9 4B010000 		.4byte	.LASF32
 639 02bd 04       		.byte	0x4
 640 02be 9F       		.byte	0x9f
 641 02bf A2000000 		.4byte	0xa2
 642 02c3 08       		.byte	0x8
 643 02c4 0A       		.uleb128 0xa
 644 02c5 02010000 		.4byte	.LASF33
 645 02c9 04       		.byte	0x4
 646 02ca A3       		.byte	0xa3
 647 02cb 5A020000 		.4byte	0x25a
 648 02cf 0C       		.byte	0xc
 649 02d0 0A       		.uleb128 0xa
 650 02d1 C1000000 		.4byte	.LASF34
 651 02d5 04       		.byte	0x4
 652 02d6 A7       		.byte	0xa7
 653 02d7 79020000 		.4byte	0x279
 654 02db 10       		.byte	0x10
 655 02dc 0A       		.uleb128 0xa
 656 02dd 6E000000 		.4byte	.LASF35
 657 02e1 04       		.byte	0x4
 658 02e2 A8       		.byte	0xa8
 659 02e3 F5020000 		.4byte	0x2f5
 660 02e7 14       		.byte	0x14
 661 02e8 0A       		.uleb128 0xa
 662 02e9 D9000000 		.4byte	.LASF36
ARM GAS  C:\Users\GREG~1.PHI\AppData\Local\Temp\cck56n0W.s 			page 15


 663 02ed 04       		.byte	0x4
 664 02ee A9       		.byte	0xa9
 665 02ef F5020000 		.4byte	0x2f5
 666 02f3 34       		.byte	0x34
 667 02f4 00       		.byte	0
 668 02f5 0B       		.uleb128 0xb
 669 02f6 4F020000 		.4byte	0x24f
 670 02fa 05030000 		.4byte	0x305
 671 02fe 0C       		.uleb128 0xc
 672 02ff AD000000 		.4byte	0xad
 673 0303 07       		.byte	0x7
 674 0304 00       		.byte	0
 675 0305 03       		.uleb128 0x3
 676 0306 9D010000 		.4byte	.LASF37
 677 030a 04       		.byte	0x4
 678 030b AA       		.byte	0xaa
 679 030c 98020000 		.4byte	0x298
 680 0310 0D       		.uleb128 0xd
 681 0311 A7000000 		.4byte	.LASF46
 682 0315 01       		.byte	0x1
 683 0316 5C       		.byte	0x5c
 684 0317 00000000 		.4byte	.LFB0
 685 031b 08000000 		.4byte	.LFE0-.LFB0
 686 031f 01       		.uleb128 0x1
 687 0320 9C       		.byte	0x9c
 688 0321 0E       		.uleb128 0xe
 689 0322 87000000 		.4byte	.LASF40
 690 0326 01       		.byte	0x1
 691 0327 60       		.byte	0x60
 692 0328 00000000 		.4byte	.LFB1
 693 032c 50000000 		.4byte	.LFE1-.LFB1
 694 0330 01       		.uleb128 0x1
 695 0331 9C       		.byte	0x9c
 696 0332 53030000 		.4byte	0x353
 697 0336 0F       		.uleb128 0xf
 698 0337 09010000 		.4byte	.LASF38
 699 033b 01       		.byte	0x1
 700 033c 60       		.byte	0x60
 701 033d 8C000000 		.4byte	0x8c
 702 0341 02       		.uleb128 0x2
 703 0342 91       		.byte	0x91
 704 0343 76       		.sleb128 -10
 705 0344 0F       		.uleb128 0xf
 706 0345 00000000 		.4byte	.LASF39
 707 0349 01       		.byte	0x1
 708 034a 60       		.byte	0x60
 709 034b A2000000 		.4byte	0xa2
 710 034f 02       		.uleb128 0x2
 711 0350 91       		.byte	0x91
 712 0351 70       		.sleb128 -16
 713 0352 00       		.byte	0
 714 0353 0E       		.uleb128 0xe
 715 0354 E7020000 		.4byte	.LASF41
 716 0358 01       		.byte	0x1
 717 0359 6C       		.byte	0x6c
 718 035a 00000000 		.4byte	.LFB2
 719 035e 50000000 		.4byte	.LFE2-.LFB2
ARM GAS  C:\Users\GREG~1.PHI\AppData\Local\Temp\cck56n0W.s 			page 16


 720 0362 01       		.uleb128 0x1
 721 0363 9C       		.byte	0x9c
 722 0364 85030000 		.4byte	0x385
 723 0368 0F       		.uleb128 0xf
 724 0369 09010000 		.4byte	.LASF38
 725 036d 01       		.byte	0x1
 726 036e 6C       		.byte	0x6c
 727 036f 8C000000 		.4byte	0x8c
 728 0373 02       		.uleb128 0x2
 729 0374 91       		.byte	0x91
 730 0375 76       		.sleb128 -10
 731 0376 0F       		.uleb128 0xf
 732 0377 00000000 		.4byte	.LASF39
 733 037b 01       		.byte	0x1
 734 037c 6C       		.byte	0x6c
 735 037d 97000000 		.4byte	0x97
 736 0381 02       		.uleb128 0x2
 737 0382 91       		.byte	0x91
 738 0383 70       		.sleb128 -16
 739 0384 00       		.byte	0
 740 0385 0E       		.uleb128 0xe
 741 0386 13010000 		.4byte	.LASF42
 742 038a 01       		.byte	0x1
 743 038b 79       		.byte	0x79
 744 038c 00000000 		.4byte	.LFB3
 745 0390 50000000 		.4byte	.LFE3-.LFB3
 746 0394 01       		.uleb128 0x1
 747 0395 9C       		.byte	0x9c
 748 0396 B7030000 		.4byte	0x3b7
 749 039a 0F       		.uleb128 0xf
 750 039b 09010000 		.4byte	.LASF38
 751 039f 01       		.byte	0x1
 752 03a0 79       		.byte	0x79
 753 03a1 8C000000 		.4byte	0x8c
 754 03a5 02       		.uleb128 0x2
 755 03a6 91       		.byte	0x91
 756 03a7 76       		.sleb128 -10
 757 03a8 0F       		.uleb128 0xf
 758 03a9 00000000 		.4byte	.LASF39
 759 03ad 01       		.byte	0x1
 760 03ae 79       		.byte	0x79
 761 03af 48020000 		.4byte	0x248
 762 03b3 02       		.uleb128 0x2
 763 03b4 91       		.byte	0x91
 764 03b5 70       		.sleb128 -16
 765 03b6 00       		.byte	0
 766 03b7 10       		.uleb128 0x10
 767 03b8 61636200 		.ascii	"acb\000"
 768 03bc 01       		.byte	0x1
 769 03bd 4B       		.byte	0x4b
 770 03be 05030000 		.4byte	0x305
 771 03c2 05       		.uleb128 0x5
 772 03c3 03       		.byte	0x3
 773 03c4 00000000 		.4byte	acb
 774 03c8 00       		.byte	0
 775              		.section	.debug_abbrev,"",%progbits
 776              	.Ldebug_abbrev0:
ARM GAS  C:\Users\GREG~1.PHI\AppData\Local\Temp\cck56n0W.s 			page 17


 777 0000 01       		.uleb128 0x1
 778 0001 11       		.uleb128 0x11
 779 0002 01       		.byte	0x1
 780 0003 25       		.uleb128 0x25
 781 0004 0E       		.uleb128 0xe
 782 0005 13       		.uleb128 0x13
 783 0006 0B       		.uleb128 0xb
 784 0007 03       		.uleb128 0x3
 785 0008 0E       		.uleb128 0xe
 786 0009 1B       		.uleb128 0x1b
 787 000a 0E       		.uleb128 0xe
 788 000b 55       		.uleb128 0x55
 789 000c 17       		.uleb128 0x17
 790 000d 11       		.uleb128 0x11
 791 000e 01       		.uleb128 0x1
 792 000f 10       		.uleb128 0x10
 793 0010 17       		.uleb128 0x17
 794 0011 00       		.byte	0
 795 0012 00       		.byte	0
 796 0013 02       		.uleb128 0x2
 797 0014 24       		.uleb128 0x24
 798 0015 00       		.byte	0
 799 0016 0B       		.uleb128 0xb
 800 0017 0B       		.uleb128 0xb
 801 0018 3E       		.uleb128 0x3e
 802 0019 0B       		.uleb128 0xb
 803 001a 03       		.uleb128 0x3
 804 001b 0E       		.uleb128 0xe
 805 001c 00       		.byte	0
 806 001d 00       		.byte	0
 807 001e 03       		.uleb128 0x3
 808 001f 16       		.uleb128 0x16
 809 0020 00       		.byte	0
 810 0021 03       		.uleb128 0x3
 811 0022 0E       		.uleb128 0xe
 812 0023 3A       		.uleb128 0x3a
 813 0024 0B       		.uleb128 0xb
 814 0025 3B       		.uleb128 0x3b
 815 0026 0B       		.uleb128 0xb
 816 0027 49       		.uleb128 0x49
 817 0028 13       		.uleb128 0x13
 818 0029 00       		.byte	0
 819 002a 00       		.byte	0
 820 002b 04       		.uleb128 0x4
 821 002c 24       		.uleb128 0x24
 822 002d 00       		.byte	0
 823 002e 0B       		.uleb128 0xb
 824 002f 0B       		.uleb128 0xb
 825 0030 3E       		.uleb128 0x3e
 826 0031 0B       		.uleb128 0xb
 827 0032 03       		.uleb128 0x3
 828 0033 08       		.uleb128 0x8
 829 0034 00       		.byte	0
 830 0035 00       		.byte	0
 831 0036 05       		.uleb128 0x5
 832 0037 13       		.uleb128 0x13
 833 0038 01       		.byte	0x1
ARM GAS  C:\Users\GREG~1.PHI\AppData\Local\Temp\cck56n0W.s 			page 18


 834 0039 0B       		.uleb128 0xb
 835 003a 0B       		.uleb128 0xb
 836 003b 3A       		.uleb128 0x3a
 837 003c 0B       		.uleb128 0xb
 838 003d 3B       		.uleb128 0x3b
 839 003e 0B       		.uleb128 0xb
 840 003f 01       		.uleb128 0x1
 841 0040 13       		.uleb128 0x13
 842 0041 00       		.byte	0
 843 0042 00       		.byte	0
 844 0043 06       		.uleb128 0x6
 845 0044 0D       		.uleb128 0xd
 846 0045 00       		.byte	0
 847 0046 03       		.uleb128 0x3
 848 0047 08       		.uleb128 0x8
 849 0048 3A       		.uleb128 0x3a
 850 0049 0B       		.uleb128 0xb
 851 004a 3B       		.uleb128 0x3b
 852 004b 0B       		.uleb128 0xb
 853 004c 49       		.uleb128 0x49
 854 004d 13       		.uleb128 0x13
 855 004e 0B       		.uleb128 0xb
 856 004f 0B       		.uleb128 0xb
 857 0050 0D       		.uleb128 0xd
 858 0051 0B       		.uleb128 0xb
 859 0052 0C       		.uleb128 0xc
 860 0053 0B       		.uleb128 0xb
 861 0054 38       		.uleb128 0x38
 862 0055 0B       		.uleb128 0xb
 863 0056 00       		.byte	0
 864 0057 00       		.byte	0
 865 0058 07       		.uleb128 0x7
 866 0059 0D       		.uleb128 0xd
 867 005a 00       		.byte	0
 868 005b 03       		.uleb128 0x3
 869 005c 0E       		.uleb128 0xe
 870 005d 3A       		.uleb128 0x3a
 871 005e 0B       		.uleb128 0xb
 872 005f 3B       		.uleb128 0x3b
 873 0060 0B       		.uleb128 0xb
 874 0061 49       		.uleb128 0x49
 875 0062 13       		.uleb128 0x13
 876 0063 0B       		.uleb128 0xb
 877 0064 0B       		.uleb128 0xb
 878 0065 0D       		.uleb128 0xd
 879 0066 0B       		.uleb128 0xb
 880 0067 0C       		.uleb128 0xc
 881 0068 0B       		.uleb128 0xb
 882 0069 38       		.uleb128 0x38
 883 006a 0B       		.uleb128 0xb
 884 006b 00       		.byte	0
 885 006c 00       		.byte	0
 886 006d 08       		.uleb128 0x8
 887 006e 17       		.uleb128 0x17
 888 006f 01       		.byte	0x1
 889 0070 0B       		.uleb128 0xb
 890 0071 0B       		.uleb128 0xb
ARM GAS  C:\Users\GREG~1.PHI\AppData\Local\Temp\cck56n0W.s 			page 19


 891 0072 3A       		.uleb128 0x3a
 892 0073 0B       		.uleb128 0xb
 893 0074 3B       		.uleb128 0x3b
 894 0075 0B       		.uleb128 0xb
 895 0076 01       		.uleb128 0x1
 896 0077 13       		.uleb128 0x13
 897 0078 00       		.byte	0
 898 0079 00       		.byte	0
 899 007a 09       		.uleb128 0x9
 900 007b 0D       		.uleb128 0xd
 901 007c 00       		.byte	0
 902 007d 03       		.uleb128 0x3
 903 007e 0E       		.uleb128 0xe
 904 007f 3A       		.uleb128 0x3a
 905 0080 0B       		.uleb128 0xb
 906 0081 3B       		.uleb128 0x3b
 907 0082 0B       		.uleb128 0xb
 908 0083 49       		.uleb128 0x49
 909 0084 13       		.uleb128 0x13
 910 0085 00       		.byte	0
 911 0086 00       		.byte	0
 912 0087 0A       		.uleb128 0xa
 913 0088 0D       		.uleb128 0xd
 914 0089 00       		.byte	0
 915 008a 03       		.uleb128 0x3
 916 008b 0E       		.uleb128 0xe
 917 008c 3A       		.uleb128 0x3a
 918 008d 0B       		.uleb128 0xb
 919 008e 3B       		.uleb128 0x3b
 920 008f 0B       		.uleb128 0xb
 921 0090 49       		.uleb128 0x49
 922 0091 13       		.uleb128 0x13
 923 0092 38       		.uleb128 0x38
 924 0093 0B       		.uleb128 0xb
 925 0094 00       		.byte	0
 926 0095 00       		.byte	0
 927 0096 0B       		.uleb128 0xb
 928 0097 01       		.uleb128 0x1
 929 0098 01       		.byte	0x1
 930 0099 49       		.uleb128 0x49
 931 009a 13       		.uleb128 0x13
 932 009b 01       		.uleb128 0x1
 933 009c 13       		.uleb128 0x13
 934 009d 00       		.byte	0
 935 009e 00       		.byte	0
 936 009f 0C       		.uleb128 0xc
 937 00a0 21       		.uleb128 0x21
 938 00a1 00       		.byte	0
 939 00a2 49       		.uleb128 0x49
 940 00a3 13       		.uleb128 0x13
 941 00a4 2F       		.uleb128 0x2f
 942 00a5 0B       		.uleb128 0xb
 943 00a6 00       		.byte	0
 944 00a7 00       		.byte	0
 945 00a8 0D       		.uleb128 0xd
 946 00a9 2E       		.uleb128 0x2e
 947 00aa 00       		.byte	0
ARM GAS  C:\Users\GREG~1.PHI\AppData\Local\Temp\cck56n0W.s 			page 20


 948 00ab 3F       		.uleb128 0x3f
 949 00ac 19       		.uleb128 0x19
 950 00ad 03       		.uleb128 0x3
 951 00ae 0E       		.uleb128 0xe
 952 00af 3A       		.uleb128 0x3a
 953 00b0 0B       		.uleb128 0xb
 954 00b1 3B       		.uleb128 0x3b
 955 00b2 0B       		.uleb128 0xb
 956 00b3 27       		.uleb128 0x27
 957 00b4 19       		.uleb128 0x19
 958 00b5 11       		.uleb128 0x11
 959 00b6 01       		.uleb128 0x1
 960 00b7 12       		.uleb128 0x12
 961 00b8 06       		.uleb128 0x6
 962 00b9 40       		.uleb128 0x40
 963 00ba 18       		.uleb128 0x18
 964 00bb 9742     		.uleb128 0x2117
 965 00bd 19       		.uleb128 0x19
 966 00be 00       		.byte	0
 967 00bf 00       		.byte	0
 968 00c0 0E       		.uleb128 0xe
 969 00c1 2E       		.uleb128 0x2e
 970 00c2 01       		.byte	0x1
 971 00c3 3F       		.uleb128 0x3f
 972 00c4 19       		.uleb128 0x19
 973 00c5 03       		.uleb128 0x3
 974 00c6 0E       		.uleb128 0xe
 975 00c7 3A       		.uleb128 0x3a
 976 00c8 0B       		.uleb128 0xb
 977 00c9 3B       		.uleb128 0x3b
 978 00ca 0B       		.uleb128 0xb
 979 00cb 27       		.uleb128 0x27
 980 00cc 19       		.uleb128 0x19
 981 00cd 11       		.uleb128 0x11
 982 00ce 01       		.uleb128 0x1
 983 00cf 12       		.uleb128 0x12
 984 00d0 06       		.uleb128 0x6
 985 00d1 40       		.uleb128 0x40
 986 00d2 18       		.uleb128 0x18
 987 00d3 9742     		.uleb128 0x2117
 988 00d5 19       		.uleb128 0x19
 989 00d6 01       		.uleb128 0x1
 990 00d7 13       		.uleb128 0x13
 991 00d8 00       		.byte	0
 992 00d9 00       		.byte	0
 993 00da 0F       		.uleb128 0xf
 994 00db 05       		.uleb128 0x5
 995 00dc 00       		.byte	0
 996 00dd 03       		.uleb128 0x3
 997 00de 0E       		.uleb128 0xe
 998 00df 3A       		.uleb128 0x3a
 999 00e0 0B       		.uleb128 0xb
 1000 00e1 3B       		.uleb128 0x3b
 1001 00e2 0B       		.uleb128 0xb
 1002 00e3 49       		.uleb128 0x49
 1003 00e4 13       		.uleb128 0x13
 1004 00e5 02       		.uleb128 0x2
ARM GAS  C:\Users\GREG~1.PHI\AppData\Local\Temp\cck56n0W.s 			page 21


 1005 00e6 18       		.uleb128 0x18
 1006 00e7 00       		.byte	0
 1007 00e8 00       		.byte	0
 1008 00e9 10       		.uleb128 0x10
 1009 00ea 34       		.uleb128 0x34
 1010 00eb 00       		.byte	0
 1011 00ec 03       		.uleb128 0x3
 1012 00ed 08       		.uleb128 0x8
 1013 00ee 3A       		.uleb128 0x3a
 1014 00ef 0B       		.uleb128 0xb
 1015 00f0 3B       		.uleb128 0x3b
 1016 00f1 0B       		.uleb128 0xb
 1017 00f2 49       		.uleb128 0x49
 1018 00f3 13       		.uleb128 0x13
 1019 00f4 3F       		.uleb128 0x3f
 1020 00f5 19       		.uleb128 0x19
 1021 00f6 02       		.uleb128 0x2
 1022 00f7 18       		.uleb128 0x18
 1023 00f8 00       		.byte	0
 1024 00f9 00       		.byte	0
 1025 00fa 00       		.byte	0
 1026              		.section	.debug_aranges,"",%progbits
 1027 0000 34000000 		.4byte	0x34
 1028 0004 0200     		.2byte	0x2
 1029 0006 00000000 		.4byte	.Ldebug_info0
 1030 000a 04       		.byte	0x4
 1031 000b 00       		.byte	0
 1032 000c 0000     		.2byte	0
 1033 000e 0000     		.2byte	0
 1034 0010 00000000 		.4byte	.LFB0
 1035 0014 08000000 		.4byte	.LFE0-.LFB0
 1036 0018 00000000 		.4byte	.LFB1
 1037 001c 50000000 		.4byte	.LFE1-.LFB1
 1038 0020 00000000 		.4byte	.LFB2
 1039 0024 50000000 		.4byte	.LFE2-.LFB2
 1040 0028 00000000 		.4byte	.LFB3
 1041 002c 50000000 		.4byte	.LFE3-.LFB3
 1042 0030 00000000 		.4byte	0
 1043 0034 00000000 		.4byte	0
 1044              		.section	.debug_ranges,"",%progbits
 1045              	.Ldebug_ranges0:
 1046 0000 00000000 		.4byte	.LFB0
 1047 0004 08000000 		.4byte	.LFE0
 1048 0008 00000000 		.4byte	.LFB1
 1049 000c 50000000 		.4byte	.LFE1
 1050 0010 00000000 		.4byte	.LFB2
 1051 0014 50000000 		.4byte	.LFE2
 1052 0018 00000000 		.4byte	.LFB3
 1053 001c 50000000 		.4byte	.LFE3
 1054 0020 00000000 		.4byte	0
 1055 0024 00000000 		.4byte	0
 1056              		.section	.debug_line,"",%progbits
 1057              	.Ldebug_line0:
 1058 0000 80010000 		.section	.debug_str,"MS",%progbits,1
 1058      02002D01 
 1058      00000201 
 1058      FB0E0D00 
ARM GAS  C:\Users\GREG~1.PHI\AppData\Local\Temp\cck56n0W.s 			page 22


 1058      01010101 
 1059              	.LASF39:
 1060 0000 76616C75 		.ascii	"value\000"
 1060      6500
 1061              	.LASF27:
 1062 0006 64617461 		.ascii	"data_t\000"
 1062      5F7400
 1063              	.LASF19:
 1064 000d 6E6F5F63 		.ascii	"no_controls\000"
 1064      6F6E7472 
 1064      6F6C7300 
 1065              	.LASF10:
 1066 0019 6C6F6E67 		.ascii	"long long unsigned int\000"
 1066      206C6F6E 
 1066      6720756E 
 1066      7369676E 
 1066      65642069 
 1067              	.LASF9:
 1068 0030 6C6F6E67 		.ascii	"long long int\000"
 1068      206C6F6E 
 1068      6720696E 
 1068      7400
 1069              	.LASF0:
 1070 003e 7369676E 		.ascii	"signed char\000"
 1070      65642063 
 1070      68617200 
 1071              	.LASF28:
 1072 004a 62697473 		.ascii	"bits\000"
 1072      00
 1073              	.LASF6:
 1074 004f 6C6F6E67 		.ascii	"long int\000"
 1074      20696E74 
 1074      00
 1075              	.LASF12:
 1076 0058 75696E74 		.ascii	"uint16_t\000"
 1076      31365F74 
 1076      00
 1077              	.LASF18:
 1078 0061 61726475 		.ascii	"arduino_code\000"
 1078      696E6F5F 
 1078      636F6465 
 1078      00
 1079              	.LASF35:
 1080 006e 64617461 		.ascii	"data_controls\000"
 1080      5F636F6E 
 1080      74726F6C 
 1080      7300
 1081              	.LASF7:
 1082 007c 5F5F7569 		.ascii	"__uint32_t\000"
 1082      6E743332 
 1082      5F7400
 1083              	.LASF40:
 1084 0087 7365745F 		.ascii	"set_uint32_sensor_data\000"
 1084      75696E74 
 1084      33325F73 
 1084      656E736F 
 1084      725F6461 
ARM GAS  C:\Users\GREG~1.PHI\AppData\Local\Temp\cck56n0W.s 			page 23


 1085              	.LASF17:
 1086 009e 72657365 		.ascii	"reserved\000"
 1086      72766564 
 1086      00
 1087              	.LASF46:
 1088 00a7 696E6974 		.ascii	"init_arduino\000"
 1088      5F617264 
 1088      75696E6F 
 1088      00
 1089              	.LASF11:
 1090 00b4 756E7369 		.ascii	"unsigned int\000"
 1090      676E6564 
 1090      20696E74 
 1090      00
 1091              	.LASF34:
 1092 00c1 736C6176 		.ascii	"slave\000"
 1092      6500
 1093              	.LASF8:
 1094 00c7 6C6F6E67 		.ascii	"long unsigned int\000"
 1094      20756E73 
 1094      69676E65 
 1094      6420696E 
 1094      7400
 1095              	.LASF36:
 1096 00d9 64617461 		.ascii	"data_sensors\000"
 1096      5F73656E 
 1096      736F7273 
 1096      00
 1097              	.LASF3:
 1098 00e6 73686F72 		.ascii	"short unsigned int\000"
 1098      7420756E 
 1098      7369676E 
 1098      65642069 
 1098      6E7400
 1099              	.LASF15:
 1100 00f9 73697A65 		.ascii	"sizetype\000"
 1100      74797065 
 1100      00
 1101              	.LASF33:
 1102 0102 6D617374 		.ascii	"master\000"
 1102      657200
 1103              	.LASF38:
 1104 0109 73656E73 		.ascii	"sensor_no\000"
 1104      6F725F6E 
 1104      6F00
 1105              	.LASF42:
 1106 0113 7365745F 		.ascii	"set_float_sensor_data\000"
 1106      666C6F61 
 1106      745F7365 
 1106      6E736F72 
 1106      5F646174 
 1107              	.LASF24:
 1108 0129 696E745F 		.ascii	"int_32bit\000"
 1108      33326269 
 1108      7400
 1109              	.LASF22:
 1110 0133 62697473 		.ascii	"bits_t\000"
ARM GAS  C:\Users\GREG~1.PHI\AppData\Local\Temp\cck56n0W.s 			page 24


 1110      5F7400
 1111              	.LASF23:
 1112 013a 75696E74 		.ascii	"uint_32bit\000"
 1112      5F333262 
 1112      697400
 1113              	.LASF26:
 1114 0145 666C6F61 		.ascii	"float\000"
 1114      7400
 1115              	.LASF32:
 1116 014b 61726475 		.ascii	"arduino_status_code\000"
 1116      696E6F5F 
 1116      73746174 
 1116      75735F63 
 1116      6F646500 
 1117              	.LASF13:
 1118 015f 696E7433 		.ascii	"int32_t\000"
 1118      325F7400 
 1119              	.LASF1:
 1120 0167 756E7369 		.ascii	"unsigned char\000"
 1120      676E6564 
 1120      20636861 
 1120      7200
 1121              	.LASF31:
 1122 0175 73797374 		.ascii	"system_status_code\000"
 1122      656D5F73 
 1122      74617475 
 1122      735F636F 
 1122      646500
 1123              	.LASF2:
 1124 0188 73686F72 		.ascii	"short int\000"
 1124      7420696E 
 1124      7400
 1125              	.LASF20:
 1126 0192 6E6F5F73 		.ascii	"no_sensors\000"
 1126      656E736F 
 1126      727300
 1127              	.LASF37:
 1128 019d 61726475 		.ascii	"arduino_config_t\000"
 1128      696E6F5F 
 1128      636F6E66 
 1128      69675F74 
 1128      00
 1129              	.LASF14:
 1130 01ae 75696E74 		.ascii	"uint32_t\000"
 1130      33325F74 
 1130      00
 1131              	.LASF21:
 1132 01b7 64657669 		.ascii	"device_configuration_t\000"
 1132      63655F63 
 1132      6F6E6669 
 1132      67757261 
 1132      74696F6E 
 1133              	.LASF16:
 1134 01ce 63686172 		.ascii	"char\000"
 1134      00
 1135              	.LASF30:
 1136 01d3 636F6E66 		.ascii	"config\000"
ARM GAS  C:\Users\GREG~1.PHI\AppData\Local\Temp\cck56n0W.s 			page 25


 1136      696700
 1137              	.LASF4:
 1138 01da 5F5F7569 		.ascii	"__uint16_t\000"
 1138      6E743136 
 1138      5F7400
 1139              	.LASF45:
 1140 01e5 443A5C44 		.ascii	"D:\\Dropbox\\IoT Development\\Cypress PSoC Developm"
 1140      726F7062 
 1140      6F785C49 
 1140      6F542044 
 1140      6576656C 
 1141 0215 656E745C 		.ascii	"ent\\RTD Design.cydsn\000"
 1141      52544420 
 1141      44657369 
 1141      676E2E63 
 1141      7964736E 
 1142              	.LASF5:
 1143 022a 5F5F696E 		.ascii	"__int32_t\000"
 1143      7433325F 
 1143      7400
 1144              	.LASF44:
 1145 0234 63797072 		.ascii	"cypress_arduino.c\000"
 1145      6573735F 
 1145      61726475 
 1145      696E6F2E 
 1145      6300
 1146              	.LASF29:
 1147 0246 73746174 		.ascii	"status\000"
 1147      757300
 1148              	.LASF25:
 1149 024d 666C6F61 		.ascii	"float_32bit\000"
 1149      745F3332 
 1149      62697400 
 1150              	.LASF43:
 1151 0259 474E5520 		.ascii	"GNU C 4.9.3 20150303 (release) [ARM/embedded-4_9-br"
 1151      4320342E 
 1151      392E3320 
 1151      32303135 
 1151      30333033 
 1152 028c 616E6368 		.ascii	"anch revision 221220] -mcpu=cortex-m0 -mthumb -g -O"
 1152      20726576 
 1152      6973696F 
 1152      6E203232 
 1152      31323230 
 1153 02bf 30202D66 		.ascii	"0 -ffunction-sections -ffat-lto-objects\000"
 1153      66756E63 
 1153      74696F6E 
 1153      2D736563 
 1153      74696F6E 
 1154              	.LASF41:
 1155 02e7 7365745F 		.ascii	"set_int32_sensor_data\000"
 1155      696E7433 
 1155      325F7365 
 1155      6E736F72 
 1155      5F646174 
 1156              		.ident	"GCC: (GNU Tools for ARM Embedded Processors) 4.9.3 20150303 (release) [ARM/embedded-4_9-br
