ARM GAS  C:\Users\GREG~1.PHI\AppData\Local\Temp\ccYi904c.s 			page 1


   1              		.cpu cortex-m0
   2              		.fpu softvfp
   3              		.eabi_attribute 20, 1
   4              		.eabi_attribute 21, 1
   5              		.eabi_attribute 23, 3
   6              		.eabi_attribute 24, 1
   7              		.eabi_attribute 25, 1
   8              		.eabi_attribute 26, 1
   9              		.eabi_attribute 30, 6
  10              		.eabi_attribute 34, 0
  11              		.eabi_attribute 18, 4
  12              		.code	16
  13              		.file	"IDAC_1_PM.c"
  14              		.text
  15              	.Ltext0:
  16              		.cfi_sections	.debug_frame
  17              		.bss
  18              		.align	2
  19              	IDAC_1_backup:
  20 0000 00       		.space	1
  21 0001 000000   		.section	.text.IDAC_1_SaveConfig,"ax",%progbits
  22              		.align	2
  23              		.global	IDAC_1_SaveConfig
  24              		.code	16
  25              		.thumb_func
  26              		.type	IDAC_1_SaveConfig, %function
  27              	IDAC_1_SaveConfig:
  28              	.LFB1:
  29              		.file 1 "Generated_Source\\PSoC4\\IDAC_1_PM.c"
   1:Generated_Source\PSoC4/IDAC_1_PM.c **** /*******************************************************************************
   2:Generated_Source\PSoC4/IDAC_1_PM.c **** * File Name: IDAC_1_PM.c
   3:Generated_Source\PSoC4/IDAC_1_PM.c **** * Version 1.10
   4:Generated_Source\PSoC4/IDAC_1_PM.c **** *
   5:Generated_Source\PSoC4/IDAC_1_PM.c **** * Description:
   6:Generated_Source\PSoC4/IDAC_1_PM.c **** *  This file provides Low power mode APIs for IDAC_P4 component.
   7:Generated_Source\PSoC4/IDAC_1_PM.c **** *
   8:Generated_Source\PSoC4/IDAC_1_PM.c **** ********************************************************************************
   9:Generated_Source\PSoC4/IDAC_1_PM.c **** * Copyright 2013-2015, Cypress Semiconductor Corporation.  All rights reserved.
  10:Generated_Source\PSoC4/IDAC_1_PM.c **** * You may use this file only in accordance with the license, terms, conditions,
  11:Generated_Source\PSoC4/IDAC_1_PM.c **** * disclaimers, and limitations in the end user license agreement accompanying
  12:Generated_Source\PSoC4/IDAC_1_PM.c **** * the software package with which this file was provided.
  13:Generated_Source\PSoC4/IDAC_1_PM.c **** *******************************************************************************/
  14:Generated_Source\PSoC4/IDAC_1_PM.c **** 
  15:Generated_Source\PSoC4/IDAC_1_PM.c **** #include "IDAC_1.h"
  16:Generated_Source\PSoC4/IDAC_1_PM.c **** 
  17:Generated_Source\PSoC4/IDAC_1_PM.c **** 
  18:Generated_Source\PSoC4/IDAC_1_PM.c **** static IDAC_1_BACKUP_STRUCT IDAC_1_backup;
  19:Generated_Source\PSoC4/IDAC_1_PM.c **** 
  20:Generated_Source\PSoC4/IDAC_1_PM.c **** 
  21:Generated_Source\PSoC4/IDAC_1_PM.c **** /*******************************************************************************
  22:Generated_Source\PSoC4/IDAC_1_PM.c **** * Function Name: IDAC_1_SaveConfig
  23:Generated_Source\PSoC4/IDAC_1_PM.c **** ********************************************************************************
  24:Generated_Source\PSoC4/IDAC_1_PM.c **** *
  25:Generated_Source\PSoC4/IDAC_1_PM.c **** * Summary:
  26:Generated_Source\PSoC4/IDAC_1_PM.c **** *  Saves component state before sleep
  27:Generated_Source\PSoC4/IDAC_1_PM.c **** * Parameters:
  28:Generated_Source\PSoC4/IDAC_1_PM.c **** *  None
ARM GAS  C:\Users\GREG~1.PHI\AppData\Local\Temp\ccYi904c.s 			page 2


  29:Generated_Source\PSoC4/IDAC_1_PM.c **** *
  30:Generated_Source\PSoC4/IDAC_1_PM.c **** * Return:
  31:Generated_Source\PSoC4/IDAC_1_PM.c **** *  None
  32:Generated_Source\PSoC4/IDAC_1_PM.c **** *
  33:Generated_Source\PSoC4/IDAC_1_PM.c **** * Global Variables:
  34:Generated_Source\PSoC4/IDAC_1_PM.c **** *  None
  35:Generated_Source\PSoC4/IDAC_1_PM.c **** *
  36:Generated_Source\PSoC4/IDAC_1_PM.c **** *******************************************************************************/
  37:Generated_Source\PSoC4/IDAC_1_PM.c **** void IDAC_1_SaveConfig(void)
  38:Generated_Source\PSoC4/IDAC_1_PM.c **** {
  30              		.loc 1 38 0
  31              		.cfi_startproc
  32 0000 80B5     		push	{r7, lr}
  33              		.cfi_def_cfa_offset 8
  34              		.cfi_offset 7, -8
  35              		.cfi_offset 14, -4
  36 0002 00AF     		add	r7, sp, #0
  37              		.cfi_def_cfa_register 7
  39:Generated_Source\PSoC4/IDAC_1_PM.c ****     /* All registers are retention - nothing to save */
  40:Generated_Source\PSoC4/IDAC_1_PM.c **** }
  38              		.loc 1 40 0
  39 0004 BD46     		mov	sp, r7
  40              		@ sp needed
  41 0006 80BD     		pop	{r7, pc}
  42              		.cfi_endproc
  43              	.LFE1:
  44              		.size	IDAC_1_SaveConfig, .-IDAC_1_SaveConfig
  45              		.section	.text.IDAC_1_Sleep,"ax",%progbits
  46              		.align	2
  47              		.global	IDAC_1_Sleep
  48              		.code	16
  49              		.thumb_func
  50              		.type	IDAC_1_Sleep, %function
  51              	IDAC_1_Sleep:
  52              	.LFB2:
  41:Generated_Source\PSoC4/IDAC_1_PM.c **** 
  42:Generated_Source\PSoC4/IDAC_1_PM.c **** 
  43:Generated_Source\PSoC4/IDAC_1_PM.c **** /*******************************************************************************
  44:Generated_Source\PSoC4/IDAC_1_PM.c **** * Function Name: IDAC_1_Sleep
  45:Generated_Source\PSoC4/IDAC_1_PM.c **** ********************************************************************************
  46:Generated_Source\PSoC4/IDAC_1_PM.c **** *
  47:Generated_Source\PSoC4/IDAC_1_PM.c **** * Summary:
  48:Generated_Source\PSoC4/IDAC_1_PM.c **** *  Calls _SaveConfig() function
  49:Generated_Source\PSoC4/IDAC_1_PM.c **** * Parameters:
  50:Generated_Source\PSoC4/IDAC_1_PM.c **** *  None
  51:Generated_Source\PSoC4/IDAC_1_PM.c **** *
  52:Generated_Source\PSoC4/IDAC_1_PM.c **** * Return:
  53:Generated_Source\PSoC4/IDAC_1_PM.c **** *  None
  54:Generated_Source\PSoC4/IDAC_1_PM.c **** *
  55:Generated_Source\PSoC4/IDAC_1_PM.c **** *******************************************************************************/
  56:Generated_Source\PSoC4/IDAC_1_PM.c **** void IDAC_1_Sleep(void)
  57:Generated_Source\PSoC4/IDAC_1_PM.c **** {
  53              		.loc 1 57 0
  54              		.cfi_startproc
  55 0000 80B5     		push	{r7, lr}
  56              		.cfi_def_cfa_offset 8
  57              		.cfi_offset 7, -8
ARM GAS  C:\Users\GREG~1.PHI\AppData\Local\Temp\ccYi904c.s 			page 3


  58              		.cfi_offset 14, -4
  59 0002 00AF     		add	r7, sp, #0
  60              		.cfi_def_cfa_register 7
  58:Generated_Source\PSoC4/IDAC_1_PM.c ****         if(0u != (IDAC_1_IDAC_CONTROL_REG & ((uint32)IDAC_1_IDAC_MODE_MASK <<
  61              		.loc 1 58 0
  62 0004 094B     		ldr	r3, .L5
  63 0006 1A68     		ldr	r2, [r3]
  64 0008 C023     		mov	r3, #192
  65 000a 9B00     		lsl	r3, r3, #2
  66 000c 1340     		and	r3, r2
  67 000e 03D0     		beq	.L3
  59:Generated_Source\PSoC4/IDAC_1_PM.c ****         IDAC_1_IDAC_MODE_POSITION)))
  60:Generated_Source\PSoC4/IDAC_1_PM.c ****         {
  61:Generated_Source\PSoC4/IDAC_1_PM.c ****             IDAC_1_backup.enableState = 1u;
  68              		.loc 1 61 0
  69 0010 074B     		ldr	r3, .L5+4
  70 0012 0122     		mov	r2, #1
  71 0014 1A70     		strb	r2, [r3]
  72 0016 02E0     		b	.L4
  73              	.L3:
  62:Generated_Source\PSoC4/IDAC_1_PM.c ****         }
  63:Generated_Source\PSoC4/IDAC_1_PM.c ****         else
  64:Generated_Source\PSoC4/IDAC_1_PM.c ****         {
  65:Generated_Source\PSoC4/IDAC_1_PM.c ****             IDAC_1_backup.enableState = 0u;
  74              		.loc 1 65 0
  75 0018 054B     		ldr	r3, .L5+4
  76 001a 0022     		mov	r2, #0
  77 001c 1A70     		strb	r2, [r3]
  78              	.L4:
  66:Generated_Source\PSoC4/IDAC_1_PM.c ****         }
  67:Generated_Source\PSoC4/IDAC_1_PM.c **** 
  68:Generated_Source\PSoC4/IDAC_1_PM.c ****     IDAC_1_Stop();
  79              		.loc 1 68 0
  80 001e FFF7FEFF 		bl	IDAC_1_Stop
  69:Generated_Source\PSoC4/IDAC_1_PM.c ****     IDAC_1_SaveConfig();
  81              		.loc 1 69 0
  82 0022 FFF7FEFF 		bl	IDAC_1_SaveConfig
  70:Generated_Source\PSoC4/IDAC_1_PM.c **** }
  83              		.loc 1 70 0
  84 0026 BD46     		mov	sp, r7
  85              		@ sp needed
  86 0028 80BD     		pop	{r7, pc}
  87              	.L6:
  88 002a C046     		.align	2
  89              	.L5:
  90 002c 08002840 		.word	1076363272
  91 0030 00000000 		.word	IDAC_1_backup
  92              		.cfi_endproc
  93              	.LFE2:
  94              		.size	IDAC_1_Sleep, .-IDAC_1_Sleep
  95              		.section	.text.IDAC_1_RestoreConfig,"ax",%progbits
  96              		.align	2
  97              		.global	IDAC_1_RestoreConfig
  98              		.code	16
  99              		.thumb_func
 100              		.type	IDAC_1_RestoreConfig, %function
 101              	IDAC_1_RestoreConfig:
ARM GAS  C:\Users\GREG~1.PHI\AppData\Local\Temp\ccYi904c.s 			page 4


 102              	.LFB3:
  71:Generated_Source\PSoC4/IDAC_1_PM.c **** 
  72:Generated_Source\PSoC4/IDAC_1_PM.c **** 
  73:Generated_Source\PSoC4/IDAC_1_PM.c **** /*******************************************************************************
  74:Generated_Source\PSoC4/IDAC_1_PM.c **** * Function Name: IDAC_1_RestoreConfig
  75:Generated_Source\PSoC4/IDAC_1_PM.c **** ********************************************************************************
  76:Generated_Source\PSoC4/IDAC_1_PM.c **** *
  77:Generated_Source\PSoC4/IDAC_1_PM.c **** * Summary:
  78:Generated_Source\PSoC4/IDAC_1_PM.c **** *  Restores component state after wakeup
  79:Generated_Source\PSoC4/IDAC_1_PM.c **** * Parameters:
  80:Generated_Source\PSoC4/IDAC_1_PM.c **** *  None
  81:Generated_Source\PSoC4/IDAC_1_PM.c **** *
  82:Generated_Source\PSoC4/IDAC_1_PM.c **** * Return:
  83:Generated_Source\PSoC4/IDAC_1_PM.c **** *  None
  84:Generated_Source\PSoC4/IDAC_1_PM.c **** *
  85:Generated_Source\PSoC4/IDAC_1_PM.c **** * Global Variables:
  86:Generated_Source\PSoC4/IDAC_1_PM.c **** *  None
  87:Generated_Source\PSoC4/IDAC_1_PM.c **** *
  88:Generated_Source\PSoC4/IDAC_1_PM.c **** *******************************************************************************/
  89:Generated_Source\PSoC4/IDAC_1_PM.c **** void IDAC_1_RestoreConfig(void)
  90:Generated_Source\PSoC4/IDAC_1_PM.c **** {
 103              		.loc 1 90 0
 104              		.cfi_startproc
 105 0000 80B5     		push	{r7, lr}
 106              		.cfi_def_cfa_offset 8
 107              		.cfi_offset 7, -8
 108              		.cfi_offset 14, -4
 109 0002 00AF     		add	r7, sp, #0
 110              		.cfi_def_cfa_register 7
  91:Generated_Source\PSoC4/IDAC_1_PM.c ****     /* All registers are retention - nothing to save */
  92:Generated_Source\PSoC4/IDAC_1_PM.c **** }
 111              		.loc 1 92 0
 112 0004 BD46     		mov	sp, r7
 113              		@ sp needed
 114 0006 80BD     		pop	{r7, pc}
 115              		.cfi_endproc
 116              	.LFE3:
 117              		.size	IDAC_1_RestoreConfig, .-IDAC_1_RestoreConfig
 118              		.section	.text.IDAC_1_Wakeup,"ax",%progbits
 119              		.align	2
 120              		.global	IDAC_1_Wakeup
 121              		.code	16
 122              		.thumb_func
 123              		.type	IDAC_1_Wakeup, %function
 124              	IDAC_1_Wakeup:
 125              	.LFB4:
  93:Generated_Source\PSoC4/IDAC_1_PM.c **** 
  94:Generated_Source\PSoC4/IDAC_1_PM.c **** 
  95:Generated_Source\PSoC4/IDAC_1_PM.c **** /*******************************************************************************
  96:Generated_Source\PSoC4/IDAC_1_PM.c **** * Function Name: IDAC_1_Wakeup
  97:Generated_Source\PSoC4/IDAC_1_PM.c **** ********************************************************************************
  98:Generated_Source\PSoC4/IDAC_1_PM.c **** *
  99:Generated_Source\PSoC4/IDAC_1_PM.c **** * Summary:
 100:Generated_Source\PSoC4/IDAC_1_PM.c **** *  Calls _RestoreConfig() function
 101:Generated_Source\PSoC4/IDAC_1_PM.c **** * Parameters:
 102:Generated_Source\PSoC4/IDAC_1_PM.c **** *  None
 103:Generated_Source\PSoC4/IDAC_1_PM.c **** *
ARM GAS  C:\Users\GREG~1.PHI\AppData\Local\Temp\ccYi904c.s 			page 5


 104:Generated_Source\PSoC4/IDAC_1_PM.c **** * Return:
 105:Generated_Source\PSoC4/IDAC_1_PM.c **** *  None
 106:Generated_Source\PSoC4/IDAC_1_PM.c **** *
 107:Generated_Source\PSoC4/IDAC_1_PM.c **** *******************************************************************************/
 108:Generated_Source\PSoC4/IDAC_1_PM.c **** void IDAC_1_Wakeup(void)
 109:Generated_Source\PSoC4/IDAC_1_PM.c **** {
 126              		.loc 1 109 0
 127              		.cfi_startproc
 128 0000 80B5     		push	{r7, lr}
 129              		.cfi_def_cfa_offset 8
 130              		.cfi_offset 7, -8
 131              		.cfi_offset 14, -4
 132 0002 00AF     		add	r7, sp, #0
 133              		.cfi_def_cfa_register 7
 110:Generated_Source\PSoC4/IDAC_1_PM.c ****     /* Restore IDAC register settings */
 111:Generated_Source\PSoC4/IDAC_1_PM.c ****     IDAC_1_RestoreConfig();
 134              		.loc 1 111 0
 135 0004 FFF7FEFF 		bl	IDAC_1_RestoreConfig
 112:Generated_Source\PSoC4/IDAC_1_PM.c ****     if(IDAC_1_backup.enableState == 1u)
 136              		.loc 1 112 0
 137 0008 034B     		ldr	r3, .L10
 138 000a 1B78     		ldrb	r3, [r3]
 139 000c 012B     		cmp	r3, #1
 140 000e 01D1     		bne	.L8
 113:Generated_Source\PSoC4/IDAC_1_PM.c ****     {
 114:Generated_Source\PSoC4/IDAC_1_PM.c ****         /* Enable operation */
 115:Generated_Source\PSoC4/IDAC_1_PM.c ****         IDAC_1_Enable();
 141              		.loc 1 115 0
 142 0010 FFF7FEFF 		bl	IDAC_1_Enable
 143              	.L8:
 116:Generated_Source\PSoC4/IDAC_1_PM.c ****     } /* Do nothing if the component was disabled before */
 117:Generated_Source\PSoC4/IDAC_1_PM.c **** 
 118:Generated_Source\PSoC4/IDAC_1_PM.c **** }
 144              		.loc 1 118 0
 145 0014 BD46     		mov	sp, r7
 146              		@ sp needed
 147 0016 80BD     		pop	{r7, pc}
 148              	.L11:
 149              		.align	2
 150              	.L10:
 151 0018 00000000 		.word	IDAC_1_backup
 152              		.cfi_endproc
 153              	.LFE4:
 154              		.size	IDAC_1_Wakeup, .-IDAC_1_Wakeup
 155              		.text
 156              	.Letext0:
 157              		.file 2 "Generated_Source\\PSoC4\\cytypes.h"
 158              		.file 3 "Generated_Source\\PSoC4\\IDAC_1.h"
 159              		.section	.debug_info,"",%progbits
 160              	.Ldebug_info0:
 161 0000 22010000 		.4byte	0x122
 162 0004 0400     		.2byte	0x4
 163 0006 00000000 		.4byte	.Ldebug_abbrev0
 164 000a 04       		.byte	0x4
 165 000b 01       		.uleb128 0x1
 166 000c DB000000 		.4byte	.LASF21
 167 0010 01       		.byte	0x1
ARM GAS  C:\Users\GREG~1.PHI\AppData\Local\Temp\ccYi904c.s 			page 6


 168 0011 CC010000 		.4byte	.LASF22
 169 0015 2E000000 		.4byte	.LASF23
 170 0019 00000000 		.4byte	.Ldebug_ranges0+0
 171 001d 00000000 		.4byte	0
 172 0021 00000000 		.4byte	.Ldebug_line0
 173 0025 02       		.uleb128 0x2
 174 0026 01       		.byte	0x1
 175 0027 06       		.byte	0x6
 176 0028 BA010000 		.4byte	.LASF0
 177 002c 02       		.uleb128 0x2
 178 002d 01       		.byte	0x1
 179 002e 08       		.byte	0x8
 180 002f 69010000 		.4byte	.LASF1
 181 0033 02       		.uleb128 0x2
 182 0034 02       		.byte	0x2
 183 0035 05       		.byte	0x5
 184 0036 01020000 		.4byte	.LASF2
 185 003a 02       		.uleb128 0x2
 186 003b 02       		.byte	0x2
 187 003c 07       		.byte	0x7
 188 003d A7010000 		.4byte	.LASF3
 189 0041 02       		.uleb128 0x2
 190 0042 04       		.byte	0x4
 191 0043 05       		.byte	0x5
 192 0044 7C010000 		.4byte	.LASF4
 193 0048 02       		.uleb128 0x2
 194 0049 04       		.byte	0x4
 195 004a 07       		.byte	0x7
 196 004b B2000000 		.4byte	.LASF5
 197 004f 02       		.uleb128 0x2
 198 0050 08       		.byte	0x8
 199 0051 05       		.byte	0x5
 200 0052 00000000 		.4byte	.LASF6
 201 0056 02       		.uleb128 0x2
 202 0057 08       		.byte	0x8
 203 0058 07       		.byte	0x7
 204 0059 C4000000 		.4byte	.LASF7
 205 005d 03       		.uleb128 0x3
 206 005e 04       		.byte	0x4
 207 005f 05       		.byte	0x5
 208 0060 696E7400 		.ascii	"int\000"
 209 0064 02       		.uleb128 0x2
 210 0065 04       		.byte	0x4
 211 0066 07       		.byte	0x7
 212 0067 21000000 		.4byte	.LASF8
 213 006b 04       		.uleb128 0x4
 214 006c AC000000 		.4byte	.LASF9
 215 0070 02       		.byte	0x2
 216 0071 B901     		.2byte	0x1b9
 217 0073 2C000000 		.4byte	0x2c
 218 0077 04       		.uleb128 0x4
 219 0078 0E000000 		.4byte	.LASF10
 220 007c 02       		.byte	0x2
 221 007d BB01     		.2byte	0x1bb
 222 007f 48000000 		.4byte	0x48
 223 0083 02       		.uleb128 0x2
 224 0084 04       		.byte	0x4
ARM GAS  C:\Users\GREG~1.PHI\AppData\Local\Temp\ccYi904c.s 			page 7


 225 0085 04       		.byte	0x4
 226 0086 C6010000 		.4byte	.LASF11
 227 008a 02       		.uleb128 0x2
 228 008b 08       		.byte	0x8
 229 008c 04       		.byte	0x4
 230 008d 85010000 		.4byte	.LASF12
 231 0091 02       		.uleb128 0x2
 232 0092 01       		.byte	0x1
 233 0093 08       		.byte	0x8
 234 0094 77010000 		.4byte	.LASF13
 235 0098 04       		.uleb128 0x4
 236 0099 8C010000 		.4byte	.LASF14
 237 009d 02       		.byte	0x2
 238 009e 6502     		.2byte	0x265
 239 00a0 A4000000 		.4byte	0xa4
 240 00a4 05       		.uleb128 0x5
 241 00a5 77000000 		.4byte	0x77
 242 00a9 02       		.uleb128 0x2
 243 00aa 04       		.byte	0x4
 244 00ab 07       		.byte	0x7
 245 00ac 2E020000 		.4byte	.LASF15
 246 00b0 06       		.uleb128 0x6
 247 00b1 01       		.byte	0x1
 248 00b2 03       		.byte	0x3
 249 00b3 1D       		.byte	0x1d
 250 00b4 C5000000 		.4byte	0xc5
 251 00b8 07       		.uleb128 0x7
 252 00b9 15000000 		.4byte	.LASF24
 253 00bd 03       		.byte	0x3
 254 00be 1F       		.byte	0x1f
 255 00bf 6B000000 		.4byte	0x6b
 256 00c3 00       		.byte	0
 257 00c4 00       		.byte	0
 258 00c5 08       		.uleb128 0x8
 259 00c6 0B020000 		.4byte	.LASF16
 260 00ca 03       		.byte	0x3
 261 00cb 20       		.byte	0x20
 262 00cc B0000000 		.4byte	0xb0
 263 00d0 09       		.uleb128 0x9
 264 00d1 EF010000 		.4byte	.LASF17
 265 00d5 01       		.byte	0x1
 266 00d6 25       		.byte	0x25
 267 00d7 00000000 		.4byte	.LFB1
 268 00db 08000000 		.4byte	.LFE1-.LFB1
 269 00df 01       		.uleb128 0x1
 270 00e0 9C       		.byte	0x9c
 271 00e1 0A       		.uleb128 0xa
 272 00e2 9F000000 		.4byte	.LASF18
 273 00e6 01       		.byte	0x1
 274 00e7 38       		.byte	0x38
 275 00e8 00000000 		.4byte	.LFB2
 276 00ec 34000000 		.4byte	.LFE2-.LFB2
 277 00f0 01       		.uleb128 0x1
 278 00f1 9C       		.byte	0x9c
 279 00f2 09       		.uleb128 0x9
 280 00f3 92010000 		.4byte	.LASF19
 281 00f7 01       		.byte	0x1
ARM GAS  C:\Users\GREG~1.PHI\AppData\Local\Temp\ccYi904c.s 			page 8


 282 00f8 59       		.byte	0x59
 283 00f9 00000000 		.4byte	.LFB3
 284 00fd 08000000 		.4byte	.LFE3-.LFB3
 285 0101 01       		.uleb128 0x1
 286 0102 9C       		.byte	0x9c
 287 0103 0A       		.uleb128 0xa
 288 0104 91000000 		.4byte	.LASF20
 289 0108 01       		.byte	0x1
 290 0109 6C       		.byte	0x6c
 291 010a 00000000 		.4byte	.LFB4
 292 010e 1C000000 		.4byte	.LFE4-.LFB4
 293 0112 01       		.uleb128 0x1
 294 0113 9C       		.byte	0x9c
 295 0114 0B       		.uleb128 0xb
 296 0115 20020000 		.4byte	.LASF25
 297 0119 01       		.byte	0x1
 298 011a 12       		.byte	0x12
 299 011b C5000000 		.4byte	0xc5
 300 011f 05       		.uleb128 0x5
 301 0120 03       		.byte	0x3
 302 0121 00000000 		.4byte	IDAC_1_backup
 303 0125 00       		.byte	0
 304              		.section	.debug_abbrev,"",%progbits
 305              	.Ldebug_abbrev0:
 306 0000 01       		.uleb128 0x1
 307 0001 11       		.uleb128 0x11
 308 0002 01       		.byte	0x1
 309 0003 25       		.uleb128 0x25
 310 0004 0E       		.uleb128 0xe
 311 0005 13       		.uleb128 0x13
 312 0006 0B       		.uleb128 0xb
 313 0007 03       		.uleb128 0x3
 314 0008 0E       		.uleb128 0xe
 315 0009 1B       		.uleb128 0x1b
 316 000a 0E       		.uleb128 0xe
 317 000b 55       		.uleb128 0x55
 318 000c 17       		.uleb128 0x17
 319 000d 11       		.uleb128 0x11
 320 000e 01       		.uleb128 0x1
 321 000f 10       		.uleb128 0x10
 322 0010 17       		.uleb128 0x17
 323 0011 00       		.byte	0
 324 0012 00       		.byte	0
 325 0013 02       		.uleb128 0x2
 326 0014 24       		.uleb128 0x24
 327 0015 00       		.byte	0
 328 0016 0B       		.uleb128 0xb
 329 0017 0B       		.uleb128 0xb
 330 0018 3E       		.uleb128 0x3e
 331 0019 0B       		.uleb128 0xb
 332 001a 03       		.uleb128 0x3
 333 001b 0E       		.uleb128 0xe
 334 001c 00       		.byte	0
 335 001d 00       		.byte	0
 336 001e 03       		.uleb128 0x3
 337 001f 24       		.uleb128 0x24
 338 0020 00       		.byte	0
ARM GAS  C:\Users\GREG~1.PHI\AppData\Local\Temp\ccYi904c.s 			page 9


 339 0021 0B       		.uleb128 0xb
 340 0022 0B       		.uleb128 0xb
 341 0023 3E       		.uleb128 0x3e
 342 0024 0B       		.uleb128 0xb
 343 0025 03       		.uleb128 0x3
 344 0026 08       		.uleb128 0x8
 345 0027 00       		.byte	0
 346 0028 00       		.byte	0
 347 0029 04       		.uleb128 0x4
 348 002a 16       		.uleb128 0x16
 349 002b 00       		.byte	0
 350 002c 03       		.uleb128 0x3
 351 002d 0E       		.uleb128 0xe
 352 002e 3A       		.uleb128 0x3a
 353 002f 0B       		.uleb128 0xb
 354 0030 3B       		.uleb128 0x3b
 355 0031 05       		.uleb128 0x5
 356 0032 49       		.uleb128 0x49
 357 0033 13       		.uleb128 0x13
 358 0034 00       		.byte	0
 359 0035 00       		.byte	0
 360 0036 05       		.uleb128 0x5
 361 0037 35       		.uleb128 0x35
 362 0038 00       		.byte	0
 363 0039 49       		.uleb128 0x49
 364 003a 13       		.uleb128 0x13
 365 003b 00       		.byte	0
 366 003c 00       		.byte	0
 367 003d 06       		.uleb128 0x6
 368 003e 13       		.uleb128 0x13
 369 003f 01       		.byte	0x1
 370 0040 0B       		.uleb128 0xb
 371 0041 0B       		.uleb128 0xb
 372 0042 3A       		.uleb128 0x3a
 373 0043 0B       		.uleb128 0xb
 374 0044 3B       		.uleb128 0x3b
 375 0045 0B       		.uleb128 0xb
 376 0046 01       		.uleb128 0x1
 377 0047 13       		.uleb128 0x13
 378 0048 00       		.byte	0
 379 0049 00       		.byte	0
 380 004a 07       		.uleb128 0x7
 381 004b 0D       		.uleb128 0xd
 382 004c 00       		.byte	0
 383 004d 03       		.uleb128 0x3
 384 004e 0E       		.uleb128 0xe
 385 004f 3A       		.uleb128 0x3a
 386 0050 0B       		.uleb128 0xb
 387 0051 3B       		.uleb128 0x3b
 388 0052 0B       		.uleb128 0xb
 389 0053 49       		.uleb128 0x49
 390 0054 13       		.uleb128 0x13
 391 0055 38       		.uleb128 0x38
 392 0056 0B       		.uleb128 0xb
 393 0057 00       		.byte	0
 394 0058 00       		.byte	0
 395 0059 08       		.uleb128 0x8
ARM GAS  C:\Users\GREG~1.PHI\AppData\Local\Temp\ccYi904c.s 			page 10


 396 005a 16       		.uleb128 0x16
 397 005b 00       		.byte	0
 398 005c 03       		.uleb128 0x3
 399 005d 0E       		.uleb128 0xe
 400 005e 3A       		.uleb128 0x3a
 401 005f 0B       		.uleb128 0xb
 402 0060 3B       		.uleb128 0x3b
 403 0061 0B       		.uleb128 0xb
 404 0062 49       		.uleb128 0x49
 405 0063 13       		.uleb128 0x13
 406 0064 00       		.byte	0
 407 0065 00       		.byte	0
 408 0066 09       		.uleb128 0x9
 409 0067 2E       		.uleb128 0x2e
 410 0068 00       		.byte	0
 411 0069 3F       		.uleb128 0x3f
 412 006a 19       		.uleb128 0x19
 413 006b 03       		.uleb128 0x3
 414 006c 0E       		.uleb128 0xe
 415 006d 3A       		.uleb128 0x3a
 416 006e 0B       		.uleb128 0xb
 417 006f 3B       		.uleb128 0x3b
 418 0070 0B       		.uleb128 0xb
 419 0071 27       		.uleb128 0x27
 420 0072 19       		.uleb128 0x19
 421 0073 11       		.uleb128 0x11
 422 0074 01       		.uleb128 0x1
 423 0075 12       		.uleb128 0x12
 424 0076 06       		.uleb128 0x6
 425 0077 40       		.uleb128 0x40
 426 0078 18       		.uleb128 0x18
 427 0079 9742     		.uleb128 0x2117
 428 007b 19       		.uleb128 0x19
 429 007c 00       		.byte	0
 430 007d 00       		.byte	0
 431 007e 0A       		.uleb128 0xa
 432 007f 2E       		.uleb128 0x2e
 433 0080 00       		.byte	0
 434 0081 3F       		.uleb128 0x3f
 435 0082 19       		.uleb128 0x19
 436 0083 03       		.uleb128 0x3
 437 0084 0E       		.uleb128 0xe
 438 0085 3A       		.uleb128 0x3a
 439 0086 0B       		.uleb128 0xb
 440 0087 3B       		.uleb128 0x3b
 441 0088 0B       		.uleb128 0xb
 442 0089 27       		.uleb128 0x27
 443 008a 19       		.uleb128 0x19
 444 008b 11       		.uleb128 0x11
 445 008c 01       		.uleb128 0x1
 446 008d 12       		.uleb128 0x12
 447 008e 06       		.uleb128 0x6
 448 008f 40       		.uleb128 0x40
 449 0090 18       		.uleb128 0x18
 450 0091 9642     		.uleb128 0x2116
 451 0093 19       		.uleb128 0x19
 452 0094 00       		.byte	0
ARM GAS  C:\Users\GREG~1.PHI\AppData\Local\Temp\ccYi904c.s 			page 11


 453 0095 00       		.byte	0
 454 0096 0B       		.uleb128 0xb
 455 0097 34       		.uleb128 0x34
 456 0098 00       		.byte	0
 457 0099 03       		.uleb128 0x3
 458 009a 0E       		.uleb128 0xe
 459 009b 3A       		.uleb128 0x3a
 460 009c 0B       		.uleb128 0xb
 461 009d 3B       		.uleb128 0x3b
 462 009e 0B       		.uleb128 0xb
 463 009f 49       		.uleb128 0x49
 464 00a0 13       		.uleb128 0x13
 465 00a1 02       		.uleb128 0x2
 466 00a2 18       		.uleb128 0x18
 467 00a3 00       		.byte	0
 468 00a4 00       		.byte	0
 469 00a5 00       		.byte	0
 470              		.section	.debug_aranges,"",%progbits
 471 0000 34000000 		.4byte	0x34
 472 0004 0200     		.2byte	0x2
 473 0006 00000000 		.4byte	.Ldebug_info0
 474 000a 04       		.byte	0x4
 475 000b 00       		.byte	0
 476 000c 0000     		.2byte	0
 477 000e 0000     		.2byte	0
 478 0010 00000000 		.4byte	.LFB1
 479 0014 08000000 		.4byte	.LFE1-.LFB1
 480 0018 00000000 		.4byte	.LFB2
 481 001c 34000000 		.4byte	.LFE2-.LFB2
 482 0020 00000000 		.4byte	.LFB3
 483 0024 08000000 		.4byte	.LFE3-.LFB3
 484 0028 00000000 		.4byte	.LFB4
 485 002c 1C000000 		.4byte	.LFE4-.LFB4
 486 0030 00000000 		.4byte	0
 487 0034 00000000 		.4byte	0
 488              		.section	.debug_ranges,"",%progbits
 489              	.Ldebug_ranges0:
 490 0000 00000000 		.4byte	.LFB1
 491 0004 08000000 		.4byte	.LFE1
 492 0008 00000000 		.4byte	.LFB2
 493 000c 34000000 		.4byte	.LFE2
 494 0010 00000000 		.4byte	.LFB3
 495 0014 08000000 		.4byte	.LFE3
 496 0018 00000000 		.4byte	.LFB4
 497 001c 1C000000 		.4byte	.LFE4
 498 0020 00000000 		.4byte	0
 499 0024 00000000 		.4byte	0
 500              		.section	.debug_line,"",%progbits
 501              	.Ldebug_line0:
 502 0000 A2000000 		.section	.debug_str,"MS",%progbits,1
 502      02005200 
 502      00000201 
 502      FB0E0D00 
 502      01010101 
 503              	.LASF6:
 504 0000 6C6F6E67 		.ascii	"long long int\000"
 504      206C6F6E 
ARM GAS  C:\Users\GREG~1.PHI\AppData\Local\Temp\ccYi904c.s 			page 12


 504      6720696E 
 504      7400
 505              	.LASF10:
 506 000e 75696E74 		.ascii	"uint32\000"
 506      333200
 507              	.LASF24:
 508 0015 656E6162 		.ascii	"enableState\000"
 508      6C655374 
 508      61746500 
 509              	.LASF8:
 510 0021 756E7369 		.ascii	"unsigned int\000"
 510      676E6564 
 510      20696E74 
 510      00
 511              	.LASF23:
 512 002e 443A5C44 		.ascii	"D:\\Dropbox\\IoT Development\\Cypress PSoC Developm"
 512      726F7062 
 512      6F785C49 
 512      6F542044 
 512      6576656C 
 513 005e 656E745C 		.ascii	"ent\\ISMART-CY8CKIT-046-04\\SCB_SpiCommSlave01.cyds"
 513      49534D41 
 513      52542D43 
 513      5938434B 
 513      49542D30 
 514 008f 6E00     		.ascii	"n\000"
 515              	.LASF20:
 516 0091 49444143 		.ascii	"IDAC_1_Wakeup\000"
 516      5F315F57 
 516      616B6575 
 516      7000
 517              	.LASF18:
 518 009f 49444143 		.ascii	"IDAC_1_Sleep\000"
 518      5F315F53 
 518      6C656570 
 518      00
 519              	.LASF9:
 520 00ac 75696E74 		.ascii	"uint8\000"
 520      3800
 521              	.LASF5:
 522 00b2 6C6F6E67 		.ascii	"long unsigned int\000"
 522      20756E73 
 522      69676E65 
 522      6420696E 
 522      7400
 523              	.LASF7:
 524 00c4 6C6F6E67 		.ascii	"long long unsigned int\000"
 524      206C6F6E 
 524      6720756E 
 524      7369676E 
 524      65642069 
 525              	.LASF21:
 526 00db 474E5520 		.ascii	"GNU C 4.9.3 20150303 (release) [ARM/embedded-4_9-br"
 526      4320342E 
 526      392E3320 
 526      32303135 
 526      30333033 
ARM GAS  C:\Users\GREG~1.PHI\AppData\Local\Temp\ccYi904c.s 			page 13


 527 010e 616E6368 		.ascii	"anch revision 221220] -mcpu=cortex-m0 -mthumb -g -O"
 527      20726576 
 527      6973696F 
 527      6E203232 
 527      31323230 
 528 0141 30202D66 		.ascii	"0 -ffunction-sections -ffat-lto-objects\000"
 528      66756E63 
 528      74696F6E 
 528      2D736563 
 528      74696F6E 
 529              	.LASF1:
 530 0169 756E7369 		.ascii	"unsigned char\000"
 530      676E6564 
 530      20636861 
 530      7200
 531              	.LASF13:
 532 0177 63686172 		.ascii	"char\000"
 532      00
 533              	.LASF4:
 534 017c 6C6F6E67 		.ascii	"long int\000"
 534      20696E74 
 534      00
 535              	.LASF12:
 536 0185 646F7562 		.ascii	"double\000"
 536      6C6500
 537              	.LASF14:
 538 018c 72656733 		.ascii	"reg32\000"
 538      3200
 539              	.LASF19:
 540 0192 49444143 		.ascii	"IDAC_1_RestoreConfig\000"
 540      5F315F52 
 540      6573746F 
 540      7265436F 
 540      6E666967 
 541              	.LASF3:
 542 01a7 73686F72 		.ascii	"short unsigned int\000"
 542      7420756E 
 542      7369676E 
 542      65642069 
 542      6E7400
 543              	.LASF0:
 544 01ba 7369676E 		.ascii	"signed char\000"
 544      65642063 
 544      68617200 
 545              	.LASF11:
 546 01c6 666C6F61 		.ascii	"float\000"
 546      7400
 547              	.LASF22:
 548 01cc 47656E65 		.ascii	"Generated_Source\\PSoC4\\IDAC_1_PM.c\000"
 548      72617465 
 548      645F536F 
 548      75726365 
 548      5C50536F 
 549              	.LASF17:
 550 01ef 49444143 		.ascii	"IDAC_1_SaveConfig\000"
 550      5F315F53 
 550      61766543 
ARM GAS  C:\Users\GREG~1.PHI\AppData\Local\Temp\ccYi904c.s 			page 14


 550      6F6E6669 
 550      6700
 551              	.LASF2:
 552 0201 73686F72 		.ascii	"short int\000"
 552      7420696E 
 552      7400
 553              	.LASF16:
 554 020b 49444143 		.ascii	"IDAC_1_BACKUP_STRUCT\000"
 554      5F315F42 
 554      41434B55 
 554      505F5354 
 554      52554354 
 555              	.LASF25:
 556 0220 49444143 		.ascii	"IDAC_1_backup\000"
 556      5F315F62 
 556      61636B75 
 556      7000
 557              	.LASF15:
 558 022e 73697A65 		.ascii	"sizetype\000"
 558      74797065 
 558      00
 559              		.ident	"GCC: (GNU Tools for ARM Embedded Processors) 4.9.3 20150303 (release) [ARM/embedded-4_9-br
