ARM GAS  C:\Users\GREG~1.PHI\AppData\Local\Temp\ccuWRDxz.s 			page 1


   1              		.cpu cortex-m0
   2              		.fpu softvfp
   3              		.eabi_attribute 20, 1
   4              		.eabi_attribute 21, 1
   5              		.eabi_attribute 23, 3
   6              		.eabi_attribute 24, 1
   7              		.eabi_attribute 25, 1
   8              		.eabi_attribute 26, 1
   9              		.eabi_attribute 30, 6
  10              		.eabi_attribute 34, 0
  11              		.eabi_attribute 18, 4
  12              		.code	16
  13              		.file	"main.c"
  14              		.text
  15              	.Ltext0:
  16              		.cfi_sections	.debug_frame
  17              		.section	.text.main,"ax",%progbits
  18              		.align	2
  19              		.global	main
  20              		.code	16
  21              		.thumb_func
  22              		.type	main, %function
  23              	main:
  24              	.LFB0:
  25              		.file 1 "main.c"
   1:main.c        **** /*
   2:main.c        ****  * Copyright 2017, Sierra Telecom. All Rights Reserved.
   3:main.c        ****  *
   4:main.c        ****  * This software, associated documentation and materials ("Software"),
   5:main.c        ****  * is owned by Sierra Telecom ("Sierra") and is protected by and subject to
   6:main.c        ****  * worldwide patent protection (United States and foreign),
   7:main.c        ****  * United States copyright laws and international treaty provisions.
   8:main.c        ****  * Therefore, you may use this Software only as provided in the license
   9:main.c        ****  * agreement accompanying the software package from which you
  10:main.c        ****  * obtained this Software ("EULA").
  11:main.c        ****  * If no EULA applies, Sierra hereby grants you a personal, non-exclusive,
  12:main.c        ****  * non-transferable license to copy, modify, and compile the Software
  13:main.c        ****  * source code solely for use in connection with Sierra's
  14:main.c        ****  * integrated circuit products. Any reproduction, modification, translation,
  15:main.c        ****  * compilation, or representation of this Software except as specified
  16:main.c        ****  * above is prohibited without the express written permission of Sierra.
  17:main.c        ****  *
  18:main.c        ****  * Disclaimer: THIS SOFTWARE IS PROVIDED AS-IS, WITH NO WARRANTY OF ANY KIND,
  19:main.c        ****  * EXPRESS OR IMPLIED, INCLUDING, BUT NOT LIMITED TO, NONINFRINGEMENT, IMPLIED
  20:main.c        ****  * WARRANTIES OF MERCHANTABILITY AND FITNESS FOR A PARTICULAR PURPOSE. Sierra
  21:main.c        ****  * reserves the right to make changes to the Software without notice. Sierra
  22:main.c        ****  * does not assume any liability arising out of the application or use of the
  23:main.c        ****  * Software or any product or circuit described in the Software. Sierra does
  24:main.c        ****  * not authorize its products for use in any products where a malfunction or
  25:main.c        ****  * failure of the Sierra product may reasonably be expected to result in
  26:main.c        ****  * significant property damage, injury or death ("High Risk Product"). By
  27:main.c        ****  * including Sierra's product in a High Risk Product, the manufacturer
  28:main.c        ****  * of such system or application assumes all risk of such use and in doing
  29:main.c        ****  * so agrees to indemnify Sierra against all liability.
  30:main.c        ****  */
  31:main.c        **** 
  32:main.c        **** /** @file main.c
ARM GAS  C:\Users\GREG~1.PHI\AppData\Local\Temp\ccuWRDxz.s 			page 2


  33:main.c        ****  *
  34:main.c        ****  *  Created on: April 26, 2017
  35:main.c        ****  *      Author: greg.phillips
  36:main.c        ****  */
  37:main.c        **** 
  38:main.c        **** #include <stdint.h>
  39:main.c        **** #include <stdbool.h>
  40:main.c        **** #include <stdlib.h>
  41:main.c        **** #include <stdio.h>
  42:main.c        **** #include <string.h>
  43:main.c        **** 
  44:main.c        **** #include "cypress_slave_spi.h"
  45:main.c        **** #include "arduino.h"
  46:main.c        **** #include "cypress_arduino.h"
  47:main.c        **** #include "controls.h"
  48:main.c        **** #include "sensors.h"
  49:main.c        **** 
  50:main.c        **** /******************************************************
  51:main.c        ****  *                      Macros
  52:main.c        ****  ******************************************************/
  53:main.c        **** 
  54:main.c        **** /******************************************************
  55:main.c        ****  *                    Constants
  56:main.c        ****  ******************************************************/
  57:main.c        **** 
  58:main.c        **** /******************************************************
  59:main.c        ****  *                   Enumerations
  60:main.c        ****  ******************************************************/
  61:main.c        **** 
  62:main.c        **** /******************************************************
  63:main.c        ****  *                 Type Definitions
  64:main.c        ****  ******************************************************/
  65:main.c        **** 
  66:main.c        **** /******************************************************
  67:main.c        ****  *                    Structures
  68:main.c        ****  ******************************************************/
  69:main.c        **** 
  70:main.c        **** /******************************************************
  71:main.c        ****  *               Function Declarations
  72:main.c        ****  ******************************************************/
  73:main.c        **** 
  74:main.c        **** /******************************************************
  75:main.c        ****  *               Variable Definitions
  76:main.c        ****  ******************************************************/
  77:main.c        **** extern arduino_config_t acb;
  78:main.c        **** /******************************************************
  79:main.c        ****  *               Function Definitions
  80:main.c        ****  ******************************************************/
  81:main.c        **** 
  82:main.c        **** 
  83:main.c        **** /**
  84:main.c        ****   * @brief  communication with a WICED module using I2C or SPI
  85:main.c        ****   * @param  None
  86:main.c        ****   * @retval : None
  87:main.c        ****   */
  88:main.c        **** 
  89:main.c        **** int main(void)
ARM GAS  C:\Users\GREG~1.PHI\AppData\Local\Temp\ccuWRDxz.s 			page 3


  90:main.c        **** {
  26              		.loc 1 90 0
  27              		.cfi_startproc
  28 0000 80B5     		push	{r7, lr}
  29              		.cfi_def_cfa_offset 8
  30              		.cfi_offset 7, -8
  31              		.cfi_offset 14, -4
  32 0002 00AF     		add	r7, sp, #0
  33              		.cfi_def_cfa_register 7
  91:main.c        ****     init_controls();
  34              		.loc 1 91 0
  35 0004 FFF7FEFF 		bl	init_controls
  92:main.c        ****     init_sensors();
  36              		.loc 1 92 0
  37 0008 FFF7FEFF 		bl	init_sensors
  93:main.c        ****     
  94:main.c        ****     init_arduino();
  38              		.loc 1 94 0
  39 000c FFF7FEFF 		bl	init_arduino
  95:main.c        **** 
  96:main.c        ****     init_slave_spi();
  40              		.loc 1 96 0
  41 0010 FFF7FEFF 		bl	init_slave_spi
  42              	.L2:
  97:main.c        **** 
  98:main.c        ****     while(1) {
  99:main.c        ****         process_slave_spi();
  43              		.loc 1 99 0 discriminator 1
  44 0014 FFF7FEFF 		bl	process_slave_spi
 100:main.c        ****         /*
 101:main.c        ****          * Manage Controls
 102:main.c        ****          */
 103:main.c        ****         process_controls();
  45              		.loc 1 103 0 discriminator 1
  46 0018 FFF7FEFF 		bl	process_controls
 104:main.c        ****         /*
 105:main.c        ****          * Sample Sensors
 106:main.c        ****          */
 107:main.c        ****         process_sensors();
  47              		.loc 1 107 0 discriminator 1
  48 001c FFF7FEFF 		bl	process_sensors
 108:main.c        **** 
 109:main.c        ****     }
  49              		.loc 1 109 0 discriminator 1
  50 0020 F8E7     		b	.L2
  51              		.cfi_endproc
  52              	.LFE0:
  53              		.size	main, .-main
  54 0022 C046     		.text
  55              	.Letext0:
  56              		.section	.debug_info,"",%progbits
  57              	.Ldebug_info0:
  58 0000 92000000 		.4byte	0x92
  59 0004 0400     		.2byte	0x4
  60 0006 00000000 		.4byte	.Ldebug_abbrev0
  61 000a 04       		.byte	0x4
  62 000b 01       		.uleb128 0x1
ARM GAS  C:\Users\GREG~1.PHI\AppData\Local\Temp\ccuWRDxz.s 			page 4


  63 000c 0E000000 		.4byte	.LASF12
  64 0010 01       		.byte	0x1
  65 0011 A9000000 		.4byte	.LASF13
  66 0015 1F010000 		.4byte	.LASF14
  67 0019 00000000 		.4byte	.Ldebug_ranges0+0
  68 001d 00000000 		.4byte	0
  69 0021 00000000 		.4byte	.Ldebug_line0
  70 0025 02       		.uleb128 0x2
  71 0026 01       		.byte	0x1
  72 0027 06       		.byte	0x6
  73 0028 0D010000 		.4byte	.LASF0
  74 002c 02       		.uleb128 0x2
  75 002d 01       		.byte	0x1
  76 002e 08       		.byte	0x8
  77 002f DE000000 		.4byte	.LASF1
  78 0033 02       		.uleb128 0x2
  79 0034 02       		.byte	0x2
  80 0035 05       		.byte	0x5
  81 0036 64010000 		.4byte	.LASF2
  82 003a 02       		.uleb128 0x2
  83 003b 02       		.byte	0x2
  84 003c 07       		.byte	0x7
  85 003d FA000000 		.4byte	.LASF3
  86 0041 02       		.uleb128 0x2
  87 0042 04       		.byte	0x4
  88 0043 05       		.byte	0x5
  89 0044 F1000000 		.4byte	.LASF4
  90 0048 02       		.uleb128 0x2
  91 0049 04       		.byte	0x4
  92 004a 07       		.byte	0x7
  93 004b B5000000 		.4byte	.LASF5
  94 004f 02       		.uleb128 0x2
  95 0050 08       		.byte	0x8
  96 0051 05       		.byte	0x5
  97 0052 00000000 		.4byte	.LASF6
  98 0056 02       		.uleb128 0x2
  99 0057 08       		.byte	0x8
 100 0058 07       		.byte	0x7
 101 0059 C7000000 		.4byte	.LASF7
 102 005d 03       		.uleb128 0x3
 103 005e 04       		.byte	0x4
 104 005f 05       		.byte	0x5
 105 0060 696E7400 		.ascii	"int\000"
 106 0064 02       		.uleb128 0x2
 107 0065 04       		.byte	0x4
 108 0066 07       		.byte	0x7
 109 0067 9C000000 		.4byte	.LASF8
 110 006b 02       		.uleb128 0x2
 111 006c 04       		.byte	0x4
 112 006d 07       		.byte	0x7
 113 006e 6E010000 		.4byte	.LASF9
 114 0072 02       		.uleb128 0x2
 115 0073 01       		.byte	0x1
 116 0074 08       		.byte	0x8
 117 0075 EC000000 		.4byte	.LASF10
 118 0079 02       		.uleb128 0x2
 119 007a 04       		.byte	0x4
ARM GAS  C:\Users\GREG~1.PHI\AppData\Local\Temp\ccuWRDxz.s 			page 5


 120 007b 04       		.byte	0x4
 121 007c 19010000 		.4byte	.LASF11
 122 0080 04       		.uleb128 0x4
 123 0081 B0000000 		.4byte	.LASF15
 124 0085 01       		.byte	0x1
 125 0086 59       		.byte	0x59
 126 0087 5D000000 		.4byte	0x5d
 127 008b 00000000 		.4byte	.LFB0
 128 008f 22000000 		.4byte	.LFE0-.LFB0
 129 0093 01       		.uleb128 0x1
 130 0094 9C       		.byte	0x9c
 131 0095 00       		.byte	0
 132              		.section	.debug_abbrev,"",%progbits
 133              	.Ldebug_abbrev0:
 134 0000 01       		.uleb128 0x1
 135 0001 11       		.uleb128 0x11
 136 0002 01       		.byte	0x1
 137 0003 25       		.uleb128 0x25
 138 0004 0E       		.uleb128 0xe
 139 0005 13       		.uleb128 0x13
 140 0006 0B       		.uleb128 0xb
 141 0007 03       		.uleb128 0x3
 142 0008 0E       		.uleb128 0xe
 143 0009 1B       		.uleb128 0x1b
 144 000a 0E       		.uleb128 0xe
 145 000b 55       		.uleb128 0x55
 146 000c 17       		.uleb128 0x17
 147 000d 11       		.uleb128 0x11
 148 000e 01       		.uleb128 0x1
 149 000f 10       		.uleb128 0x10
 150 0010 17       		.uleb128 0x17
 151 0011 00       		.byte	0
 152 0012 00       		.byte	0
 153 0013 02       		.uleb128 0x2
 154 0014 24       		.uleb128 0x24
 155 0015 00       		.byte	0
 156 0016 0B       		.uleb128 0xb
 157 0017 0B       		.uleb128 0xb
 158 0018 3E       		.uleb128 0x3e
 159 0019 0B       		.uleb128 0xb
 160 001a 03       		.uleb128 0x3
 161 001b 0E       		.uleb128 0xe
 162 001c 00       		.byte	0
 163 001d 00       		.byte	0
 164 001e 03       		.uleb128 0x3
 165 001f 24       		.uleb128 0x24
 166 0020 00       		.byte	0
 167 0021 0B       		.uleb128 0xb
 168 0022 0B       		.uleb128 0xb
 169 0023 3E       		.uleb128 0x3e
 170 0024 0B       		.uleb128 0xb
 171 0025 03       		.uleb128 0x3
 172 0026 08       		.uleb128 0x8
 173 0027 00       		.byte	0
 174 0028 00       		.byte	0
 175 0029 04       		.uleb128 0x4
 176 002a 2E       		.uleb128 0x2e
ARM GAS  C:\Users\GREG~1.PHI\AppData\Local\Temp\ccuWRDxz.s 			page 6


 177 002b 00       		.byte	0
 178 002c 3F       		.uleb128 0x3f
 179 002d 19       		.uleb128 0x19
 180 002e 03       		.uleb128 0x3
 181 002f 0E       		.uleb128 0xe
 182 0030 3A       		.uleb128 0x3a
 183 0031 0B       		.uleb128 0xb
 184 0032 3B       		.uleb128 0x3b
 185 0033 0B       		.uleb128 0xb
 186 0034 27       		.uleb128 0x27
 187 0035 19       		.uleb128 0x19
 188 0036 49       		.uleb128 0x49
 189 0037 13       		.uleb128 0x13
 190 0038 11       		.uleb128 0x11
 191 0039 01       		.uleb128 0x1
 192 003a 12       		.uleb128 0x12
 193 003b 06       		.uleb128 0x6
 194 003c 40       		.uleb128 0x40
 195 003d 18       		.uleb128 0x18
 196 003e 9642     		.uleb128 0x2116
 197 0040 19       		.uleb128 0x19
 198 0041 00       		.byte	0
 199 0042 00       		.byte	0
 200 0043 00       		.byte	0
 201              		.section	.debug_aranges,"",%progbits
 202 0000 1C000000 		.4byte	0x1c
 203 0004 0200     		.2byte	0x2
 204 0006 00000000 		.4byte	.Ldebug_info0
 205 000a 04       		.byte	0x4
 206 000b 00       		.byte	0
 207 000c 0000     		.2byte	0
 208 000e 0000     		.2byte	0
 209 0010 00000000 		.4byte	.LFB0
 210 0014 22000000 		.4byte	.LFE0-.LFB0
 211 0018 00000000 		.4byte	0
 212 001c 00000000 		.4byte	0
 213              		.section	.debug_ranges,"",%progbits
 214              	.Ldebug_ranges0:
 215 0000 00000000 		.4byte	.LFB0
 216 0004 22000000 		.4byte	.LFE0
 217 0008 00000000 		.4byte	0
 218 000c 00000000 		.4byte	0
 219              		.section	.debug_line,"",%progbits
 220              	.Ldebug_line0:
 221 0000 4B000000 		.section	.debug_str,"MS",%progbits,1
 221      02001D00 
 221      00000201 
 221      FB0E0D00 
 221      01010101 
 222              	.LASF6:
 223 0000 6C6F6E67 		.ascii	"long long int\000"
 223      206C6F6E 
 223      6720696E 
 223      7400
 224              	.LASF12:
 225 000e 474E5520 		.ascii	"GNU C 4.9.3 20150303 (release) [ARM/embedded-4_9-br"
 225      4320342E 
ARM GAS  C:\Users\GREG~1.PHI\AppData\Local\Temp\ccuWRDxz.s 			page 7


 225      392E3320 
 225      32303135 
 225      30333033 
 226 0041 616E6368 		.ascii	"anch revision 221220] -mcpu=cortex-m0 -mthumb -g -O"
 226      20726576 
 226      6973696F 
 226      6E203232 
 226      31323230 
 227 0074 30202D66 		.ascii	"0 -ffunction-sections -ffat-lto-objects\000"
 227      66756E63 
 227      74696F6E 
 227      2D736563 
 227      74696F6E 
 228              	.LASF8:
 229 009c 756E7369 		.ascii	"unsigned int\000"
 229      676E6564 
 229      20696E74 
 229      00
 230              	.LASF13:
 231 00a9 6D61696E 		.ascii	"main.c\000"
 231      2E6300
 232              	.LASF15:
 233 00b0 6D61696E 		.ascii	"main\000"
 233      00
 234              	.LASF5:
 235 00b5 6C6F6E67 		.ascii	"long unsigned int\000"
 235      20756E73 
 235      69676E65 
 235      6420696E 
 235      7400
 236              	.LASF7:
 237 00c7 6C6F6E67 		.ascii	"long long unsigned int\000"
 237      206C6F6E 
 237      6720756E 
 237      7369676E 
 237      65642069 
 238              	.LASF1:
 239 00de 756E7369 		.ascii	"unsigned char\000"
 239      676E6564 
 239      20636861 
 239      7200
 240              	.LASF10:
 241 00ec 63686172 		.ascii	"char\000"
 241      00
 242              	.LASF4:
 243 00f1 6C6F6E67 		.ascii	"long int\000"
 243      20696E74 
 243      00
 244              	.LASF3:
 245 00fa 73686F72 		.ascii	"short unsigned int\000"
 245      7420756E 
 245      7369676E 
 245      65642069 
 245      6E7400
 246              	.LASF0:
 247 010d 7369676E 		.ascii	"signed char\000"
 247      65642063 
ARM GAS  C:\Users\GREG~1.PHI\AppData\Local\Temp\ccuWRDxz.s 			page 8


 247      68617200 
 248              	.LASF11:
 249 0119 666C6F61 		.ascii	"float\000"
 249      7400
 250              	.LASF14:
 251 011f 443A5C44 		.ascii	"D:\\Dropbox\\IoT Development\\Cypress PSoC Developm"
 251      726F7062 
 251      6F785C49 
 251      6F542044 
 251      6576656C 
 252 014f 656E745C 		.ascii	"ent\\RTD Design.cydsn\000"
 252      52544420 
 252      44657369 
 252      676E2E63 
 252      7964736E 
 253              	.LASF2:
 254 0164 73686F72 		.ascii	"short int\000"
 254      7420696E 
 254      7400
 255              	.LASF9:
 256 016e 73697A65 		.ascii	"sizetype\000"
 256      74797065 
 256      00
 257              		.ident	"GCC: (GNU Tools for ARM Embedded Processors) 4.9.3 20150303 (release) [ARM/embedded-4_9-br
