ARM GAS  C:\Users\GREG~1.PHI\AppData\Local\Temp\ccttwaBy.s 			page 1


   1              		.cpu cortex-m0
   2              		.fpu softvfp
   3              		.eabi_attribute 20, 1
   4              		.eabi_attribute 21, 1
   5              		.eabi_attribute 23, 3
   6              		.eabi_attribute 24, 1
   7              		.eabi_attribute 25, 1
   8              		.eabi_attribute 26, 1
   9              		.eabi_attribute 30, 6
  10              		.eabi_attribute 34, 0
  11              		.eabi_attribute 18, 4
  12              		.code	16
  13              		.file	"Opamp_1_PM.c"
  14              		.text
  15              	.Ltext0:
  16              		.cfi_sections	.debug_frame
  17              		.bss
  18              		.align	2
  19              	Opamp_1_backup:
  20 0000 00       		.space	1
  21 0001 000000   		.section	.text.Opamp_1_SaveConfig,"ax",%progbits
  22              		.align	2
  23              		.global	Opamp_1_SaveConfig
  24              		.code	16
  25              		.thumb_func
  26              		.type	Opamp_1_SaveConfig, %function
  27              	Opamp_1_SaveConfig:
  28              	.LFB0:
  29              		.file 1 "Generated_Source\\PSoC4\\Opamp_1_PM.c"
   1:Generated_Source\PSoC4/Opamp_1_PM.c **** /*******************************************************************************
   2:Generated_Source\PSoC4/Opamp_1_PM.c **** * File Name: Opamp_1_PM.c
   3:Generated_Source\PSoC4/Opamp_1_PM.c **** * Version 1.20
   4:Generated_Source\PSoC4/Opamp_1_PM.c **** *
   5:Generated_Source\PSoC4/Opamp_1_PM.c **** * Description:
   6:Generated_Source\PSoC4/Opamp_1_PM.c **** *  This file provides the power management source code to the API for the
   7:Generated_Source\PSoC4/Opamp_1_PM.c **** *  Opamp (Analog Buffer) component.
   8:Generated_Source\PSoC4/Opamp_1_PM.c **** *
   9:Generated_Source\PSoC4/Opamp_1_PM.c **** *
  10:Generated_Source\PSoC4/Opamp_1_PM.c **** ********************************************************************************
  11:Generated_Source\PSoC4/Opamp_1_PM.c **** * Copyright 2013-2015, Cypress Semiconductor Corporation.  All rights reserved.
  12:Generated_Source\PSoC4/Opamp_1_PM.c **** * You may use this file only in accordance with the license, terms, conditions,
  13:Generated_Source\PSoC4/Opamp_1_PM.c **** * disclaimers, and limitations in the end user license agreement accompanying
  14:Generated_Source\PSoC4/Opamp_1_PM.c **** * the software package with which this file was provided.
  15:Generated_Source\PSoC4/Opamp_1_PM.c **** *******************************************************************************/
  16:Generated_Source\PSoC4/Opamp_1_PM.c **** 
  17:Generated_Source\PSoC4/Opamp_1_PM.c **** #include "Opamp_1.h"
  18:Generated_Source\PSoC4/Opamp_1_PM.c **** 
  19:Generated_Source\PSoC4/Opamp_1_PM.c **** #if(!Opamp_1_CHECK_DEEPSLEEP_SUPPORT)
  20:Generated_Source\PSoC4/Opamp_1_PM.c ****     static Opamp_1_BACKUP_STRUCT Opamp_1_backup =
  21:Generated_Source\PSoC4/Opamp_1_PM.c ****     {
  22:Generated_Source\PSoC4/Opamp_1_PM.c ****         0u, /* enableState */
  23:Generated_Source\PSoC4/Opamp_1_PM.c ****     };
  24:Generated_Source\PSoC4/Opamp_1_PM.c **** #endif /* (Opamp_1_CHECK_DEEPSLEEP_SUPPORT) */
  25:Generated_Source\PSoC4/Opamp_1_PM.c **** 
  26:Generated_Source\PSoC4/Opamp_1_PM.c **** 
  27:Generated_Source\PSoC4/Opamp_1_PM.c **** /*******************************************************************************
  28:Generated_Source\PSoC4/Opamp_1_PM.c **** * Function Name: Opamp_1_SaveConfig
ARM GAS  C:\Users\GREG~1.PHI\AppData\Local\Temp\ccttwaBy.s 			page 2


  29:Generated_Source\PSoC4/Opamp_1_PM.c **** ********************************************************************************
  30:Generated_Source\PSoC4/Opamp_1_PM.c **** *
  31:Generated_Source\PSoC4/Opamp_1_PM.c **** * Summary:
  32:Generated_Source\PSoC4/Opamp_1_PM.c **** *  Empty function. Included for consistency with other components.
  33:Generated_Source\PSoC4/Opamp_1_PM.c **** *
  34:Generated_Source\PSoC4/Opamp_1_PM.c **** * Parameters:
  35:Generated_Source\PSoC4/Opamp_1_PM.c **** *  None
  36:Generated_Source\PSoC4/Opamp_1_PM.c **** *
  37:Generated_Source\PSoC4/Opamp_1_PM.c **** * Return:
  38:Generated_Source\PSoC4/Opamp_1_PM.c **** *  None
  39:Generated_Source\PSoC4/Opamp_1_PM.c **** *
  40:Generated_Source\PSoC4/Opamp_1_PM.c **** *******************************************************************************/
  41:Generated_Source\PSoC4/Opamp_1_PM.c **** void Opamp_1_SaveConfig(void)
  42:Generated_Source\PSoC4/Opamp_1_PM.c **** {
  30              		.loc 1 42 0
  31              		.cfi_startproc
  32 0000 80B5     		push	{r7, lr}
  33              		.cfi_def_cfa_offset 8
  34              		.cfi_offset 7, -8
  35              		.cfi_offset 14, -4
  36 0002 00AF     		add	r7, sp, #0
  37              		.cfi_def_cfa_register 7
  43:Generated_Source\PSoC4/Opamp_1_PM.c **** 
  44:Generated_Source\PSoC4/Opamp_1_PM.c **** }
  38              		.loc 1 44 0
  39 0004 BD46     		mov	sp, r7
  40              		@ sp needed
  41 0006 80BD     		pop	{r7, pc}
  42              		.cfi_endproc
  43              	.LFE0:
  44              		.size	Opamp_1_SaveConfig, .-Opamp_1_SaveConfig
  45              		.section	.text.Opamp_1_RestoreConfig,"ax",%progbits
  46              		.align	2
  47              		.global	Opamp_1_RestoreConfig
  48              		.code	16
  49              		.thumb_func
  50              		.type	Opamp_1_RestoreConfig, %function
  51              	Opamp_1_RestoreConfig:
  52              	.LFB1:
  45:Generated_Source\PSoC4/Opamp_1_PM.c **** 
  46:Generated_Source\PSoC4/Opamp_1_PM.c **** 
  47:Generated_Source\PSoC4/Opamp_1_PM.c **** /*******************************************************************************
  48:Generated_Source\PSoC4/Opamp_1_PM.c **** * Function Name: Opamp_1_RestoreConfig
  49:Generated_Source\PSoC4/Opamp_1_PM.c **** ********************************************************************************
  50:Generated_Source\PSoC4/Opamp_1_PM.c **** *
  51:Generated_Source\PSoC4/Opamp_1_PM.c **** * Summary:
  52:Generated_Source\PSoC4/Opamp_1_PM.c **** *  Empty function. Included for consistency with other components.
  53:Generated_Source\PSoC4/Opamp_1_PM.c **** *
  54:Generated_Source\PSoC4/Opamp_1_PM.c **** * Parameters:
  55:Generated_Source\PSoC4/Opamp_1_PM.c **** *  None
  56:Generated_Source\PSoC4/Opamp_1_PM.c **** *
  57:Generated_Source\PSoC4/Opamp_1_PM.c **** * Return:
  58:Generated_Source\PSoC4/Opamp_1_PM.c **** *  None
  59:Generated_Source\PSoC4/Opamp_1_PM.c **** *
  60:Generated_Source\PSoC4/Opamp_1_PM.c **** *******************************************************************************/
  61:Generated_Source\PSoC4/Opamp_1_PM.c **** void Opamp_1_RestoreConfig(void)
  62:Generated_Source\PSoC4/Opamp_1_PM.c **** {
ARM GAS  C:\Users\GREG~1.PHI\AppData\Local\Temp\ccttwaBy.s 			page 3


  53              		.loc 1 62 0
  54              		.cfi_startproc
  55 0000 80B5     		push	{r7, lr}
  56              		.cfi_def_cfa_offset 8
  57              		.cfi_offset 7, -8
  58              		.cfi_offset 14, -4
  59 0002 00AF     		add	r7, sp, #0
  60              		.cfi_def_cfa_register 7
  63:Generated_Source\PSoC4/Opamp_1_PM.c ****     
  64:Generated_Source\PSoC4/Opamp_1_PM.c **** }
  61              		.loc 1 64 0
  62 0004 BD46     		mov	sp, r7
  63              		@ sp needed
  64 0006 80BD     		pop	{r7, pc}
  65              		.cfi_endproc
  66              	.LFE1:
  67              		.size	Opamp_1_RestoreConfig, .-Opamp_1_RestoreConfig
  68              		.section	.text.Opamp_1_Sleep,"ax",%progbits
  69              		.align	2
  70              		.global	Opamp_1_Sleep
  71              		.code	16
  72              		.thumb_func
  73              		.type	Opamp_1_Sleep, %function
  74              	Opamp_1_Sleep:
  75              	.LFB2:
  65:Generated_Source\PSoC4/Opamp_1_PM.c **** 
  66:Generated_Source\PSoC4/Opamp_1_PM.c **** 
  67:Generated_Source\PSoC4/Opamp_1_PM.c **** /*******************************************************************************
  68:Generated_Source\PSoC4/Opamp_1_PM.c **** * Function Name: Opamp_1_Sleep
  69:Generated_Source\PSoC4/Opamp_1_PM.c **** ********************************************************************************
  70:Generated_Source\PSoC4/Opamp_1_PM.c **** *
  71:Generated_Source\PSoC4/Opamp_1_PM.c **** * Summary:
  72:Generated_Source\PSoC4/Opamp_1_PM.c **** *  This is the preferred API to prepare the component for sleep. The Sleep() API 
  73:Generated_Source\PSoC4/Opamp_1_PM.c **** *  saves the current component state. Call the Sleep() function before calling the 
  74:Generated_Source\PSoC4/Opamp_1_PM.c **** *  CySysPmDeepSleep() or the CySysPmHibernate() functions. The "Deep sleep operation" 
  75:Generated_Source\PSoC4/Opamp_1_PM.c **** *  option has an influence on this function implementation.
  76:Generated_Source\PSoC4/Opamp_1_PM.c **** *
  77:Generated_Source\PSoC4/Opamp_1_PM.c **** * Parameters:
  78:Generated_Source\PSoC4/Opamp_1_PM.c **** *  None
  79:Generated_Source\PSoC4/Opamp_1_PM.c **** *
  80:Generated_Source\PSoC4/Opamp_1_PM.c **** * Return:
  81:Generated_Source\PSoC4/Opamp_1_PM.c **** *  None
  82:Generated_Source\PSoC4/Opamp_1_PM.c **** *
  83:Generated_Source\PSoC4/Opamp_1_PM.c **** * Global variables:
  84:Generated_Source\PSoC4/Opamp_1_PM.c **** *  Opamp_1_backup: The structure field 'enableState' is modified
  85:Generated_Source\PSoC4/Opamp_1_PM.c **** *  depending on the enable state of the block before entering the sleep mode.
  86:Generated_Source\PSoC4/Opamp_1_PM.c **** *
  87:Generated_Source\PSoC4/Opamp_1_PM.c **** *******************************************************************************/
  88:Generated_Source\PSoC4/Opamp_1_PM.c **** void Opamp_1_Sleep(void)
  89:Generated_Source\PSoC4/Opamp_1_PM.c **** {
  76              		.loc 1 89 0
  77              		.cfi_startproc
  78 0000 80B5     		push	{r7, lr}
  79              		.cfi_def_cfa_offset 8
  80              		.cfi_offset 7, -8
  81              		.cfi_offset 14, -4
  82 0002 00AF     		add	r7, sp, #0
ARM GAS  C:\Users\GREG~1.PHI\AppData\Local\Temp\ccttwaBy.s 			page 4


  83              		.cfi_def_cfa_register 7
  90:Generated_Source\PSoC4/Opamp_1_PM.c **** #if(!Opamp_1_CHECK_DEEPSLEEP_SUPPORT)
  91:Generated_Source\PSoC4/Opamp_1_PM.c ****     if(Opamp_1_CHECK_PWR_MODE_OFF)
  84              		.loc 1 91 0
  85 0004 074B     		ldr	r3, .L6
  86 0006 1B68     		ldr	r3, [r3]
  87 0008 0322     		mov	r2, #3
  88 000a 1340     		and	r3, r2
  89 000c 05D0     		beq	.L4
  92:Generated_Source\PSoC4/Opamp_1_PM.c ****     {
  93:Generated_Source\PSoC4/Opamp_1_PM.c ****         Opamp_1_backup.enableState = 1u;
  90              		.loc 1 93 0
  91 000e 064B     		ldr	r3, .L6+4
  92 0010 0122     		mov	r2, #1
  93 0012 1A70     		strb	r2, [r3]
  94:Generated_Source\PSoC4/Opamp_1_PM.c ****         Opamp_1_Stop();
  94              		.loc 1 94 0
  95 0014 FFF7FEFF 		bl	Opamp_1_Stop
  96 0018 02E0     		b	.L3
  97              	.L4:
  95:Generated_Source\PSoC4/Opamp_1_PM.c ****     }
  96:Generated_Source\PSoC4/Opamp_1_PM.c ****     else /* The component is disabled */
  97:Generated_Source\PSoC4/Opamp_1_PM.c ****     {
  98:Generated_Source\PSoC4/Opamp_1_PM.c ****         Opamp_1_backup.enableState = 0u;
  98              		.loc 1 98 0
  99 001a 034B     		ldr	r3, .L6+4
 100 001c 0022     		mov	r2, #0
 101 001e 1A70     		strb	r2, [r3]
 102              	.L3:
  99:Generated_Source\PSoC4/Opamp_1_PM.c ****     }
 100:Generated_Source\PSoC4/Opamp_1_PM.c **** #endif /* (Opamp_1_CHECK_DEEPSLEEP_SUPPORT) */
 101:Generated_Source\PSoC4/Opamp_1_PM.c **** }
 103              		.loc 1 101 0
 104 0020 BD46     		mov	sp, r7
 105              		@ sp needed
 106 0022 80BD     		pop	{r7, pc}
 107              	.L7:
 108              		.align	2
 109              	.L6:
 110 0024 04003040 		.word	1076887556
 111 0028 00000000 		.word	Opamp_1_backup
 112              		.cfi_endproc
 113              	.LFE2:
 114              		.size	Opamp_1_Sleep, .-Opamp_1_Sleep
 115              		.section	.text.Opamp_1_Wakeup,"ax",%progbits
 116              		.align	2
 117              		.global	Opamp_1_Wakeup
 118              		.code	16
 119              		.thumb_func
 120              		.type	Opamp_1_Wakeup, %function
 121              	Opamp_1_Wakeup:
 122              	.LFB3:
 102:Generated_Source\PSoC4/Opamp_1_PM.c **** 
 103:Generated_Source\PSoC4/Opamp_1_PM.c **** 
 104:Generated_Source\PSoC4/Opamp_1_PM.c **** /*******************************************************************************
 105:Generated_Source\PSoC4/Opamp_1_PM.c **** * Function Name: Opamp_1_Wakeup
 106:Generated_Source\PSoC4/Opamp_1_PM.c **** ********************************************************************************
ARM GAS  C:\Users\GREG~1.PHI\AppData\Local\Temp\ccttwaBy.s 			page 5


 107:Generated_Source\PSoC4/Opamp_1_PM.c **** *
 108:Generated_Source\PSoC4/Opamp_1_PM.c **** * Summary:
 109:Generated_Source\PSoC4/Opamp_1_PM.c **** *  This is the preferred API to restore the component to the state when Sleep() 
 110:Generated_Source\PSoC4/Opamp_1_PM.c **** *  is called. If the component has been enabled before the Sleep() function is 
 111:Generated_Source\PSoC4/Opamp_1_PM.c **** *  called, the Wakeup() function will also re-enable the component.
 112:Generated_Source\PSoC4/Opamp_1_PM.c **** *  The "Deep sleep operation" option has an influence on this function
 113:Generated_Source\PSoC4/Opamp_1_PM.c **** *  implementation.
 114:Generated_Source\PSoC4/Opamp_1_PM.c **** *
 115:Generated_Source\PSoC4/Opamp_1_PM.c **** * Parameters:
 116:Generated_Source\PSoC4/Opamp_1_PM.c **** *  None
 117:Generated_Source\PSoC4/Opamp_1_PM.c **** *
 118:Generated_Source\PSoC4/Opamp_1_PM.c **** * Return:
 119:Generated_Source\PSoC4/Opamp_1_PM.c **** *  None
 120:Generated_Source\PSoC4/Opamp_1_PM.c **** *
 121:Generated_Source\PSoC4/Opamp_1_PM.c **** * Global variables:
 122:Generated_Source\PSoC4/Opamp_1_PM.c **** *  Opamp_1_backup: The structure field 'enableState' is used to
 123:Generated_Source\PSoC4/Opamp_1_PM.c **** *  restore the enable state of block after wakeup from sleep mode.
 124:Generated_Source\PSoC4/Opamp_1_PM.c **** *
 125:Generated_Source\PSoC4/Opamp_1_PM.c **** *******************************************************************************/
 126:Generated_Source\PSoC4/Opamp_1_PM.c **** void Opamp_1_Wakeup(void)
 127:Generated_Source\PSoC4/Opamp_1_PM.c **** {
 123              		.loc 1 127 0
 124              		.cfi_startproc
 125 0000 80B5     		push	{r7, lr}
 126              		.cfi_def_cfa_offset 8
 127              		.cfi_offset 7, -8
 128              		.cfi_offset 14, -4
 129 0002 00AF     		add	r7, sp, #0
 130              		.cfi_def_cfa_register 7
 128:Generated_Source\PSoC4/Opamp_1_PM.c **** #if(!Opamp_1_CHECK_DEEPSLEEP_SUPPORT)
 129:Generated_Source\PSoC4/Opamp_1_PM.c ****     if(0u != Opamp_1_backup.enableState)
 131              		.loc 1 129 0
 132 0004 034B     		ldr	r3, .L10
 133 0006 1B78     		ldrb	r3, [r3]
 134 0008 002B     		cmp	r3, #0
 135 000a 01D0     		beq	.L8
 130:Generated_Source\PSoC4/Opamp_1_PM.c ****     {
 131:Generated_Source\PSoC4/Opamp_1_PM.c ****         /* Enable Opamp's operation */
 132:Generated_Source\PSoC4/Opamp_1_PM.c ****         Opamp_1_Enable();
 136              		.loc 1 132 0
 137 000c FFF7FEFF 		bl	Opamp_1_Enable
 138              	.L8:
 133:Generated_Source\PSoC4/Opamp_1_PM.c ****     } /* Do nothing if Opamp was disabled before */
 134:Generated_Source\PSoC4/Opamp_1_PM.c **** #endif /* (Opamp_1_CHECK_DEEPSLEEP_SUPPORT) */
 135:Generated_Source\PSoC4/Opamp_1_PM.c **** }
 139              		.loc 1 135 0
 140 0010 BD46     		mov	sp, r7
 141              		@ sp needed
 142 0012 80BD     		pop	{r7, pc}
 143              	.L11:
 144              		.align	2
 145              	.L10:
 146 0014 00000000 		.word	Opamp_1_backup
 147              		.cfi_endproc
 148              	.LFE3:
 149              		.size	Opamp_1_Wakeup, .-Opamp_1_Wakeup
 150              		.text
ARM GAS  C:\Users\GREG~1.PHI\AppData\Local\Temp\ccttwaBy.s 			page 6


 151              	.Letext0:
 152              		.file 2 "Generated_Source\\PSoC4\\cytypes.h"
 153              		.file 3 "Generated_Source\\PSoC4\\Opamp_1.h"
 154              		.section	.debug_info,"",%progbits
 155              	.Ldebug_info0:
 156 0000 1B010000 		.4byte	0x11b
 157 0004 0400     		.2byte	0x4
 158 0006 00000000 		.4byte	.Ldebug_abbrev0
 159 000a 04       		.byte	0x4
 160 000b 01       		.uleb128 0x1
 161 000c 7E000000 		.4byte	.LASF20
 162 0010 01       		.byte	0x1
 163 0011 13010000 		.4byte	.LASF21
 164 0015 7C010000 		.4byte	.LASF22
 165 0019 00000000 		.4byte	.Ldebug_ranges0+0
 166 001d 00000000 		.4byte	0
 167 0021 00000000 		.4byte	.Ldebug_line0
 168 0025 02       		.uleb128 0x2
 169 0026 01       		.byte	0x1
 170 0027 06       		.byte	0x6
 171 0028 E6010000 		.4byte	.LASF0
 172 002c 02       		.uleb128 0x2
 173 002d 01       		.byte	0x1
 174 002e 08       		.byte	0x8
 175 002f 35000000 		.4byte	.LASF1
 176 0033 02       		.uleb128 0x2
 177 0034 02       		.byte	0x2
 178 0035 05       		.byte	0x5
 179 0036 C1010000 		.4byte	.LASF2
 180 003a 02       		.uleb128 0x2
 181 003b 02       		.byte	0x2
 182 003c 07       		.byte	0x7
 183 003d 64000000 		.4byte	.LASF3
 184 0041 02       		.uleb128 0x2
 185 0042 04       		.byte	0x4
 186 0043 05       		.byte	0x5
 187 0044 D1010000 		.4byte	.LASF4
 188 0048 02       		.uleb128 0x2
 189 0049 04       		.byte	0x4
 190 004a 07       		.byte	0x7
 191 004b 52000000 		.4byte	.LASF5
 192 004f 02       		.uleb128 0x2
 193 0050 08       		.byte	0x8
 194 0051 05       		.byte	0x5
 195 0052 5B010000 		.4byte	.LASF6
 196 0056 02       		.uleb128 0x2
 197 0057 08       		.byte	0x8
 198 0058 07       		.byte	0x7
 199 0059 44010000 		.4byte	.LASF7
 200 005d 03       		.uleb128 0x3
 201 005e 04       		.byte	0x4
 202 005f 05       		.byte	0x5
 203 0060 696E7400 		.ascii	"int\000"
 204 0064 02       		.uleb128 0x2
 205 0065 04       		.byte	0x4
 206 0066 07       		.byte	0x7
 207 0067 37010000 		.4byte	.LASF8
ARM GAS  C:\Users\GREG~1.PHI\AppData\Local\Temp\ccttwaBy.s 			page 7


 208 006b 04       		.uleb128 0x4
 209 006c CB010000 		.4byte	.LASF9
 210 0070 02       		.byte	0x2
 211 0071 B901     		.2byte	0x1b9
 212 0073 2C000000 		.4byte	0x2c
 213 0077 04       		.uleb128 0x4
 214 0078 0C010000 		.4byte	.LASF10
 215 007c 02       		.byte	0x2
 216 007d BB01     		.2byte	0x1bb
 217 007f 48000000 		.4byte	0x48
 218 0083 02       		.uleb128 0x2
 219 0084 04       		.byte	0x4
 220 0085 04       		.byte	0x4
 221 0086 19000000 		.4byte	.LASF11
 222 008a 02       		.uleb128 0x2
 223 008b 08       		.byte	0x8
 224 008c 04       		.byte	0x4
 225 008d 77000000 		.4byte	.LASF12
 226 0091 02       		.uleb128 0x2
 227 0092 01       		.byte	0x1
 228 0093 08       		.byte	0x8
 229 0094 69010000 		.4byte	.LASF13
 230 0098 04       		.uleb128 0x4
 231 0099 00000000 		.4byte	.LASF14
 232 009d 02       		.byte	0x2
 233 009e 6502     		.2byte	0x265
 234 00a0 A4000000 		.4byte	0xa4
 235 00a4 05       		.uleb128 0x5
 236 00a5 77000000 		.4byte	0x77
 237 00a9 06       		.uleb128 0x6
 238 00aa 01       		.byte	0x1
 239 00ab 03       		.byte	0x3
 240 00ac 1E       		.byte	0x1e
 241 00ad BE000000 		.4byte	0xbe
 242 00b1 07       		.uleb128 0x7
 243 00b2 DA010000 		.4byte	.LASF23
 244 00b6 03       		.byte	0x3
 245 00b7 20       		.byte	0x20
 246 00b8 6B000000 		.4byte	0x6b
 247 00bc 00       		.byte	0
 248 00bd 00       		.byte	0
 249 00be 08       		.uleb128 0x8
 250 00bf 1F000000 		.4byte	.LASF15
 251 00c3 03       		.byte	0x3
 252 00c4 21       		.byte	0x21
 253 00c5 A9000000 		.4byte	0xa9
 254 00c9 09       		.uleb128 0x9
 255 00ca 06000000 		.4byte	.LASF16
 256 00ce 01       		.byte	0x1
 257 00cf 29       		.byte	0x29
 258 00d0 00000000 		.4byte	.LFB0
 259 00d4 08000000 		.4byte	.LFE0-.LFB0
 260 00d8 01       		.uleb128 0x1
 261 00d9 9C       		.byte	0x9c
 262 00da 09       		.uleb128 0x9
 263 00db 01020000 		.4byte	.LASF17
 264 00df 01       		.byte	0x1
ARM GAS  C:\Users\GREG~1.PHI\AppData\Local\Temp\ccttwaBy.s 			page 8


 265 00e0 3D       		.byte	0x3d
 266 00e1 00000000 		.4byte	.LFB1
 267 00e5 08000000 		.4byte	.LFE1-.LFB1
 268 00e9 01       		.uleb128 0x1
 269 00ea 9C       		.byte	0x9c
 270 00eb 0A       		.uleb128 0xa
 271 00ec 6E010000 		.4byte	.LASF18
 272 00f0 01       		.byte	0x1
 273 00f1 58       		.byte	0x58
 274 00f2 00000000 		.4byte	.LFB2
 275 00f6 2C000000 		.4byte	.LFE2-.LFB2
 276 00fa 01       		.uleb128 0x1
 277 00fb 9C       		.byte	0x9c
 278 00fc 0A       		.uleb128 0xa
 279 00fd F2010000 		.4byte	.LASF19
 280 0101 01       		.byte	0x1
 281 0102 7E       		.byte	0x7e
 282 0103 00000000 		.4byte	.LFB3
 283 0107 18000000 		.4byte	.LFE3-.LFB3
 284 010b 01       		.uleb128 0x1
 285 010c 9C       		.byte	0x9c
 286 010d 0B       		.uleb128 0xb
 287 010e 43000000 		.4byte	.LASF24
 288 0112 01       		.byte	0x1
 289 0113 14       		.byte	0x14
 290 0114 BE000000 		.4byte	0xbe
 291 0118 05       		.uleb128 0x5
 292 0119 03       		.byte	0x3
 293 011a 00000000 		.4byte	Opamp_1_backup
 294 011e 00       		.byte	0
 295              		.section	.debug_abbrev,"",%progbits
 296              	.Ldebug_abbrev0:
 297 0000 01       		.uleb128 0x1
 298 0001 11       		.uleb128 0x11
 299 0002 01       		.byte	0x1
 300 0003 25       		.uleb128 0x25
 301 0004 0E       		.uleb128 0xe
 302 0005 13       		.uleb128 0x13
 303 0006 0B       		.uleb128 0xb
 304 0007 03       		.uleb128 0x3
 305 0008 0E       		.uleb128 0xe
 306 0009 1B       		.uleb128 0x1b
 307 000a 0E       		.uleb128 0xe
 308 000b 55       		.uleb128 0x55
 309 000c 17       		.uleb128 0x17
 310 000d 11       		.uleb128 0x11
 311 000e 01       		.uleb128 0x1
 312 000f 10       		.uleb128 0x10
 313 0010 17       		.uleb128 0x17
 314 0011 00       		.byte	0
 315 0012 00       		.byte	0
 316 0013 02       		.uleb128 0x2
 317 0014 24       		.uleb128 0x24
 318 0015 00       		.byte	0
 319 0016 0B       		.uleb128 0xb
 320 0017 0B       		.uleb128 0xb
 321 0018 3E       		.uleb128 0x3e
ARM GAS  C:\Users\GREG~1.PHI\AppData\Local\Temp\ccttwaBy.s 			page 9


 322 0019 0B       		.uleb128 0xb
 323 001a 03       		.uleb128 0x3
 324 001b 0E       		.uleb128 0xe
 325 001c 00       		.byte	0
 326 001d 00       		.byte	0
 327 001e 03       		.uleb128 0x3
 328 001f 24       		.uleb128 0x24
 329 0020 00       		.byte	0
 330 0021 0B       		.uleb128 0xb
 331 0022 0B       		.uleb128 0xb
 332 0023 3E       		.uleb128 0x3e
 333 0024 0B       		.uleb128 0xb
 334 0025 03       		.uleb128 0x3
 335 0026 08       		.uleb128 0x8
 336 0027 00       		.byte	0
 337 0028 00       		.byte	0
 338 0029 04       		.uleb128 0x4
 339 002a 16       		.uleb128 0x16
 340 002b 00       		.byte	0
 341 002c 03       		.uleb128 0x3
 342 002d 0E       		.uleb128 0xe
 343 002e 3A       		.uleb128 0x3a
 344 002f 0B       		.uleb128 0xb
 345 0030 3B       		.uleb128 0x3b
 346 0031 05       		.uleb128 0x5
 347 0032 49       		.uleb128 0x49
 348 0033 13       		.uleb128 0x13
 349 0034 00       		.byte	0
 350 0035 00       		.byte	0
 351 0036 05       		.uleb128 0x5
 352 0037 35       		.uleb128 0x35
 353 0038 00       		.byte	0
 354 0039 49       		.uleb128 0x49
 355 003a 13       		.uleb128 0x13
 356 003b 00       		.byte	0
 357 003c 00       		.byte	0
 358 003d 06       		.uleb128 0x6
 359 003e 13       		.uleb128 0x13
 360 003f 01       		.byte	0x1
 361 0040 0B       		.uleb128 0xb
 362 0041 0B       		.uleb128 0xb
 363 0042 3A       		.uleb128 0x3a
 364 0043 0B       		.uleb128 0xb
 365 0044 3B       		.uleb128 0x3b
 366 0045 0B       		.uleb128 0xb
 367 0046 01       		.uleb128 0x1
 368 0047 13       		.uleb128 0x13
 369 0048 00       		.byte	0
 370 0049 00       		.byte	0
 371 004a 07       		.uleb128 0x7
 372 004b 0D       		.uleb128 0xd
 373 004c 00       		.byte	0
 374 004d 03       		.uleb128 0x3
 375 004e 0E       		.uleb128 0xe
 376 004f 3A       		.uleb128 0x3a
 377 0050 0B       		.uleb128 0xb
 378 0051 3B       		.uleb128 0x3b
ARM GAS  C:\Users\GREG~1.PHI\AppData\Local\Temp\ccttwaBy.s 			page 10


 379 0052 0B       		.uleb128 0xb
 380 0053 49       		.uleb128 0x49
 381 0054 13       		.uleb128 0x13
 382 0055 38       		.uleb128 0x38
 383 0056 0B       		.uleb128 0xb
 384 0057 00       		.byte	0
 385 0058 00       		.byte	0
 386 0059 08       		.uleb128 0x8
 387 005a 16       		.uleb128 0x16
 388 005b 00       		.byte	0
 389 005c 03       		.uleb128 0x3
 390 005d 0E       		.uleb128 0xe
 391 005e 3A       		.uleb128 0x3a
 392 005f 0B       		.uleb128 0xb
 393 0060 3B       		.uleb128 0x3b
 394 0061 0B       		.uleb128 0xb
 395 0062 49       		.uleb128 0x49
 396 0063 13       		.uleb128 0x13
 397 0064 00       		.byte	0
 398 0065 00       		.byte	0
 399 0066 09       		.uleb128 0x9
 400 0067 2E       		.uleb128 0x2e
 401 0068 00       		.byte	0
 402 0069 3F       		.uleb128 0x3f
 403 006a 19       		.uleb128 0x19
 404 006b 03       		.uleb128 0x3
 405 006c 0E       		.uleb128 0xe
 406 006d 3A       		.uleb128 0x3a
 407 006e 0B       		.uleb128 0xb
 408 006f 3B       		.uleb128 0x3b
 409 0070 0B       		.uleb128 0xb
 410 0071 27       		.uleb128 0x27
 411 0072 19       		.uleb128 0x19
 412 0073 11       		.uleb128 0x11
 413 0074 01       		.uleb128 0x1
 414 0075 12       		.uleb128 0x12
 415 0076 06       		.uleb128 0x6
 416 0077 40       		.uleb128 0x40
 417 0078 18       		.uleb128 0x18
 418 0079 9742     		.uleb128 0x2117
 419 007b 19       		.uleb128 0x19
 420 007c 00       		.byte	0
 421 007d 00       		.byte	0
 422 007e 0A       		.uleb128 0xa
 423 007f 2E       		.uleb128 0x2e
 424 0080 00       		.byte	0
 425 0081 3F       		.uleb128 0x3f
 426 0082 19       		.uleb128 0x19
 427 0083 03       		.uleb128 0x3
 428 0084 0E       		.uleb128 0xe
 429 0085 3A       		.uleb128 0x3a
 430 0086 0B       		.uleb128 0xb
 431 0087 3B       		.uleb128 0x3b
 432 0088 0B       		.uleb128 0xb
 433 0089 27       		.uleb128 0x27
 434 008a 19       		.uleb128 0x19
 435 008b 11       		.uleb128 0x11
ARM GAS  C:\Users\GREG~1.PHI\AppData\Local\Temp\ccttwaBy.s 			page 11


 436 008c 01       		.uleb128 0x1
 437 008d 12       		.uleb128 0x12
 438 008e 06       		.uleb128 0x6
 439 008f 40       		.uleb128 0x40
 440 0090 18       		.uleb128 0x18
 441 0091 9642     		.uleb128 0x2116
 442 0093 19       		.uleb128 0x19
 443 0094 00       		.byte	0
 444 0095 00       		.byte	0
 445 0096 0B       		.uleb128 0xb
 446 0097 34       		.uleb128 0x34
 447 0098 00       		.byte	0
 448 0099 03       		.uleb128 0x3
 449 009a 0E       		.uleb128 0xe
 450 009b 3A       		.uleb128 0x3a
 451 009c 0B       		.uleb128 0xb
 452 009d 3B       		.uleb128 0x3b
 453 009e 0B       		.uleb128 0xb
 454 009f 49       		.uleb128 0x49
 455 00a0 13       		.uleb128 0x13
 456 00a1 02       		.uleb128 0x2
 457 00a2 18       		.uleb128 0x18
 458 00a3 00       		.byte	0
 459 00a4 00       		.byte	0
 460 00a5 00       		.byte	0
 461              		.section	.debug_aranges,"",%progbits
 462 0000 34000000 		.4byte	0x34
 463 0004 0200     		.2byte	0x2
 464 0006 00000000 		.4byte	.Ldebug_info0
 465 000a 04       		.byte	0x4
 466 000b 00       		.byte	0
 467 000c 0000     		.2byte	0
 468 000e 0000     		.2byte	0
 469 0010 00000000 		.4byte	.LFB0
 470 0014 08000000 		.4byte	.LFE0-.LFB0
 471 0018 00000000 		.4byte	.LFB1
 472 001c 08000000 		.4byte	.LFE1-.LFB1
 473 0020 00000000 		.4byte	.LFB2
 474 0024 2C000000 		.4byte	.LFE2-.LFB2
 475 0028 00000000 		.4byte	.LFB3
 476 002c 18000000 		.4byte	.LFE3-.LFB3
 477 0030 00000000 		.4byte	0
 478 0034 00000000 		.4byte	0
 479              		.section	.debug_ranges,"",%progbits
 480              	.Ldebug_ranges0:
 481 0000 00000000 		.4byte	.LFB0
 482 0004 08000000 		.4byte	.LFE0
 483 0008 00000000 		.4byte	.LFB1
 484 000c 08000000 		.4byte	.LFE1
 485 0010 00000000 		.4byte	.LFB2
 486 0014 2C000000 		.4byte	.LFE2
 487 0018 00000000 		.4byte	.LFB3
 488 001c 18000000 		.4byte	.LFE3
 489 0020 00000000 		.4byte	0
 490 0024 00000000 		.4byte	0
 491              		.section	.debug_line,"",%progbits
 492              	.Ldebug_line0:
ARM GAS  C:\Users\GREG~1.PHI\AppData\Local\Temp\ccttwaBy.s 			page 12


 493 0000 A2000000 		.section	.debug_str,"MS",%progbits,1
 493      02005400 
 493      00000201 
 493      FB0E0D00 
 493      01010101 
 494              	.LASF14:
 495 0000 72656733 		.ascii	"reg32\000"
 495      3200
 496              	.LASF16:
 497 0006 4F70616D 		.ascii	"Opamp_1_SaveConfig\000"
 497      705F315F 
 497      53617665 
 497      436F6E66 
 497      696700
 498              	.LASF11:
 499 0019 666C6F61 		.ascii	"float\000"
 499      7400
 500              	.LASF15:
 501 001f 4F70616D 		.ascii	"Opamp_1_BACKUP_STRUCT\000"
 501      705F315F 
 501      4241434B 
 501      55505F53 
 501      54525543 
 502              	.LASF1:
 503 0035 756E7369 		.ascii	"unsigned char\000"
 503      676E6564 
 503      20636861 
 503      7200
 504              	.LASF24:
 505 0043 4F70616D 		.ascii	"Opamp_1_backup\000"
 505      705F315F 
 505      6261636B 
 505      757000
 506              	.LASF5:
 507 0052 6C6F6E67 		.ascii	"long unsigned int\000"
 507      20756E73 
 507      69676E65 
 507      6420696E 
 507      7400
 508              	.LASF3:
 509 0064 73686F72 		.ascii	"short unsigned int\000"
 509      7420756E 
 509      7369676E 
 509      65642069 
 509      6E7400
 510              	.LASF12:
 511 0077 646F7562 		.ascii	"double\000"
 511      6C6500
 512              	.LASF20:
 513 007e 474E5520 		.ascii	"GNU C 4.9.3 20150303 (release) [ARM/embedded-4_9-br"
 513      4320342E 
 513      392E3320 
 513      32303135 
 513      30333033 
 514 00b1 616E6368 		.ascii	"anch revision 221220] -mcpu=cortex-m0 -mthumb -g -O"
 514      20726576 
 514      6973696F 
ARM GAS  C:\Users\GREG~1.PHI\AppData\Local\Temp\ccttwaBy.s 			page 13


 514      6E203232 
 514      31323230 
 515 00e4 30202D66 		.ascii	"0 -ffunction-sections -ffat-lto-objects\000"
 515      66756E63 
 515      74696F6E 
 515      2D736563 
 515      74696F6E 
 516              	.LASF10:
 517 010c 75696E74 		.ascii	"uint32\000"
 517      333200
 518              	.LASF21:
 519 0113 47656E65 		.ascii	"Generated_Source\\PSoC4\\Opamp_1_PM.c\000"
 519      72617465 
 519      645F536F 
 519      75726365 
 519      5C50536F 
 520              	.LASF8:
 521 0137 756E7369 		.ascii	"unsigned int\000"
 521      676E6564 
 521      20696E74 
 521      00
 522              	.LASF7:
 523 0144 6C6F6E67 		.ascii	"long long unsigned int\000"
 523      206C6F6E 
 523      6720756E 
 523      7369676E 
 523      65642069 
 524              	.LASF6:
 525 015b 6C6F6E67 		.ascii	"long long int\000"
 525      206C6F6E 
 525      6720696E 
 525      7400
 526              	.LASF13:
 527 0169 63686172 		.ascii	"char\000"
 527      00
 528              	.LASF18:
 529 016e 4F70616D 		.ascii	"Opamp_1_Sleep\000"
 529      705F315F 
 529      536C6565 
 529      7000
 530              	.LASF22:
 531 017c 443A5C44 		.ascii	"D:\\Dropbox\\IoT Development\\Cypress PSoC Developm"
 531      726F7062 
 531      6F785C49 
 531      6F542044 
 531      6576656C 
 532 01ac 656E745C 		.ascii	"ent\\RTD Design.cydsn\000"
 532      52544420 
 532      44657369 
 532      676E2E63 
 532      7964736E 
 533              	.LASF2:
 534 01c1 73686F72 		.ascii	"short int\000"
 534      7420696E 
 534      7400
 535              	.LASF9:
 536 01cb 75696E74 		.ascii	"uint8\000"
ARM GAS  C:\Users\GREG~1.PHI\AppData\Local\Temp\ccttwaBy.s 			page 14


 536      3800
 537              	.LASF4:
 538 01d1 6C6F6E67 		.ascii	"long int\000"
 538      20696E74 
 538      00
 539              	.LASF23:
 540 01da 656E6162 		.ascii	"enableState\000"
 540      6C655374 
 540      61746500 
 541              	.LASF0:
 542 01e6 7369676E 		.ascii	"signed char\000"
 542      65642063 
 542      68617200 
 543              	.LASF19:
 544 01f2 4F70616D 		.ascii	"Opamp_1_Wakeup\000"
 544      705F315F 
 544      57616B65 
 544      757000
 545              	.LASF17:
 546 0201 4F70616D 		.ascii	"Opamp_1_RestoreConfig\000"
 546      705F315F 
 546      52657374 
 546      6F726543 
 546      6F6E6669 
 547              		.ident	"GCC: (GNU Tools for ARM Embedded Processors) 4.9.3 20150303 (release) [ARM/embedded-4_9-br
