--------------- Rebuild Started: 06/09/2017 11:39:54 Project: RTD Design, Configuration: ARM GCC 4.9-2015-q1-update Debug ---------------
Deleting file ".\CortexM0\ARM_GCC_493\Debug\main.o"
Deleting file ".\CortexM0\ARM_GCC_493\Debug\cypress_slave_spi.o"
Deleting file ".\CortexM0\ARM_GCC_493\Debug\cypress_arduino.o"
Deleting file ".\CortexM0\ARM_GCC_493\Debug\sensors.o"
Deleting file ".\CortexM0\ARM_GCC_493\Debug\controls.o"
Deleting file ".\CortexM0\ARM_GCC_493\Debug\RTD_sensor.o"
Deleting file ".\CortexM0\ARM_GCC_493\Debug\switch_sensor.o"
Deleting file ".\CortexM0\ARM_GCC_493\Debug\cyfitter_cfg.o"
Deleting file ".\CortexM0\ARM_GCC_493\Debug\cymetadata.o"
Deleting file ".\CortexM0\ARM_GCC_493\Debug\LED_GREEN.o"
Deleting file ".\CortexM0\ARM_GCC_493\Debug\LED_GREEN_PM.o"
Deleting file ".\CortexM0\ARM_GCC_493\Debug\LED_RED.o"
Deleting file ".\CortexM0\ARM_GCC_493\Debug\LED_RED_PM.o"
Deleting file ".\CortexM0\ARM_GCC_493\Debug\LED_BLUE.o"
Deleting file ".\CortexM0\ARM_GCC_493\Debug\LED_BLUE_PM.o"
Deleting file ".\CortexM0\ARM_GCC_493\Debug\SPIS.o"
Deleting file ".\CortexM0\ARM_GCC_493\Debug\SPIS_SPI_UART.o"
Deleting file ".\CortexM0\ARM_GCC_493\Debug\SPIS_PM.o"
Deleting file ".\CortexM0\ARM_GCC_493\Debug\SPIS_SPI.o"
Deleting file ".\CortexM0\ARM_GCC_493\Debug\SPIS_BOOT.o"
Deleting file ".\CortexM0\ARM_GCC_493\Debug\SPIS_SPI_BOOT.o"
Deleting file ".\CortexM0\ARM_GCC_493\Debug\SPIS_SPI_UART_INT.o"
Deleting file ".\CortexM0\ARM_GCC_493\Debug\SPIS_SCBCLK.o"
Deleting file ".\CortexM0\ARM_GCC_493\Debug\SPIS_ss_s.o"
Deleting file ".\CortexM0\ARM_GCC_493\Debug\SPIS_ss_s_PM.o"
Deleting file ".\CortexM0\ARM_GCC_493\Debug\SPIS_miso_s.o"
Deleting file ".\CortexM0\ARM_GCC_493\Debug\SPIS_miso_s_PM.o"
Deleting file ".\CortexM0\ARM_GCC_493\Debug\SPIS_sclk_s.o"
Deleting file ".\CortexM0\ARM_GCC_493\Debug\SPIS_sclk_s_PM.o"
Deleting file ".\CortexM0\ARM_GCC_493\Debug\SPIS_mosi_s.o"
Deleting file ".\CortexM0\ARM_GCC_493\Debug\SPIS_mosi_s_PM.o"
Deleting file ".\CortexM0\ARM_GCC_493\Debug\Cm0Start.o"
Deleting file ".\CortexM0\ARM_GCC_493\Debug\CyBootAsmGnu.o"
Deleting file ".\CortexM0\ARM_GCC_493\Debug\CyFlash.o"
Deleting file ".\CortexM0\ARM_GCC_493\Debug\CyLib.o"
Deleting file ".\CortexM0\ARM_GCC_493\Debug\cyPm.o"
Deleting file ".\CortexM0\ARM_GCC_493\Debug\cyutils.o"
Deleting file ".\CortexM0\ARM_GCC_493\Debug\CyLFClk.o"
Deleting file ".\CortexM0\ARM_GCC_493\Debug\CyDMA.o"
Deleting file ".\CortexM0\ARM_GCC_493\Debug\SPIS_SCB_IRQ.o"
Deleting file ".\CortexM0\ARM_GCC_493\Debug\RTD.o"
Deleting file ".\CortexM0\ARM_GCC_493\Debug\ADC_SAR_SEQ.o"
Deleting file ".\CortexM0\ARM_GCC_493\Debug\ADC_SAR_SEQ_PM.o"
Deleting file ".\CortexM0\ARM_GCC_493\Debug\ADC_SAR_SEQ_INT.o"
Deleting file ".\CortexM0\ARM_GCC_493\Debug\ADC_SAR_SEQ_IRQ.o"
Deleting file ".\CortexM0\ARM_GCC_493\Debug\ADC_SAR_SEQ_intClock.o"
Deleting file ".\CortexM0\ARM_GCC_493\Debug\IDAC.o"
Deleting file ".\CortexM0\ARM_GCC_493\Debug\IDAC_PM.o"
Deleting file ".\CortexM0\ARM_GCC_493\Debug\RTD_BLUE.o"
Deleting file ".\CortexM0\ARM_GCC_493\Debug\RTD_BLUE_PM.o"
Deleting file ".\CortexM0\ARM_GCC_493\Debug\RTD_RED_1.o"
Deleting file ".\CortexM0\ARM_GCC_493\Debug\RTD_RED_1_PM.o"
Deleting file ".\CortexM0\ARM_GCC_493\Debug\Opamp_1.o"
Deleting file ".\CortexM0\ARM_GCC_493\Debug\Opamp_1_PM.o"
Deleting file ".\CortexM0\ARM_GCC_493\Debug\OpAmp_In.o"
Deleting file ".\CortexM0\ARM_GCC_493\Debug\OpAmp_In_PM.o"
Deleting file ".\CortexM0\ARM_GCC_493\Debug\OpAmp_Out.o"
Deleting file ".\CortexM0\ARM_GCC_493\Debug\OpAmp_Out_PM.o"
Deleting file ".\CortexM0\ARM_GCC_493\Debug\RTD_RED.o"
Deleting file ".\CortexM0\ARM_GCC_493\Debug\RTD_RED_PM.o"
Deleting file ".\CortexM0\ARM_GCC_493\Debug\CAL_100B.o"
Deleting file ".\CortexM0\ARM_GCC_493\Debug\CAL_100B_PM.o"
Deleting file ".\CortexM0\ARM_GCC_493\Debug\CAL_100A.o"
Deleting file ".\CortexM0\ARM_GCC_493\Debug\CAL_100A_PM.o"
Deleting file ".\CortexM0\ARM_GCC_493\Debug\switch_1.o"
Deleting file ".\CortexM0\ARM_GCC_493\Debug\switch_1_PM.o"
Deleting file ".\CortexM0\ARM_GCC_493\Debug\CAL_100A_1.o"
Deleting file ".\CortexM0\ARM_GCC_493\Debug\CAL_100A_1_PM.o"
Deleting file ".\CortexM0\ARM_GCC_493\Debug\IDC_Out.o"
Deleting file ".\CortexM0\ARM_GCC_493\Debug\IDC_Out_PM.o"
Deleting file ".\CortexM0\ARM_GCC_493\Debug\FULL_RANGE_2.o"
Deleting file ".\CortexM0\ARM_GCC_493\Debug\FULL_RANGE_2_PM.o"
Deleting file ".\CortexM0\ARM_GCC_493\Debug\FULL_RANGE_1.o"
Deleting file ".\CortexM0\ARM_GCC_493\Debug\FULL_RANGE_1_PM.o"
Deleting file ".\CortexM0\ARM_GCC_493\Debug\RTD Design.hex"
Deleting file ".\CortexM0\ARM_GCC_493\Debug\RTD Design.elf"
Deleting file ".\CortexM0\ARM_GCC_493\Debug\RTD Design.map"
Deleting file ".\RTD Design.rpt"
Deleting file ".\RTD Design_timing.html"
Deleting file ".\CortexM0\ARM_GCC_493\Debug\.deps\SOURCE_C__ARM_GCC_GENERIC.P"
Deleting file ".\CortexM0\ARM_GCC_493\Debug\.deps\SOURCE_ASM__ARM_GCC_GENERIC.P"
Build process unable to delete contents of code gen dir.  Error: Failed to delete D:\Dropbox\IoT Development\Cypress PSoC Development\RTD Design.cydsn\codegentemp\lcpsoc3: Access to the path 'D:\Dropbox\IoT Development\Cypress PSoC Development\RTD Design.cydsn\codegentemp\lcpsoc3' is denied.
--------------- Rebuild Failed: 06/09/2017 11:39:55 ---------------
