ARM GAS  C:\Users\GREG~1.PHI\AppData\Local\Temp\ccQtfTVy.s 			page 1


   1              		.cpu cortex-m0
   2              		.fpu softvfp
   3              		.eabi_attribute 20, 1
   4              		.eabi_attribute 21, 1
   5              		.eabi_attribute 23, 3
   6              		.eabi_attribute 24, 1
   7              		.eabi_attribute 25, 1
   8              		.eabi_attribute 26, 1
   9              		.eabi_attribute 30, 6
  10              		.eabi_attribute 34, 0
  11              		.eabi_attribute 18, 4
  12              		.code	16
  13              		.file	"RTD.c"
  14              		.text
  15              	.Ltext0:
  16              		.cfi_sections	.debug_frame
  17              		.global	__aeabi_lmul
  18              		.section	.text.RTD_MultShift24,"ax",%progbits
  19              		.align	2
  20              		.global	RTD_MultShift24
  21              		.code	16
  22              		.thumb_func
  23              		.type	RTD_MultShift24, %function
  24              	RTD_MultShift24:
  25              	.LFB1:
  26              		.file 1 "Generated_Source\\PSoC4\\RTD.c"
   1:Generated_Source\PSoC4/RTD.c **** /*******************************************************************************
   2:Generated_Source\PSoC4/RTD.c **** * File Name: RTD.c
   3:Generated_Source\PSoC4/RTD.c **** * Version 1.20
   4:Generated_Source\PSoC4/RTD.c **** *
   5:Generated_Source\PSoC4/RTD.c **** * Description:
   6:Generated_Source\PSoC4/RTD.c **** *  This file provides the source code to the API for the RTDCalc Component.
   7:Generated_Source\PSoC4/RTD.c **** *
   8:Generated_Source\PSoC4/RTD.c **** * Note:
   9:Generated_Source\PSoC4/RTD.c **** *  None.
  10:Generated_Source\PSoC4/RTD.c **** *
  11:Generated_Source\PSoC4/RTD.c **** ********************************************************************************
  12:Generated_Source\PSoC4/RTD.c **** * Copyright 2012-2013, Cypress Semiconductor Corporation.  All rights reserved.
  13:Generated_Source\PSoC4/RTD.c **** * You may use this file only in accordance with the license, terms, conditions,
  14:Generated_Source\PSoC4/RTD.c **** * disclaimers, and limitations in the end user license agreement accompanying
  15:Generated_Source\PSoC4/RTD.c **** * the software package with which this file was provided.
  16:Generated_Source\PSoC4/RTD.c **** *******************************************************************************/
  17:Generated_Source\PSoC4/RTD.c **** 
  18:Generated_Source\PSoC4/RTD.c **** #include "RTD.h"
  19:Generated_Source\PSoC4/RTD.c **** 
  20:Generated_Source\PSoC4/RTD.c **** #if(!CY_PSOC3)
  21:Generated_Source\PSoC4/RTD.c **** 
  22:Generated_Source\PSoC4/RTD.c **** 
  23:Generated_Source\PSoC4/RTD.c ****     /*******************************************************************************
  24:Generated_Source\PSoC4/RTD.c ****     * Function Name: RTD_MultShift24
  25:Generated_Source\PSoC4/RTD.c ****     ********************************************************************************
  26:Generated_Source\PSoC4/RTD.c ****     *
  27:Generated_Source\PSoC4/RTD.c ****     * Summary:
  28:Generated_Source\PSoC4/RTD.c ****     *  Performs the math function (op1 * op2) >> 24 using 64 bit arithmetic without
  29:Generated_Source\PSoC4/RTD.c ****     *  any loss of precision and without overflow.
  30:Generated_Source\PSoC4/RTD.c ****     *
  31:Generated_Source\PSoC4/RTD.c ****     * Parameters:
ARM GAS  C:\Users\GREG~1.PHI\AppData\Local\Temp\ccQtfTVy.s 			page 2


  32:Generated_Source\PSoC4/RTD.c ****     *  op1: Signed 32-bit operand
  33:Generated_Source\PSoC4/RTD.c ****     *  op2: Unsigned 24-bit operand
  34:Generated_Source\PSoC4/RTD.c ****     *
  35:Generated_Source\PSoC4/RTD.c ****     * Return:
  36:Generated_Source\PSoC4/RTD.c ****     *  Signed 32-bit result of the math calculation
  37:Generated_Source\PSoC4/RTD.c ****     *
  38:Generated_Source\PSoC4/RTD.c ****     *******************************************************************************/
  39:Generated_Source\PSoC4/RTD.c ****     int32 RTD_MultShift24(int32 op1, uint32 op2) 
  40:Generated_Source\PSoC4/RTD.c ****     {
  27              		.loc 1 40 0
  28              		.cfi_startproc
  29 0000 F0B5     		push	{r4, r5, r6, r7, lr}
  30              		.cfi_def_cfa_offset 20
  31              		.cfi_offset 4, -20
  32              		.cfi_offset 5, -16
  33              		.cfi_offset 6, -12
  34              		.cfi_offset 7, -8
  35              		.cfi_offset 14, -4
  36 0002 8BB0     		sub	sp, sp, #44
  37              		.cfi_def_cfa_offset 64
  38 0004 00AF     		add	r7, sp, #0
  39              		.cfi_def_cfa_register 7
  40 0006 F861     		str	r0, [r7, #28]
  41 0008 B961     		str	r1, [r7, #24]
  41:Generated_Source\PSoC4/RTD.c ****         int64 result=0;
  42              		.loc 1 41 0
  43 000a 0023     		mov	r3, #0
  44 000c 0024     		mov	r4, #0
  45 000e 3B62     		str	r3, [r7, #32]
  46 0010 7C62     		str	r4, [r7, #36]
  42:Generated_Source\PSoC4/RTD.c **** 
  43:Generated_Source\PSoC4/RTD.c ****         result = (int64)op1 * (int64)op2;
  47              		.loc 1 43 0
  48 0012 FB69     		ldr	r3, [r7, #28]
  49 0014 BB60     		str	r3, [r7, #8]
  50 0016 DB17     		asr	r3, r3, #31
  51 0018 FB60     		str	r3, [r7, #12]
  52 001a BB69     		ldr	r3, [r7, #24]
  53 001c 3B60     		str	r3, [r7]
  54 001e 0023     		mov	r3, #0
  55 0020 7B60     		str	r3, [r7, #4]
  56 0022 B868     		ldr	r0, [r7, #8]
  57 0024 F968     		ldr	r1, [r7, #12]
  58 0026 3A68     		ldr	r2, [r7]
  59 0028 7B68     		ldr	r3, [r7, #4]
  60 002a FFF7FEFF 		bl	__aeabi_lmul
  61 002e 031C     		mov	r3, r0
  62 0030 0C1C     		mov	r4, r1
  63 0032 3B62     		str	r3, [r7, #32]
  64 0034 7C62     		str	r4, [r7, #36]
  44:Generated_Source\PSoC4/RTD.c ****         
  45:Generated_Source\PSoC4/RTD.c ****         if (result < 0)
  65              		.loc 1 45 0
  66 0036 7B6A     		ldr	r3, [r7, #36]
  67 0038 002B     		cmp	r3, #0
  68 003a 1CDA     		bge	.L2
  46:Generated_Source\PSoC4/RTD.c ****         {
ARM GAS  C:\Users\GREG~1.PHI\AppData\Local\Temp\ccQtfTVy.s 			page 3


  47:Generated_Source\PSoC4/RTD.c ****             result = -result;
  69              		.loc 1 47 0
  70 003c 396A     		ldr	r1, [r7, #32]
  71 003e 7A6A     		ldr	r2, [r7, #36]
  72 0040 0024     		mov	r4, #0
  73 0042 4B42     		neg	r3, r1
  74 0044 9441     		sbc	r4, r2
  75 0046 3B62     		str	r3, [r7, #32]
  76 0048 7C62     		str	r4, [r7, #36]
  48:Generated_Source\PSoC4/RTD.c ****             result = (int32)((uint32)((uint64)result >> RTD_24BIT_SHIFTING));
  77              		.loc 1 48 0
  78 004a 3B6A     		ldr	r3, [r7, #32]
  79 004c 7C6A     		ldr	r4, [r7, #36]
  80 004e 2202     		lsl	r2, r4, #8
  81 0050 190E     		lsr	r1, r3, #24
  82 0052 3961     		str	r1, [r7, #16]
  83 0054 3969     		ldr	r1, [r7, #16]
  84 0056 1143     		orr	r1, r2
  85 0058 3961     		str	r1, [r7, #16]
  86 005a 230E     		lsr	r3, r4, #24
  87 005c 7B61     		str	r3, [r7, #20]
  88 005e 3B69     		ldr	r3, [r7, #16]
  89 0060 3B62     		str	r3, [r7, #32]
  90 0062 DB17     		asr	r3, r3, #31
  91 0064 7B62     		str	r3, [r7, #36]
  49:Generated_Source\PSoC4/RTD.c ****             result = -result;
  92              		.loc 1 49 0
  93 0066 396A     		ldr	r1, [r7, #32]
  94 0068 7A6A     		ldr	r2, [r7, #36]
  95 006a 0024     		mov	r4, #0
  96 006c 4B42     		neg	r3, r1
  97 006e 9441     		sbc	r4, r2
  98 0070 3B62     		str	r3, [r7, #32]
  99 0072 7C62     		str	r4, [r7, #36]
 100 0074 09E0     		b	.L4
 101              	.L2:
  50:Generated_Source\PSoC4/RTD.c ****         }
  51:Generated_Source\PSoC4/RTD.c ****         else
  52:Generated_Source\PSoC4/RTD.c ****         {
  53:Generated_Source\PSoC4/RTD.c ****             result = (int32)((uint32)((uint64)result >> RTD_24BIT_SHIFTING));
 102              		.loc 1 53 0
 103 0076 3B6A     		ldr	r3, [r7, #32]
 104 0078 7C6A     		ldr	r4, [r7, #36]
 105 007a 2202     		lsl	r2, r4, #8
 106 007c 1D0E     		lsr	r5, r3, #24
 107 007e 1543     		orr	r5, r2
 108 0080 260E     		lsr	r6, r4, #24
 109 0082 2B1C     		mov	r3, r5
 110 0084 3B62     		str	r3, [r7, #32]
 111 0086 DB17     		asr	r3, r3, #31
 112 0088 7B62     		str	r3, [r7, #36]
 113              	.L4:
  54:Generated_Source\PSoC4/RTD.c ****         }
  55:Generated_Source\PSoC4/RTD.c ****         return (result);
 114              		.loc 1 55 0
 115 008a 3B6A     		ldr	r3, [r7, #32]
  56:Generated_Source\PSoC4/RTD.c ****     }
ARM GAS  C:\Users\GREG~1.PHI\AppData\Local\Temp\ccQtfTVy.s 			page 4


 116              		.loc 1 56 0
 117 008c 181C     		mov	r0, r3
 118 008e BD46     		mov	sp, r7
 119 0090 0BB0     		add	sp, sp, #44
 120              		@ sp needed
 121 0092 F0BD     		pop	{r4, r5, r6, r7, pc}
 122              		.cfi_endproc
 123              	.LFE1:
 124              		.size	RTD_MultShift24, .-RTD_MultShift24
 125              		.section	.rodata
 126              		.align	2
 127              	.LC0:
 128 0000 F68CFCFC 		.word	-50557706
 129 0004 544B430F 		.word	256068436
 130 0008 D1549E02 		.word	43930833
 131 000c 29E7F400 		.word	16049961
 132 0010 0BF03B00 		.word	3928075
 133 0014 03C16A00 		.word	6996227
 134              		.align	2
 135              	.LC1:
 136 0018 12FCE7FF 		.word	-1573870
 137 001c EBE77C00 		.word	8185835
 138 0020 3842C4FF 		.word	-3915208
 139 0024 20DEA902 		.word	44686880
 140 0028 E3FDB4F6 		.word	-155910685
 141 002c 7ED3190C 		.word	203019134
 142              		.section	.text.RTD_GetTemperature,"ax",%progbits
 143              		.align	2
 144              		.global	RTD_GetTemperature
 145              		.code	16
 146              		.thumb_func
 147              		.type	RTD_GetTemperature, %function
 148              	RTD_GetTemperature:
 149              	.LFB2:
  57:Generated_Source\PSoC4/RTD.c **** #endif /* End (!CY_PSOC3) */
  58:Generated_Source\PSoC4/RTD.c **** 
  59:Generated_Source\PSoC4/RTD.c **** 
  60:Generated_Source\PSoC4/RTD.c **** /*******************************************************************************
  61:Generated_Source\PSoC4/RTD.c **** * Function Name: RTD_GetTemperature
  62:Generated_Source\PSoC4/RTD.c **** ********************************************************************************
  63:Generated_Source\PSoC4/RTD.c **** *
  64:Generated_Source\PSoC4/RTD.c **** * Summary:
  65:Generated_Source\PSoC4/RTD.c **** *  Calculates the temperature from RTD resistance.
  66:Generated_Source\PSoC4/RTD.c **** *
  67:Generated_Source\PSoC4/RTD.c **** * Parameters:
  68:Generated_Source\PSoC4/RTD.c **** *  res: Resistance in milliohms.
  69:Generated_Source\PSoC4/RTD.c **** *
  70:Generated_Source\PSoC4/RTD.c **** * Return:
  71:Generated_Source\PSoC4/RTD.c **** *  Temperature in 1/100ths degrees C.
  72:Generated_Source\PSoC4/RTD.c **** *
  73:Generated_Source\PSoC4/RTD.c **** *******************************************************************************/
  74:Generated_Source\PSoC4/RTD.c **** int32 RTD_GetTemperature(uint32 res) 
  75:Generated_Source\PSoC4/RTD.c **** 
  76:Generated_Source\PSoC4/RTD.c **** #if (CY_PSOC3)
  77:Generated_Source\PSoC4/RTD.c **** {
  78:Generated_Source\PSoC4/RTD.c **** 
  79:Generated_Source\PSoC4/RTD.c ****     /***************************************
ARM GAS  C:\Users\GREG~1.PHI\AppData\Local\Temp\ccQtfTVy.s 			page 5


  80:Generated_Source\PSoC4/RTD.c ****     *  Customizer Generated Coefficients
  81:Generated_Source\PSoC4/RTD.c ****     ***************************************/
  82:Generated_Source\PSoC4/RTD.c ****     const int32 CYCODE RTD_coeffPos[] = { -50557706, 256068436, 43930833, 16049961, 3928075, 699622
  83:Generated_Source\PSoC4/RTD.c ****     const int32 CYCODE RTD_coeffNeg[] = { -1573870, 8185835, -3915208, 44686880, -155910685, 203019
  84:Generated_Source\PSoC4/RTD.c **** 
  85:Generated_Source\PSoC4/RTD.c ****     uint8 i=0u;
  86:Generated_Source\PSoC4/RTD.c ****     float32 resNorm=0.0f;
  87:Generated_Source\PSoC4/RTD.c ****     float32 temp=0.0f;
  88:Generated_Source\PSoC4/RTD.c **** 
  89:Generated_Source\PSoC4/RTD.c ****     resNorm = (float32)res;
  90:Generated_Source\PSoC4/RTD.c **** 
  91:Generated_Source\PSoC4/RTD.c ****     if (((RTD_RTD_TYPE == (uint32)RTD__PT100) && (res > RTD_ZERO_VAL_PT100)) ||
  92:Generated_Source\PSoC4/RTD.c ****         ((RTD_RTD_TYPE == (uint32)RTD__PT500) && (res > RTD_ZERO_VAL_PT500)) ||
  93:Generated_Source\PSoC4/RTD.c ****         ((RTD_RTD_TYPE == (uint32)RTD__PT1000) && (res > RTD_ZERO_VAL_PT1000)))
  94:Generated_Source\PSoC4/RTD.c ****     {
  95:Generated_Source\PSoC4/RTD.c ****          /* Temperature above 0 degrees C */
  96:Generated_Source\PSoC4/RTD.c ****         for (i = RTD_ORDER_POS - 1u; i > 0u; i--)
  97:Generated_Source\PSoC4/RTD.c ****         {
  98:Generated_Source\PSoC4/RTD.c ****             temp = (RTD_coeffPos[i] + temp) * resNorm;
  99:Generated_Source\PSoC4/RTD.c ****         }
 100:Generated_Source\PSoC4/RTD.c ****         temp = temp + RTD_coeffPos[RTD_FIRST_EL_MAS];
 101:Generated_Source\PSoC4/RTD.c ****     }
 102:Generated_Source\PSoC4/RTD.c ****     else
 103:Generated_Source\PSoC4/RTD.c ****     {
 104:Generated_Source\PSoC4/RTD.c ****         /* Temperature below 0 degrees C */
 105:Generated_Source\PSoC4/RTD.c ****         for (i = RTD_ORDER_NEG - 1u; i > 0u; i--)
 106:Generated_Source\PSoC4/RTD.c ****         {
 107:Generated_Source\PSoC4/RTD.c ****             temp = (RTD_coeffNeg[i] + temp) * resNorm;
 108:Generated_Source\PSoC4/RTD.c ****         }
 109:Generated_Source\PSoC4/RTD.c ****         temp = temp + RTD_coeffNeg[RTD_FIRST_EL_MAS];
 110:Generated_Source\PSoC4/RTD.c ****     }
 111:Generated_Source\PSoC4/RTD.c ****     return ((int32)(temp));
 112:Generated_Source\PSoC4/RTD.c **** }
 113:Generated_Source\PSoC4/RTD.c **** #else
 114:Generated_Source\PSoC4/RTD.c **** {
 150              		.loc 1 114 0
 151              		.cfi_startproc
 152 0000 F0B5     		push	{r4, r5, r6, r7, lr}
 153              		.cfi_def_cfa_offset 20
 154              		.cfi_offset 4, -20
 155              		.cfi_offset 5, -16
 156              		.cfi_offset 6, -12
 157              		.cfi_offset 7, -8
 158              		.cfi_offset 14, -4
 159 0002 97B0     		sub	sp, sp, #92
 160              		.cfi_def_cfa_offset 112
 161 0004 00AF     		add	r7, sp, #0
 162              		.cfi_def_cfa_register 7
 163 0006 F861     		str	r0, [r7, #28]
 115:Generated_Source\PSoC4/RTD.c ****     /***************************************
 116:Generated_Source\PSoC4/RTD.c ****     *  Customizer Generated Coefficients
 117:Generated_Source\PSoC4/RTD.c ****     ***************************************/
 118:Generated_Source\PSoC4/RTD.c ****     const int32 CYCODE RTD_coeffPos[] = { -50557706, 256068436, 43930833, 16049961, 3928075, 699622
 164              		.loc 1 118 0
 165 0008 2023     		mov	r3, #32
 166 000a 1822     		mov	r2, #24
 167 000c 9446     		mov	ip, r2
ARM GAS  C:\Users\GREG~1.PHI\AppData\Local\Temp\ccQtfTVy.s 			page 6


 168 000e BC44     		add	ip, ip, r7
 169 0010 6344     		add	r3, r3, ip
 170 0012 5B4A     		ldr	r2, .L14
 171 0014 43CA     		ldmia	r2!, {r0, r1, r6}
 172 0016 43C3     		stmia	r3!, {r0, r1, r6}
 173 0018 43CA     		ldmia	r2!, {r0, r1, r6}
 174 001a 43C3     		stmia	r3!, {r0, r1, r6}
 119:Generated_Source\PSoC4/RTD.c ****     const int32 CYCODE RTD_coeffNeg[] = { -1573870, 8185835, -3915208, 44686880, -155910685, 203019
 175              		.loc 1 119 0
 176 001c 0823     		mov	r3, #8
 177 001e 1822     		mov	r2, #24
 178 0020 9446     		mov	ip, r2
 179 0022 BC44     		add	ip, ip, r7
 180 0024 6344     		add	r3, r3, ip
 181 0026 574A     		ldr	r2, .L14+4
 182 0028 43CA     		ldmia	r2!, {r0, r1, r6}
 183 002a 43C3     		stmia	r3!, {r0, r1, r6}
 184 002c 43CA     		ldmia	r2!, {r0, r1, r6}
 185 002e 43C3     		stmia	r3!, {r0, r1, r6}
 120:Generated_Source\PSoC4/RTD.c **** 
 121:Generated_Source\PSoC4/RTD.c ****     uint8 i;
 122:Generated_Source\PSoC4/RTD.c ****     int32 temp=0;
 186              		.loc 1 122 0
 187 0030 0023     		mov	r3, #0
 188 0032 3B65     		str	r3, [r7, #80]
 123:Generated_Source\PSoC4/RTD.c **** 
 124:Generated_Source\PSoC4/RTD.c ****     if (((RTD_RTD_TYPE == (uint32)RTD__PT100) && (res > RTD_ZERO_VAL_PT100)) ||
 189              		.loc 1 124 0
 190 0034 FB69     		ldr	r3, [r7, #28]
 191 0036 544A     		ldr	r2, .L14+8
 192 0038 9342     		cmp	r3, r2
 193 003a 50D9     		bls	.L7
 125:Generated_Source\PSoC4/RTD.c ****         ((RTD_RTD_TYPE == (uint32)RTD__PT500) && (res > RTD_ZERO_VAL_PT500)) ||
 126:Generated_Source\PSoC4/RTD.c ****         ((RTD_RTD_TYPE == (uint32)RTD__PT1000) && (res > RTD_ZERO_VAL_PT1000)))
 127:Generated_Source\PSoC4/RTD.c ****     {
 128:Generated_Source\PSoC4/RTD.c ****          /* Temperature above 0 degrees C */
 129:Generated_Source\PSoC4/RTD.c ****         res = res << (RTD_IN_NORMALIZATION - RTD_POS_INPUT_SCALE);
 194              		.loc 1 129 0
 195 003c FB69     		ldr	r3, [r7, #28]
 196 003e 5B01     		lsl	r3, r3, #5
 197 0040 FB61     		str	r3, [r7, #28]
 130:Generated_Source\PSoC4/RTD.c **** 
 131:Generated_Source\PSoC4/RTD.c ****         for (i = RTD_ORDER_POS - 1u; i > 0u; i--)
 198              		.loc 1 131 0
 199 0042 3F23     		mov	r3, #63
 200 0044 1822     		mov	r2, #24
 201 0046 9446     		mov	ip, r2
 202 0048 BC44     		add	ip, ip, r7
 203 004a 6344     		add	r3, r3, ip
 204 004c 0522     		mov	r2, #5
 205 004e 1A70     		strb	r2, [r3]
 206 0050 22E0     		b	.L8
 207              	.L9:
 132:Generated_Source\PSoC4/RTD.c ****         {
 133:Generated_Source\PSoC4/RTD.c ****             temp = RTD_MultShift24((RTD_coeffPos[i] + temp), res);
 208              		.loc 1 133 0 discriminator 3
 209 0052 3F23     		mov	r3, #63
ARM GAS  C:\Users\GREG~1.PHI\AppData\Local\Temp\ccQtfTVy.s 			page 7


 210 0054 1822     		mov	r2, #24
 211 0056 9446     		mov	ip, r2
 212 0058 BC44     		add	ip, ip, r7
 213 005a 6344     		add	r3, r3, ip
 214 005c 1A78     		ldrb	r2, [r3]
 215 005e 2023     		mov	r3, #32
 216 0060 1821     		mov	r1, #24
 217 0062 8C46     		mov	ip, r1
 218 0064 BC44     		add	ip, ip, r7
 219 0066 6344     		add	r3, r3, ip
 220 0068 9200     		lsl	r2, r2, #2
 221 006a D258     		ldr	r2, [r2, r3]
 222 006c 3B6D     		ldr	r3, [r7, #80]
 223 006e D218     		add	r2, r2, r3
 224 0070 FB69     		ldr	r3, [r7, #28]
 225 0072 101C     		mov	r0, r2
 226 0074 191C     		mov	r1, r3
 227 0076 FFF7FEFF 		bl	RTD_MultShift24
 228 007a 031C     		mov	r3, r0
 229 007c 3B65     		str	r3, [r7, #80]
 131:Generated_Source\PSoC4/RTD.c ****         {
 230              		.loc 1 131 0 discriminator 3
 231 007e 3F23     		mov	r3, #63
 232 0080 1822     		mov	r2, #24
 233 0082 9446     		mov	ip, r2
 234 0084 BC44     		add	ip, ip, r7
 235 0086 6344     		add	r3, r3, ip
 236 0088 1A78     		ldrb	r2, [r3]
 237 008a 3F23     		mov	r3, #63
 238 008c 1821     		mov	r1, #24
 239 008e 8C46     		mov	ip, r1
 240 0090 BC44     		add	ip, ip, r7
 241 0092 6344     		add	r3, r3, ip
 242 0094 013A     		sub	r2, r2, #1
 243 0096 1A70     		strb	r2, [r3]
 244              	.L8:
 131:Generated_Source\PSoC4/RTD.c ****         {
 245              		.loc 1 131 0 is_stmt 0 discriminator 1
 246 0098 3F23     		mov	r3, #63
 247 009a 1822     		mov	r2, #24
 248 009c 9446     		mov	ip, r2
 249 009e BC44     		add	ip, ip, r7
 250 00a0 6344     		add	r3, r3, ip
 251 00a2 1B78     		ldrb	r3, [r3]
 252 00a4 002B     		cmp	r3, #0
 253 00a6 D4D1     		bne	.L9
 134:Generated_Source\PSoC4/RTD.c ****         }
 135:Generated_Source\PSoC4/RTD.c ****         temp = (int32)((uint32)((uint64)(int32)(temp + RTD_coeffPos[RTD_FIRST_EL_MAS]) >> 
 254              		.loc 1 135 0 is_stmt 1
 255 00a8 2023     		mov	r3, #32
 256 00aa 1822     		mov	r2, #24
 257 00ac 9446     		mov	ip, r2
 258 00ae BC44     		add	ip, ip, r7
 259 00b0 6344     		add	r3, r3, ip
 260 00b2 1A68     		ldr	r2, [r3]
 261 00b4 3B6D     		ldr	r3, [r7, #80]
 262 00b6 D318     		add	r3, r2, r3
ARM GAS  C:\Users\GREG~1.PHI\AppData\Local\Temp\ccQtfTVy.s 			page 8


 263 00b8 BB60     		str	r3, [r7, #8]
 264 00ba DB17     		asr	r3, r3, #31
 265 00bc FB60     		str	r3, [r7, #12]
 266 00be B868     		ldr	r0, [r7, #8]
 267 00c0 F968     		ldr	r1, [r7, #12]
 268 00c2 0B1C     		mov	r3, r1
 269 00c4 5B05     		lsl	r3, r3, #21
 270 00c6 021C     		mov	r2, r0
 271 00c8 D20A     		lsr	r2, r2, #11
 272 00ca 3A61     		str	r2, [r7, #16]
 273 00cc 3A69     		ldr	r2, [r7, #16]
 274 00ce 1A43     		orr	r2, r3
 275 00d0 3A61     		str	r2, [r7, #16]
 276 00d2 0B1C     		mov	r3, r1
 277 00d4 DB0A     		lsr	r3, r3, #11
 278 00d6 7B61     		str	r3, [r7, #20]
 279 00d8 3B69     		ldr	r3, [r7, #16]
 280 00da 3B65     		str	r3, [r7, #80]
 281 00dc 4BE0     		b	.L10
 282              	.L7:
 136:Generated_Source\PSoC4/RTD.c ****                        RTD_POS_COEFF_SCALE));
 137:Generated_Source\PSoC4/RTD.c ****     }
 138:Generated_Source\PSoC4/RTD.c **** 
 139:Generated_Source\PSoC4/RTD.c ****     else
 140:Generated_Source\PSoC4/RTD.c ****     {
 141:Generated_Source\PSoC4/RTD.c ****         /* Temperature below 0 degrees C */
 142:Generated_Source\PSoC4/RTD.c ****         res = res << (RTD_IN_NORMALIZATION - RTD_NEG_INPUT_SCALE);
 283              		.loc 1 142 0
 284 00de FB69     		ldr	r3, [r7, #28]
 285 00e0 5B01     		lsl	r3, r3, #5
 286 00e2 FB61     		str	r3, [r7, #28]
 143:Generated_Source\PSoC4/RTD.c **** 
 144:Generated_Source\PSoC4/RTD.c ****         for (i = RTD_ORDER_NEG - 1u; i > 0u; i--)
 287              		.loc 1 144 0
 288 00e4 3F23     		mov	r3, #63
 289 00e6 1822     		mov	r2, #24
 290 00e8 9446     		mov	ip, r2
 291 00ea BC44     		add	ip, ip, r7
 292 00ec 6344     		add	r3, r3, ip
 293 00ee 0522     		mov	r2, #5
 294 00f0 1A70     		strb	r2, [r3]
 295 00f2 22E0     		b	.L11
 296              	.L12:
 145:Generated_Source\PSoC4/RTD.c ****         {
 146:Generated_Source\PSoC4/RTD.c ****             temp = RTD_MultShift24((RTD_coeffNeg[i] + temp), res);
 297              		.loc 1 146 0 discriminator 3
 298 00f4 3F23     		mov	r3, #63
 299 00f6 1822     		mov	r2, #24
 300 00f8 9446     		mov	ip, r2
 301 00fa BC44     		add	ip, ip, r7
 302 00fc 6344     		add	r3, r3, ip
 303 00fe 1A78     		ldrb	r2, [r3]
 304 0100 0823     		mov	r3, #8
 305 0102 1821     		mov	r1, #24
 306 0104 8C46     		mov	ip, r1
 307 0106 BC44     		add	ip, ip, r7
 308 0108 6344     		add	r3, r3, ip
ARM GAS  C:\Users\GREG~1.PHI\AppData\Local\Temp\ccQtfTVy.s 			page 9


 309 010a 9200     		lsl	r2, r2, #2
 310 010c D258     		ldr	r2, [r2, r3]
 311 010e 3B6D     		ldr	r3, [r7, #80]
 312 0110 D218     		add	r2, r2, r3
 313 0112 FB69     		ldr	r3, [r7, #28]
 314 0114 101C     		mov	r0, r2
 315 0116 191C     		mov	r1, r3
 316 0118 FFF7FEFF 		bl	RTD_MultShift24
 317 011c 031C     		mov	r3, r0
 318 011e 3B65     		str	r3, [r7, #80]
 144:Generated_Source\PSoC4/RTD.c ****         {
 319              		.loc 1 144 0 discriminator 3
 320 0120 3F23     		mov	r3, #63
 321 0122 1822     		mov	r2, #24
 322 0124 9446     		mov	ip, r2
 323 0126 BC44     		add	ip, ip, r7
 324 0128 6344     		add	r3, r3, ip
 325 012a 1A78     		ldrb	r2, [r3]
 326 012c 3F23     		mov	r3, #63
 327 012e 1821     		mov	r1, #24
 328 0130 8C46     		mov	ip, r1
 329 0132 BC44     		add	ip, ip, r7
 330 0134 6344     		add	r3, r3, ip
 331 0136 013A     		sub	r2, r2, #1
 332 0138 1A70     		strb	r2, [r3]
 333              	.L11:
 144:Generated_Source\PSoC4/RTD.c ****         {
 334              		.loc 1 144 0 is_stmt 0 discriminator 1
 335 013a 3F23     		mov	r3, #63
 336 013c 1822     		mov	r2, #24
 337 013e 9446     		mov	ip, r2
 338 0140 BC44     		add	ip, ip, r7
 339 0142 6344     		add	r3, r3, ip
 340 0144 1B78     		ldrb	r3, [r3]
 341 0146 002B     		cmp	r3, #0
 342 0148 D4D1     		bne	.L12
 147:Generated_Source\PSoC4/RTD.c ****         }
 148:Generated_Source\PSoC4/RTD.c **** 
 149:Generated_Source\PSoC4/RTD.c ****         temp = (int32)((uint32)((uint64)(int32)(temp + RTD_coeffNeg[RTD_FIRST_EL_MAS]) >> 
 343              		.loc 1 149 0 is_stmt 1
 344 014a 0823     		mov	r3, #8
 345 014c 1822     		mov	r2, #24
 346 014e 9446     		mov	ip, r2
 347 0150 BC44     		add	ip, ip, r7
 348 0152 6344     		add	r3, r3, ip
 349 0154 1A68     		ldr	r2, [r3]
 350 0156 3B6D     		ldr	r3, [r7, #80]
 351 0158 D318     		add	r3, r2, r3
 352 015a 3B60     		str	r3, [r7]
 353 015c DB17     		asr	r3, r3, #31
 354 015e 7B60     		str	r3, [r7, #4]
 355 0160 3868     		ldr	r0, [r7]
 356 0162 7968     		ldr	r1, [r7, #4]
 357 0164 0B1C     		mov	r3, r1
 358 0166 9B06     		lsl	r3, r3, #26
 359 0168 021C     		mov	r2, r0
 360 016a 9409     		lsr	r4, r2, #6
ARM GAS  C:\Users\GREG~1.PHI\AppData\Local\Temp\ccQtfTVy.s 			page 10


 361 016c 1C43     		orr	r4, r3
 362 016e 0B1C     		mov	r3, r1
 363 0170 9D09     		lsr	r5, r3, #6
 364 0172 231C     		mov	r3, r4
 365 0174 3B65     		str	r3, [r7, #80]
 366              	.L10:
 150:Generated_Source\PSoC4/RTD.c ****                        RTD_NEG_COEFF_SCALE));
 151:Generated_Source\PSoC4/RTD.c ****     }
 152:Generated_Source\PSoC4/RTD.c ****     return (temp);
 367              		.loc 1 152 0
 368 0176 3B6D     		ldr	r3, [r7, #80]
 153:Generated_Source\PSoC4/RTD.c **** }
 369              		.loc 1 153 0
 370 0178 181C     		mov	r0, r3
 371 017a BD46     		mov	sp, r7
 372 017c 17B0     		add	sp, sp, #92
 373              		@ sp needed
 374 017e F0BD     		pop	{r4, r5, r6, r7, pc}
 375              	.L15:
 376              		.align	2
 377              	.L14:
 378 0180 00000000 		.word	.LC0
 379 0184 18000000 		.word	.LC1
 380 0188 A0860100 		.word	100000
 381              		.cfi_endproc
 382              	.LFE2:
 383              		.size	RTD_GetTemperature, .-RTD_GetTemperature
 384              		.text
 385              	.Letext0:
 386              		.file 2 "Generated_Source\\PSoC4\\cytypes.h"
 387              		.section	.debug_info,"",%progbits
 388              	.Ldebug_info0:
 389 0000 7E010000 		.4byte	0x17e
 390 0004 0400     		.2byte	0x4
 391 0006 00000000 		.4byte	.Ldebug_abbrev0
 392 000a 04       		.byte	0x4
 393 000b 01       		.uleb128 0x1
 394 000c 62000000 		.4byte	.LASF24
 395 0010 01       		.byte	0x1
 396 0011 1B010000 		.4byte	.LASF25
 397 0015 6E010000 		.4byte	.LASF26
 398 0019 00000000 		.4byte	.Ldebug_ranges0+0
 399 001d 00000000 		.4byte	0
 400 0021 00000000 		.4byte	.Ldebug_line0
 401 0025 02       		.uleb128 0x2
 402 0026 01       		.byte	0x1
 403 0027 06       		.byte	0x6
 404 0028 DF010000 		.4byte	.LASF0
 405 002c 02       		.uleb128 0x2
 406 002d 01       		.byte	0x1
 407 002e 08       		.byte	0x8
 408 002f 20000000 		.4byte	.LASF1
 409 0033 02       		.uleb128 0x2
 410 0034 02       		.byte	0x2
 411 0035 05       		.byte	0x5
 412 0036 B3010000 		.4byte	.LASF2
 413 003a 02       		.uleb128 0x2
ARM GAS  C:\Users\GREG~1.PHI\AppData\Local\Temp\ccQtfTVy.s 			page 11


 414 003b 02       		.byte	0x2
 415 003c 07       		.byte	0x7
 416 003d 07000000 		.4byte	.LASF3
 417 0041 02       		.uleb128 0x2
 418 0042 04       		.byte	0x4
 419 0043 05       		.byte	0x5
 420 0044 D6010000 		.4byte	.LASF4
 421 0048 02       		.uleb128 0x2
 422 0049 04       		.byte	0x4
 423 004a 07       		.byte	0x7
 424 004b 2E000000 		.4byte	.LASF5
 425 004f 02       		.uleb128 0x2
 426 0050 08       		.byte	0x8
 427 0051 05       		.byte	0x5
 428 0052 4E010000 		.4byte	.LASF6
 429 0056 02       		.uleb128 0x2
 430 0057 08       		.byte	0x8
 431 0058 07       		.byte	0x7
 432 0059 04010000 		.4byte	.LASF7
 433 005d 03       		.uleb128 0x3
 434 005e 04       		.byte	0x4
 435 005f 05       		.byte	0x5
 436 0060 696E7400 		.ascii	"int\000"
 437 0064 02       		.uleb128 0x2
 438 0065 04       		.byte	0x4
 439 0066 07       		.byte	0x7
 440 0067 F7000000 		.4byte	.LASF8
 441 006b 04       		.uleb128 0x4
 442 006c BD010000 		.4byte	.LASF9
 443 0070 02       		.byte	0x2
 444 0071 B901     		.2byte	0x1b9
 445 0073 2C000000 		.4byte	0x2c
 446 0077 04       		.uleb128 0x4
 447 0078 F0000000 		.4byte	.LASF10
 448 007c 02       		.byte	0x2
 449 007d BB01     		.2byte	0x1bb
 450 007f 48000000 		.4byte	0x48
 451 0083 04       		.uleb128 0x4
 452 0084 45000000 		.4byte	.LASF11
 453 0088 02       		.byte	0x2
 454 0089 BE01     		.2byte	0x1be
 455 008b 41000000 		.4byte	0x41
 456 008f 02       		.uleb128 0x2
 457 0090 04       		.byte	0x4
 458 0091 04       		.byte	0x4
 459 0092 1A000000 		.4byte	.LASF12
 460 0096 02       		.uleb128 0x2
 461 0097 08       		.byte	0x8
 462 0098 04       		.byte	0x4
 463 0099 4B000000 		.4byte	.LASF13
 464 009d 04       		.uleb128 0x4
 465 009e F2010000 		.4byte	.LASF14
 466 00a2 02       		.byte	0x2
 467 00a3 C401     		.2byte	0x1c4
 468 00a5 4F000000 		.4byte	0x4f
 469 00a9 04       		.uleb128 0x4
 470 00aa 00000000 		.4byte	.LASF15
ARM GAS  C:\Users\GREG~1.PHI\AppData\Local\Temp\ccQtfTVy.s 			page 12


 471 00ae 02       		.byte	0x2
 472 00af C501     		.2byte	0x1c5
 473 00b1 56000000 		.4byte	0x56
 474 00b5 02       		.uleb128 0x2
 475 00b6 01       		.byte	0x1
 476 00b7 08       		.byte	0x8
 477 00b8 69010000 		.4byte	.LASF16
 478 00bc 02       		.uleb128 0x2
 479 00bd 04       		.byte	0x4
 480 00be 07       		.byte	0x7
 481 00bf 45010000 		.4byte	.LASF17
 482 00c3 05       		.uleb128 0x5
 483 00c4 52000000 		.4byte	.LASF18
 484 00c8 01       		.byte	0x1
 485 00c9 27       		.byte	0x27
 486 00ca 83000000 		.4byte	0x83
 487 00ce 00000000 		.4byte	.LFB1
 488 00d2 94000000 		.4byte	.LFE1-.LFB1
 489 00d6 01       		.uleb128 0x1
 490 00d7 9C       		.byte	0x9c
 491 00d8 07010000 		.4byte	0x107
 492 00dc 06       		.uleb128 0x6
 493 00dd 6F703100 		.ascii	"op1\000"
 494 00e1 01       		.byte	0x1
 495 00e2 27       		.byte	0x27
 496 00e3 83000000 		.4byte	0x83
 497 00e7 02       		.uleb128 0x2
 498 00e8 91       		.byte	0x91
 499 00e9 5C       		.sleb128 -36
 500 00ea 06       		.uleb128 0x6
 501 00eb 6F703200 		.ascii	"op2\000"
 502 00ef 01       		.byte	0x1
 503 00f0 27       		.byte	0x27
 504 00f1 77000000 		.4byte	0x77
 505 00f5 02       		.uleb128 0x2
 506 00f6 91       		.byte	0x91
 507 00f7 58       		.sleb128 -40
 508 00f8 07       		.uleb128 0x7
 509 00f9 EB010000 		.4byte	.LASF20
 510 00fd 01       		.byte	0x1
 511 00fe 29       		.byte	0x29
 512 00ff 9D000000 		.4byte	0x9d
 513 0103 02       		.uleb128 0x2
 514 0104 91       		.byte	0x91
 515 0105 60       		.sleb128 -32
 516 0106 00       		.byte	0
 517 0107 05       		.uleb128 0x5
 518 0108 C3010000 		.4byte	.LASF19
 519 010c 01       		.byte	0x1
 520 010d 4A       		.byte	0x4a
 521 010e 83000000 		.4byte	0x83
 522 0112 00000000 		.4byte	.LFB2
 523 0116 8C010000 		.4byte	.LFE2-.LFB2
 524 011a 01       		.uleb128 0x1
 525 011b 9C       		.byte	0x9c
 526 011c 67010000 		.4byte	0x167
 527 0120 06       		.uleb128 0x6
ARM GAS  C:\Users\GREG~1.PHI\AppData\Local\Temp\ccQtfTVy.s 			page 13


 528 0121 72657300 		.ascii	"res\000"
 529 0125 01       		.byte	0x1
 530 0126 4A       		.byte	0x4a
 531 0127 77000000 		.4byte	0x77
 532 012b 03       		.uleb128 0x3
 533 012c 91       		.byte	0x91
 534 012d AC7F     		.sleb128 -84
 535 012f 07       		.uleb128 0x7
 536 0130 5C010000 		.4byte	.LASF21
 537 0134 01       		.byte	0x1
 538 0135 76       		.byte	0x76
 539 0136 77010000 		.4byte	0x177
 540 013a 02       		.uleb128 0x2
 541 013b 91       		.byte	0x91
 542 013c 48       		.sleb128 -56
 543 013d 07       		.uleb128 0x7
 544 013e 38010000 		.4byte	.LASF22
 545 0142 01       		.byte	0x1
 546 0143 77       		.byte	0x77
 547 0144 7C010000 		.4byte	0x17c
 548 0148 03       		.uleb128 0x3
 549 0149 91       		.byte	0x91
 550 014a B07F     		.sleb128 -80
 551 014c 08       		.uleb128 0x8
 552 014d 6900     		.ascii	"i\000"
 553 014f 01       		.byte	0x1
 554 0150 79       		.byte	0x79
 555 0151 6B000000 		.4byte	0x6b
 556 0155 02       		.uleb128 0x2
 557 0156 91       		.byte	0x91
 558 0157 67       		.sleb128 -25
 559 0158 07       		.uleb128 0x7
 560 0159 40000000 		.4byte	.LASF23
 561 015d 01       		.byte	0x1
 562 015e 7A       		.byte	0x7a
 563 015f 83000000 		.4byte	0x83
 564 0163 02       		.uleb128 0x2
 565 0164 91       		.byte	0x91
 566 0165 60       		.sleb128 -32
 567 0166 00       		.byte	0
 568 0167 09       		.uleb128 0x9
 569 0168 83000000 		.4byte	0x83
 570 016c 77010000 		.4byte	0x177
 571 0170 0A       		.uleb128 0xa
 572 0171 BC000000 		.4byte	0xbc
 573 0175 05       		.byte	0x5
 574 0176 00       		.byte	0
 575 0177 0B       		.uleb128 0xb
 576 0178 67010000 		.4byte	0x167
 577 017c 0B       		.uleb128 0xb
 578 017d 67010000 		.4byte	0x167
 579 0181 00       		.byte	0
 580              		.section	.debug_abbrev,"",%progbits
 581              	.Ldebug_abbrev0:
 582 0000 01       		.uleb128 0x1
 583 0001 11       		.uleb128 0x11
 584 0002 01       		.byte	0x1
ARM GAS  C:\Users\GREG~1.PHI\AppData\Local\Temp\ccQtfTVy.s 			page 14


 585 0003 25       		.uleb128 0x25
 586 0004 0E       		.uleb128 0xe
 587 0005 13       		.uleb128 0x13
 588 0006 0B       		.uleb128 0xb
 589 0007 03       		.uleb128 0x3
 590 0008 0E       		.uleb128 0xe
 591 0009 1B       		.uleb128 0x1b
 592 000a 0E       		.uleb128 0xe
 593 000b 55       		.uleb128 0x55
 594 000c 17       		.uleb128 0x17
 595 000d 11       		.uleb128 0x11
 596 000e 01       		.uleb128 0x1
 597 000f 10       		.uleb128 0x10
 598 0010 17       		.uleb128 0x17
 599 0011 00       		.byte	0
 600 0012 00       		.byte	0
 601 0013 02       		.uleb128 0x2
 602 0014 24       		.uleb128 0x24
 603 0015 00       		.byte	0
 604 0016 0B       		.uleb128 0xb
 605 0017 0B       		.uleb128 0xb
 606 0018 3E       		.uleb128 0x3e
 607 0019 0B       		.uleb128 0xb
 608 001a 03       		.uleb128 0x3
 609 001b 0E       		.uleb128 0xe
 610 001c 00       		.byte	0
 611 001d 00       		.byte	0
 612 001e 03       		.uleb128 0x3
 613 001f 24       		.uleb128 0x24
 614 0020 00       		.byte	0
 615 0021 0B       		.uleb128 0xb
 616 0022 0B       		.uleb128 0xb
 617 0023 3E       		.uleb128 0x3e
 618 0024 0B       		.uleb128 0xb
 619 0025 03       		.uleb128 0x3
 620 0026 08       		.uleb128 0x8
 621 0027 00       		.byte	0
 622 0028 00       		.byte	0
 623 0029 04       		.uleb128 0x4
 624 002a 16       		.uleb128 0x16
 625 002b 00       		.byte	0
 626 002c 03       		.uleb128 0x3
 627 002d 0E       		.uleb128 0xe
 628 002e 3A       		.uleb128 0x3a
 629 002f 0B       		.uleb128 0xb
 630 0030 3B       		.uleb128 0x3b
 631 0031 05       		.uleb128 0x5
 632 0032 49       		.uleb128 0x49
 633 0033 13       		.uleb128 0x13
 634 0034 00       		.byte	0
 635 0035 00       		.byte	0
 636 0036 05       		.uleb128 0x5
 637 0037 2E       		.uleb128 0x2e
 638 0038 01       		.byte	0x1
 639 0039 3F       		.uleb128 0x3f
 640 003a 19       		.uleb128 0x19
 641 003b 03       		.uleb128 0x3
ARM GAS  C:\Users\GREG~1.PHI\AppData\Local\Temp\ccQtfTVy.s 			page 15


 642 003c 0E       		.uleb128 0xe
 643 003d 3A       		.uleb128 0x3a
 644 003e 0B       		.uleb128 0xb
 645 003f 3B       		.uleb128 0x3b
 646 0040 0B       		.uleb128 0xb
 647 0041 27       		.uleb128 0x27
 648 0042 19       		.uleb128 0x19
 649 0043 49       		.uleb128 0x49
 650 0044 13       		.uleb128 0x13
 651 0045 11       		.uleb128 0x11
 652 0046 01       		.uleb128 0x1
 653 0047 12       		.uleb128 0x12
 654 0048 06       		.uleb128 0x6
 655 0049 40       		.uleb128 0x40
 656 004a 18       		.uleb128 0x18
 657 004b 9642     		.uleb128 0x2116
 658 004d 19       		.uleb128 0x19
 659 004e 01       		.uleb128 0x1
 660 004f 13       		.uleb128 0x13
 661 0050 00       		.byte	0
 662 0051 00       		.byte	0
 663 0052 06       		.uleb128 0x6
 664 0053 05       		.uleb128 0x5
 665 0054 00       		.byte	0
 666 0055 03       		.uleb128 0x3
 667 0056 08       		.uleb128 0x8
 668 0057 3A       		.uleb128 0x3a
 669 0058 0B       		.uleb128 0xb
 670 0059 3B       		.uleb128 0x3b
 671 005a 0B       		.uleb128 0xb
 672 005b 49       		.uleb128 0x49
 673 005c 13       		.uleb128 0x13
 674 005d 02       		.uleb128 0x2
 675 005e 18       		.uleb128 0x18
 676 005f 00       		.byte	0
 677 0060 00       		.byte	0
 678 0061 07       		.uleb128 0x7
 679 0062 34       		.uleb128 0x34
 680 0063 00       		.byte	0
 681 0064 03       		.uleb128 0x3
 682 0065 0E       		.uleb128 0xe
 683 0066 3A       		.uleb128 0x3a
 684 0067 0B       		.uleb128 0xb
 685 0068 3B       		.uleb128 0x3b
 686 0069 0B       		.uleb128 0xb
 687 006a 49       		.uleb128 0x49
 688 006b 13       		.uleb128 0x13
 689 006c 02       		.uleb128 0x2
 690 006d 18       		.uleb128 0x18
 691 006e 00       		.byte	0
 692 006f 00       		.byte	0
 693 0070 08       		.uleb128 0x8
 694 0071 34       		.uleb128 0x34
 695 0072 00       		.byte	0
 696 0073 03       		.uleb128 0x3
 697 0074 08       		.uleb128 0x8
 698 0075 3A       		.uleb128 0x3a
ARM GAS  C:\Users\GREG~1.PHI\AppData\Local\Temp\ccQtfTVy.s 			page 16


 699 0076 0B       		.uleb128 0xb
 700 0077 3B       		.uleb128 0x3b
 701 0078 0B       		.uleb128 0xb
 702 0079 49       		.uleb128 0x49
 703 007a 13       		.uleb128 0x13
 704 007b 02       		.uleb128 0x2
 705 007c 18       		.uleb128 0x18
 706 007d 00       		.byte	0
 707 007e 00       		.byte	0
 708 007f 09       		.uleb128 0x9
 709 0080 01       		.uleb128 0x1
 710 0081 01       		.byte	0x1
 711 0082 49       		.uleb128 0x49
 712 0083 13       		.uleb128 0x13
 713 0084 01       		.uleb128 0x1
 714 0085 13       		.uleb128 0x13
 715 0086 00       		.byte	0
 716 0087 00       		.byte	0
 717 0088 0A       		.uleb128 0xa
 718 0089 21       		.uleb128 0x21
 719 008a 00       		.byte	0
 720 008b 49       		.uleb128 0x49
 721 008c 13       		.uleb128 0x13
 722 008d 2F       		.uleb128 0x2f
 723 008e 0B       		.uleb128 0xb
 724 008f 00       		.byte	0
 725 0090 00       		.byte	0
 726 0091 0B       		.uleb128 0xb
 727 0092 26       		.uleb128 0x26
 728 0093 00       		.byte	0
 729 0094 49       		.uleb128 0x49
 730 0095 13       		.uleb128 0x13
 731 0096 00       		.byte	0
 732 0097 00       		.byte	0
 733 0098 00       		.byte	0
 734              		.section	.debug_aranges,"",%progbits
 735 0000 24000000 		.4byte	0x24
 736 0004 0200     		.2byte	0x2
 737 0006 00000000 		.4byte	.Ldebug_info0
 738 000a 04       		.byte	0x4
 739 000b 00       		.byte	0
 740 000c 0000     		.2byte	0
 741 000e 0000     		.2byte	0
 742 0010 00000000 		.4byte	.LFB1
 743 0014 94000000 		.4byte	.LFE1-.LFB1
 744 0018 00000000 		.4byte	.LFB2
 745 001c 8C010000 		.4byte	.LFE2-.LFB2
 746 0020 00000000 		.4byte	0
 747 0024 00000000 		.4byte	0
 748              		.section	.debug_ranges,"",%progbits
 749              	.Ldebug_ranges0:
 750 0000 00000000 		.4byte	.LFB1
 751 0004 94000000 		.4byte	.LFE1
 752 0008 00000000 		.4byte	.LFB2
 753 000c 8C010000 		.4byte	.LFE2
 754 0010 00000000 		.4byte	0
 755 0014 00000000 		.4byte	0
ARM GAS  C:\Users\GREG~1.PHI\AppData\Local\Temp\ccQtfTVy.s 			page 17


 756              		.section	.debug_line,"",%progbits
 757              	.Ldebug_line0:
 758 0000 A1000000 		.section	.debug_str,"MS",%progbits,1
 758      02004000 
 758      00000201 
 758      FB0E0D00 
 758      01010101 
 759              	.LASF15:
 760 0000 75696E74 		.ascii	"uint64\000"
 760      363400
 761              	.LASF3:
 762 0007 73686F72 		.ascii	"short unsigned int\000"
 762      7420756E 
 762      7369676E 
 762      65642069 
 762      6E7400
 763              	.LASF12:
 764 001a 666C6F61 		.ascii	"float\000"
 764      7400
 765              	.LASF1:
 766 0020 756E7369 		.ascii	"unsigned char\000"
 766      676E6564 
 766      20636861 
 766      7200
 767              	.LASF5:
 768 002e 6C6F6E67 		.ascii	"long unsigned int\000"
 768      20756E73 
 768      69676E65 
 768      6420696E 
 768      7400
 769              	.LASF23:
 770 0040 74656D70 		.ascii	"temp\000"
 770      00
 771              	.LASF11:
 772 0045 696E7433 		.ascii	"int32\000"
 772      3200
 773              	.LASF13:
 774 004b 646F7562 		.ascii	"double\000"
 774      6C6500
 775              	.LASF18:
 776 0052 5254445F 		.ascii	"RTD_MultShift24\000"
 776      4D756C74 
 776      53686966 
 776      74323400 
 777              	.LASF24:
 778 0062 474E5520 		.ascii	"GNU C 4.9.3 20150303 (release) [ARM/embedded-4_9-br"
 778      4320342E 
 778      392E3320 
 778      32303135 
 778      30333033 
 779 0095 616E6368 		.ascii	"anch revision 221220] -mcpu=cortex-m0 -mthumb -g -O"
 779      20726576 
 779      6973696F 
 779      6E203232 
 779      31323230 
 780 00c8 30202D66 		.ascii	"0 -ffunction-sections -ffat-lto-objects\000"
 780      66756E63 
ARM GAS  C:\Users\GREG~1.PHI\AppData\Local\Temp\ccQtfTVy.s 			page 18


 780      74696F6E 
 780      2D736563 
 780      74696F6E 
 781              	.LASF10:
 782 00f0 75696E74 		.ascii	"uint32\000"
 782      333200
 783              	.LASF8:
 784 00f7 756E7369 		.ascii	"unsigned int\000"
 784      676E6564 
 784      20696E74 
 784      00
 785              	.LASF7:
 786 0104 6C6F6E67 		.ascii	"long long unsigned int\000"
 786      206C6F6E 
 786      6720756E 
 786      7369676E 
 786      65642069 
 787              	.LASF25:
 788 011b 47656E65 		.ascii	"Generated_Source\\PSoC4\\RTD.c\000"
 788      72617465 
 788      645F536F 
 788      75726365 
 788      5C50536F 
 789              	.LASF22:
 790 0138 5254445F 		.ascii	"RTD_coeffNeg\000"
 790      636F6566 
 790      664E6567 
 790      00
 791              	.LASF17:
 792 0145 73697A65 		.ascii	"sizetype\000"
 792      74797065 
 792      00
 793              	.LASF6:
 794 014e 6C6F6E67 		.ascii	"long long int\000"
 794      206C6F6E 
 794      6720696E 
 794      7400
 795              	.LASF21:
 796 015c 5254445F 		.ascii	"RTD_coeffPos\000"
 796      636F6566 
 796      66506F73 
 796      00
 797              	.LASF16:
 798 0169 63686172 		.ascii	"char\000"
 798      00
 799              	.LASF26:
 800 016e 443A5C44 		.ascii	"D:\\Dropbox\\IoT Development\\Cypress PSoC Developm"
 800      726F7062 
 800      6F785C49 
 800      6F542044 
 800      6576656C 
 801 019e 656E745C 		.ascii	"ent\\RTD Design.cydsn\000"
 801      52544420 
 801      44657369 
 801      676E2E63 
 801      7964736E 
 802              	.LASF2:
ARM GAS  C:\Users\GREG~1.PHI\AppData\Local\Temp\ccQtfTVy.s 			page 19


 803 01b3 73686F72 		.ascii	"short int\000"
 803      7420696E 
 803      7400
 804              	.LASF9:
 805 01bd 75696E74 		.ascii	"uint8\000"
 805      3800
 806              	.LASF19:
 807 01c3 5254445F 		.ascii	"RTD_GetTemperature\000"
 807      47657454 
 807      656D7065 
 807      72617475 
 807      726500
 808              	.LASF4:
 809 01d6 6C6F6E67 		.ascii	"long int\000"
 809      20696E74 
 809      00
 810              	.LASF0:
 811 01df 7369676E 		.ascii	"signed char\000"
 811      65642063 
 811      68617200 
 812              	.LASF20:
 813 01eb 72657375 		.ascii	"result\000"
 813      6C7400
 814              	.LASF14:
 815 01f2 696E7436 		.ascii	"int64\000"
 815      3400
 816              		.ident	"GCC: (GNU Tools for ARM Embedded Processors) 4.9.3 20150303 (release) [ARM/embedded-4_9-br
